[0.103s] Invoking command in '/home/mazen/course_ws/src/build/serial': CMAKE_PREFIX_PATH=/opt/ros/foxy /usr/bin/cmake --build /home/mazen/course_ws/src/build/serial -- -j8 -l8
[0.375s] [ 14%] Built target gtest_main
[0.386s] [ 28%] Built target gtest
[0.386s] [ 57%] Built target serial
[0.556s] [ 71%] Built target serial-test
[0.624s] [ 92%] Built target serial-test-timer
[0.625s] [100%] Built target serial_example
[0.656s] Invoked command in '/home/mazen/course_ws/src/build/serial' returned '0': CMAKE_PREFIX_PATH=/opt/ros/foxy /usr/bin/cmake --build /home/mazen/course_ws/src/build/serial -- -j8 -l8
[0.701s] Invoking command in '/home/mazen/course_ws/src/build/serial': CMAKE_PREFIX_PATH=/opt/ros/foxy /usr/bin/cmake --install /home/mazen/course_ws/src/build/serial
[0.725s] -- Install configuration: ""
[0.740s] -- Execute custom install script
[0.756s] -- Up-to-date symlink: /home/mazen/course_ws/src/install/serial/lib/libserial.a
[0.757s] -- Up-to-date symlink: /home/mazen/course_ws/src/install/serial/include/serial/serial.h
[0.757s] -- Up-to-date symlink: /home/mazen/course_ws/src/install/serial/include/serial/v8stdint.h
[0.759s] -- Up-to-date symlink: /home/mazen/course_ws/src/install/serial/share/serial/environment/library_path.sh
[0.760s] -- Up-to-date symlink: /home/mazen/course_ws/src/install/serial/share/serial/environment/library_path.dsv
[0.762s] -- Up-to-date symlink: /home/mazen/course_ws/src/install/serial/share/ament_index/resource_index/package_run_dependencies/serial
[0.764s] -- Up-to-date symlink: /home/mazen/course_ws/src/install/serial/share/ament_index/resource_index/parent_prefix_path/serial
[0.765s] -- Up-to-date symlink: /home/mazen/course_ws/src/install/serial/share/serial/environment/ament_prefix_path.sh
[0.767s] -- Up-to-date symlink: /home/mazen/course_ws/src/install/serial/share/serial/environment/ament_prefix_path.dsv
[0.769s] -- Up-to-date symlink: /home/mazen/course_ws/src/install/serial/share/serial/environment/path.sh
[0.771s] -- Up-to-date symlink: /home/mazen/course_ws/src/install/serial/share/serial/environment/path.dsv
[0.772s] -- Up-to-date symlink: /home/mazen/course_ws/src/install/serial/share/serial/local_setup.bash
[0.774s] -- Up-to-date symlink: /home/mazen/course_ws/src/install/serial/share/serial/local_setup.sh
[0.775s] -- Up-to-date symlink: /home/mazen/course_ws/src/install/serial/share/serial/local_setup.zsh
[0.776s] -- Up-to-date symlink: /home/mazen/course_ws/src/install/serial/share/serial/local_setup.dsv
[0.777s] -- Symlinking: /home/mazen/course_ws/src/install/serial/share/serial/package.dsv
[0.813s] -- Up-to-date symlink: /home/mazen/course_ws/src/install/serial/share/ament_index/resource_index/packages/serial
[0.814s] -- Up-to-date symlink: /home/mazen/course_ws/src/install/serial/share/serial/cmake/ament_cmake_export_include_directories-extras.cmake
[0.816s] -- Up-to-date symlink: /home/mazen/course_ws/src/install/serial/share/serial/cmake/ament_cmake_export_libraries-extras.cmake
[0.818s] -- Up-to-date symlink: /home/mazen/course_ws/src/install/serial/share/serial/cmake/serialConfig.cmake
[0.819s] -- Up-to-date symlink: /home/mazen/course_ws/src/install/serial/share/serial/cmake/serialConfig-version.cmake
[0.823s] -- Up-to-date symlink: /home/mazen/course_ws/src/install/serial/share/serial/package.xml
[0.841s] Invoked command in '/home/mazen/course_ws/src/build/serial' returned '0': CMAKE_PREFIX_PATH=/opt/ros/foxy /usr/bin/cmake --install /home/mazen/course_ws/src/build/serial
