-- Found ament_cmake: 0.9.12 (/opt/ros/foxy/share/ament_cmake/cmake)
-- Using PYTHON_EXECUTABLE: /usr/bin/python3
-- Override CMake install command with custom implementation using symlinks instead of copying resources
-- Found rclcpp: 2.4.3 (/opt/ros/foxy/share/rclcpp/cmake)
-- Using all available rosidl_typesupport_c: rosidl_typesupport_fastrtps_c;rosidl_typesupport_introspection_c
-- Found rosidl_adapter: 1.3.1 (/opt/ros/foxy/share/rosidl_adapter/cmake)
-- Using all available rosidl_typesupport_cpp: rosidl_typesupport_fastrtps_cpp;rosidl_typesupport_introspection_cpp
-- Found rmw_implementation_cmake: 1.0.4 (/opt/ros/foxy/share/rmw_implementation_cmake/cmake)
-- Using RMW implementation 'rmw_fastrtps_cpp' as default
-- Found geometry_msgs: 2.0.5 (/opt/ros/foxy/share/geometry_msgs/cmake)
-- Found ament_lint_auto: 0.9.8 (/opt/ros/foxy/share/ament_lint_auto/cmake)
-- Added test 'copyright' to check source files copyright and LICENSE
-- Added test 'cppcheck' to perform static code analysis on C / C++ code
-- Configured cppcheck include dirs: 
-- Configured cppcheck exclude dirs and/or files: 
-- Added test 'cpplint' to check C / C++ code against the Google style
-- Configured cpplint exclude dirs and/or files: 
-- Added test 'flake8' to check Python code syntax and style conventions
-- Added test 'lint_cmake' to check CMake code style
-- Added test 'pep257' to check Python code against some of the style conventions in PEP 257
-- Added test 'uncrustify' to check C / C++ code style
-- Configured uncrustify additional arguments: 
-- Added test 'xmllint' to check XML markup files
-- Configuring done
-- Generating done
-- Build files have been written to: /home/mazen/course_ws/src/build/diff_bot
[35m[1mScanning dependencies of target cmd_vel_mapper[0m
[ 50%] [32mBuilding CXX object CMakeFiles/cmd_vel_mapper.dir/src/cmd_vel_mapper.cpp.o[0m
[100%] [32m[1mLinking CXX executable cmd_vel_mapper[0m
[100%] Built target cmd_vel_mapper
-- Install configuration: ""
-- Execute custom install script
-- Symlinking: /home/mazen/course_ws/src/install/diff_bot/lib/diff_bot/cmd_vel_mapper
-- Up-to-date symlink: /home/mazen/course_ws/src/install/diff_bot/share/diff_bot/urdf/chassis.xacro
-- Up-to-date symlink: /home/mazen/course_ws/src/install/diff_bot/share/diff_bot/urdf/control.xacro
-- Up-to-date symlink: /home/mazen/course_ws/src/install/diff_bot/share/diff_bot/urdf/gazebo_control.xacro
-- Up-to-date symlink: /home/mazen/course_ws/src/install/diff_bot/share/diff_bot/urdf/inertial_macros.xacro
-- Symlinking: /home/mazen/course_ws/src/install/diff_bot/share/diff_bot/urdf/lidar.xacro
-- Up-to-date symlink: /home/mazen/course_ws/src/install/diff_bot/share/diff_bot/urdf/robot.urdf.xacro
-- Up-to-date symlink: /home/mazen/course_ws/src/install/diff_bot/share/diff_bot/launch/robot.launch.py
-- Up-to-date symlink: /home/mazen/course_ws/src/install/diff_bot/share/diff_bot/launch/rsp.launch.py
-- Up-to-date symlink: /home/mazen/course_ws/src/install/diff_bot/share/diff_bot/launch/simulation.launch.py
-- Symlinking: /home/mazen/course_ws/src/install/diff_bot/share/diff_bot/config/diff_drive_controller.yaml
-- Symlinking: /home/mazen/course_ws/src/install/diff_bot/share/diff_bot/worlds/my_env/model.config
-- Symlinking: /home/mazen/course_ws/src/install/diff_bot/share/diff_bot/worlds/my_env/model.sdf
-- Symlinking: /home/mazen/course_ws/src/install/diff_bot/share/diff_bot/worlds/sim_world.world
-- Symlinking: /home/mazen/course_ws/src/install/diff_bot/share/diff_bot/worlds/warehouse.world
-- Symlinking: /home/mazen/course_ws/src/install/diff_bot/share/diff_bot/rviz/show_robot.rviz
-- Symlinking: /home/mazen/course_ws/src/install/diff_bot/share/diff_bot/src/cmd_vel_mapper.cpp
-- Up-to-date symlink: /home/mazen/course_ws/src/install/diff_bot/share/ament_index/resource_index/package_run_dependencies/diff_bot
-- Up-to-date symlink: /home/mazen/course_ws/src/install/diff_bot/share/ament_index/resource_index/parent_prefix_path/diff_bot
-- Up-to-date symlink: /home/mazen/course_ws/src/install/diff_bot/share/diff_bot/environment/ament_prefix_path.sh
-- Up-to-date symlink: /home/mazen/course_ws/src/install/diff_bot/share/diff_bot/environment/ament_prefix_path.dsv
-- Up-to-date symlink: /home/mazen/course_ws/src/install/diff_bot/share/diff_bot/environment/path.sh
-- Up-to-date symlink: /home/mazen/course_ws/src/install/diff_bot/share/diff_bot/environment/path.dsv
-- Up-to-date symlink: /home/mazen/course_ws/src/install/diff_bot/share/diff_bot/local_setup.bash
-- Up-to-date symlink: /home/mazen/course_ws/src/install/diff_bot/share/diff_bot/local_setup.sh
-- Up-to-date symlink: /home/mazen/course_ws/src/install/diff_bot/share/diff_bot/local_setup.zsh
-- Up-to-date symlink: /home/mazen/course_ws/src/install/diff_bot/share/diff_bot/local_setup.dsv
-- Symlinking: /home/mazen/course_ws/src/install/diff_bot/share/diff_bot/package.dsv
-- Up-to-date symlink: /home/mazen/course_ws/src/install/diff_bot/share/ament_index/resource_index/packages/diff_bot
-- Up-to-date symlink: /home/mazen/course_ws/src/install/diff_bot/share/diff_bot/cmake/diff_botConfig.cmake
-- Up-to-date symlink: /home/mazen/course_ws/src/install/diff_bot/share/diff_bot/cmake/diff_botConfig-version.cmake
-- Up-to-date symlink: /home/mazen/course_ws/src/install/diff_bot/share/diff_bot/package.xml
