[0.236s] Invoking command in '/home/mazen/course_ws/src/build/rplidar_ros': CMAKE_PREFIX_PATH=/opt/ros/foxy /usr/bin/cmake --build /home/mazen/course_ws/src/build/rplidar_ros -- -j8 -l8
[0.635s] [ 38%] Built target rplidar_composition_node
[0.641s] [ 77%] Built target rplidarNode
[0.649s] [ 88%] Built target rplidarNodeClient
[0.888s] [100%] Built target rplidar_composition
[0.909s] Invoked command in '/home/mazen/course_ws/src/build/rplidar_ros' returned '0': CMAKE_PREFIX_PATH=/opt/ros/foxy /usr/bin/cmake --build /home/mazen/course_ws/src/build/rplidar_ros -- -j8 -l8
[1.020s] Invoking command in '/home/mazen/course_ws/src/build/rplidar_ros': CMAKE_PREFIX_PATH=/opt/ros/foxy /usr/bin/cmake --install /home/mazen/course_ws/src/build/rplidar_ros
[1.097s] -- Install configuration: ""
[1.131s] -- Execute custom install script
[1.182s] -- Up-to-date symlink: /home/mazen/course_ws/src/install/rplidar_ros/lib/rplidar_ros/rplidarNode
[1.182s] -- Up-to-date symlink: /home/mazen/course_ws/src/install/rplidar_ros/lib/rplidar_ros/rplidarNodeClient
[1.182s] -- Up-to-date symlink: /home/mazen/course_ws/src/install/rplidar_ros/lib/rplidar_ros/rplidar_composition
[1.183s] -- Up-to-date symlink: /home/mazen/course_ws/src/install/rplidar_ros/share/rplidar_ros/launch/rplidar.launch.py
[1.183s] -- Up-to-date symlink: /home/mazen/course_ws/src/install/rplidar_ros/share/rplidar_ros/launch/rplidar_a3.launch.py
[1.183s] -- Up-to-date symlink: /home/mazen/course_ws/src/install/rplidar_ros/share/rplidar_ros/launch/rplidar_s1.launch.py
[1.183s] -- Up-to-date symlink: /home/mazen/course_ws/src/install/rplidar_ros/share/rplidar_ros/launch/rplidar_s1_tcp.launch.py
[1.183s] -- Up-to-date symlink: /home/mazen/course_ws/src/install/rplidar_ros/share/rplidar_ros/launch/test_rplidar.launch.py
[1.183s] -- Up-to-date symlink: /home/mazen/course_ws/src/install/rplidar_ros/share/rplidar_ros/launch/test_rplidar_a3.launch.py
[1.183s] -- Up-to-date symlink: /home/mazen/course_ws/src/install/rplidar_ros/share/rplidar_ros/launch/view_rplidar.launch.py
[1.184s] -- Up-to-date symlink: /home/mazen/course_ws/src/install/rplidar_ros/share/rplidar_ros/launch/view_rplidar_a3.launch.py
[1.184s] -- Up-to-date symlink: /home/mazen/course_ws/src/install/rplidar_ros/share/rplidar_ros/launch/view_rplidar_s1.launch.py
[1.184s] -- Up-to-date symlink: /home/mazen/course_ws/src/install/rplidar_ros/share/rplidar_ros/launch/view_rplidar_s1_tcp.launch.py
[1.184s] -- Up-to-date symlink: /home/mazen/course_ws/src/install/rplidar_ros/share/rplidar_ros/rviz/rplidar.rviz
[1.215s] -- Up-to-date symlink: /home/mazen/course_ws/src/install/rplidar_ros/lib/librplidar_composition_node.so
[1.215s] -- Up-to-date symlink: /home/mazen/course_ws/src/install/rplidar_ros/include/rplidar_node.hpp
[1.216s] -- Up-to-date symlink: /home/mazen/course_ws/src/install/rplidar_ros/include/visibility.h
[1.277s] -- Up-to-date symlink: /home/mazen/course_ws/src/install/rplidar_ros/lib/rplidar_ros/rplidarNode
[1.278s] -- Up-to-date symlink: /home/mazen/course_ws/src/install/rplidar_ros/lib/rplidar_ros/rplidarNodeClient
[1.279s] -- Up-to-date symlink: /home/mazen/course_ws/src/install/rplidar_ros/lib/rplidar_ros/rplidar_composition
[1.280s] -- Up-to-date symlink: /home/mazen/course_ws/src/install/rplidar_ros/share/ament_index/resource_index/package_run_dependencies/rplidar_ros
[1.282s] -- Up-to-date symlink: /home/mazen/course_ws/src/install/rplidar_ros/share/ament_index/resource_index/parent_prefix_path/rplidar_ros
[1.283s] -- Up-to-date symlink: /home/mazen/course_ws/src/install/rplidar_ros/share/rplidar_ros/environment/ament_prefix_path.sh
[1.284s] -- Up-to-date symlink: /home/mazen/course_ws/src/install/rplidar_ros/share/rplidar_ros/environment/ament_prefix_path.dsv
[1.286s] -- Up-to-date symlink: /home/mazen/course_ws/src/install/rplidar_ros/share/rplidar_ros/environment/path.sh
[1.287s] -- Up-to-date symlink: /home/mazen/course_ws/src/install/rplidar_ros/share/rplidar_ros/environment/path.dsv
[1.288s] -- Up-to-date symlink: /home/mazen/course_ws/src/install/rplidar_ros/share/rplidar_ros/local_setup.bash
[1.290s] -- Up-to-date symlink: /home/mazen/course_ws/src/install/rplidar_ros/share/rplidar_ros/local_setup.sh
[1.291s] -- Up-to-date symlink: /home/mazen/course_ws/src/install/rplidar_ros/share/rplidar_ros/local_setup.zsh
[1.292s] -- Up-to-date symlink: /home/mazen/course_ws/src/install/rplidar_ros/share/rplidar_ros/local_setup.dsv
[1.293s] -- Symlinking: /home/mazen/course_ws/src/install/rplidar_ros/share/rplidar_ros/package.dsv
[1.311s] -- Up-to-date symlink: /home/mazen/course_ws/src/install/rplidar_ros/share/ament_index/resource_index/packages/rplidar_ros
[1.311s] -- Up-to-date symlink: /home/mazen/course_ws/src/install/rplidar_ros/share/rplidar_ros/cmake/ament_cmake_export_dependencies-extras.cmake
[1.312s] -- Up-to-date symlink: /home/mazen/course_ws/src/install/rplidar_ros/share/rplidar_ros/cmake/ament_cmake_export_include_directories-extras.cmake
[1.312s] -- Up-to-date symlink: /home/mazen/course_ws/src/install/rplidar_ros/share/rplidar_ros/cmake/rplidar_rosConfig.cmake
[1.312s] -- Up-to-date symlink: /home/mazen/course_ws/src/install/rplidar_ros/share/rplidar_ros/cmake/rplidar_rosConfig-version.cmake
[1.313s] -- Up-to-date symlink: /home/mazen/course_ws/src/install/rplidar_ros/share/rplidar_ros/package.xml
[1.316s] Invoked command in '/home/mazen/course_ws/src/build/rplidar_ros' returned '0': CMAKE_PREFIX_PATH=/opt/ros/foxy /usr/bin/cmake --install /home/mazen/course_ws/src/build/rplidar_ros
