[0.165s] DEBUG:colcon:Command line arguments: ['/usr/bin/colcon', 'build', '--symlink-install']
[0.165s] DEBUG:colcon:Parsed command line arguments: Namespace(allow_overriding=[], ament_cmake_args=None, base_paths=['.'], build_base='build', catkin_cmake_args=None, catkin_skip_building_tests=False, cmake_args=None, cmake_clean_cache=False, cmake_clean_first=False, cmake_force_configure=False, cmake_target=None, cmake_target_skip_unavailable=False, continue_on_error=False, event_handlers=None, executor='parallel', ignore_user_meta=False, install_base='install', log_base=None, log_level=None, main=<bound method BuildVerb.main of <colcon_core.verb.build.BuildVerb object at 0x7f07bf8f1550>>, merge_install=False, metas=['./colcon.meta'], mixin=None, mixin_files=None, mixin_verb=('build',), packages_above=None, packages_above_and_dependencies=None, packages_above_depth=None, packages_end=None, packages_ignore=None, packages_ignore_regex=None, packages_select=None, packages_select_build_failed=False, packages_select_by_dep=None, packages_select_regex=None, packages_select_test_failures=False, packages_skip=None, packages_skip_build_finished=False, packages_skip_by_dep=None, packages_skip_regex=None, packages_skip_test_passed=False, packages_skip_up_to=None, packages_start=None, packages_up_to=None, packages_up_to_regex=None, parallel_workers=8, paths=None, symlink_install=True, test_result_base=None, verb_extension=<colcon_core.verb.build.BuildVerb object at 0x7f07bf8f1550>, verb_name='build', verb_parser=<colcon_mixin.mixin.mixin_argument.MixinArgumentDecorator object at 0x7f07bf851760>)
[0.295s] Level 1:colcon.colcon_core.package_discovery:discover_packages(colcon_meta) check parameters
[0.295s] Level 1:colcon.colcon_core.package_discovery:discover_packages(recursive) check parameters
[0.295s] Level 1:colcon.colcon_core.package_discovery:discover_packages(ignore) check parameters
[0.295s] Level 1:colcon.colcon_core.package_discovery:discover_packages(path) check parameters
[0.295s] Level 1:colcon.colcon_core.package_discovery:discover_packages(colcon_meta) discover
[0.295s] Level 1:colcon.colcon_core.package_discovery:discover_packages(recursive) discover
[0.295s] INFO:colcon.colcon_core.package_discovery:Crawling recursively for packages in '/home/mazen/course_ws/src'
[0.295s] Level 1:colcon.colcon_core.package_identification:_identify(.) by extensions ['ignore', 'ignore_ament_install']
[0.295s] Level 1:colcon.colcon_core.package_identification:_identify(.) by extension 'ignore'
[0.295s] Level 1:colcon.colcon_core.package_identification:_identify(.) by extension 'ignore_ament_install'
[0.295s] Level 1:colcon.colcon_core.package_identification:_identify(.) by extensions ['colcon_pkg']
[0.295s] Level 1:colcon.colcon_core.package_identification:_identify(.) by extension 'colcon_pkg'
[0.295s] Level 1:colcon.colcon_core.package_identification:_identify(.) by extensions ['colcon_meta']
[0.295s] Level 1:colcon.colcon_core.package_identification:_identify(.) by extension 'colcon_meta'
[0.295s] Level 1:colcon.colcon_core.package_identification:_identify(.) by extensions ['ros']
[0.296s] Level 1:colcon.colcon_core.package_identification:_identify(.) by extension 'ros'
[0.305s] Level 1:colcon.colcon_core.package_identification:_identify(.) by extensions ['cmake', 'python']
[0.305s] Level 1:colcon.colcon_core.package_identification:_identify(.) by extension 'cmake'
[0.306s] Level 1:colcon.colcon_core.package_identification:_identify(.) by extension 'python'
[0.306s] Level 1:colcon.colcon_core.package_identification:_identify(.) by extensions ['python_setup_py']
[0.306s] Level 1:colcon.colcon_core.package_identification:_identify(.) by extension 'python_setup_py'
[0.306s] Level 1:colcon.colcon_core.package_identification:_identify(build) by extensions ['ignore', 'ignore_ament_install']
[0.306s] Level 1:colcon.colcon_core.package_identification:_identify(build) by extension 'ignore'
[0.306s] Level 1:colcon.colcon_core.package_identification:_identify(build) ignored
[0.306s] Level 1:colcon.colcon_core.package_identification:_identify(diff_bot) by extensions ['ignore', 'ignore_ament_install']
[0.306s] Level 1:colcon.colcon_core.package_identification:_identify(diff_bot) by extension 'ignore'
[0.306s] Level 1:colcon.colcon_core.package_identification:_identify(diff_bot) by extension 'ignore_ament_install'
[0.306s] Level 1:colcon.colcon_core.package_identification:_identify(diff_bot) by extensions ['colcon_pkg']
[0.306s] Level 1:colcon.colcon_core.package_identification:_identify(diff_bot) by extension 'colcon_pkg'
[0.306s] Level 1:colcon.colcon_core.package_identification:_identify(diff_bot) by extensions ['colcon_meta']
[0.306s] Level 1:colcon.colcon_core.package_identification:_identify(diff_bot) by extension 'colcon_meta'
[0.306s] Level 1:colcon.colcon_core.package_identification:_identify(diff_bot) by extensions ['ros']
[0.306s] Level 1:colcon.colcon_core.package_identification:_identify(diff_bot) by extension 'ros'
[0.308s] DEBUG:colcon.colcon_core.package_identification:Package 'diff_bot' with type 'ros.ament_cmake' and name 'diff_bot'
[0.308s] Level 1:colcon.colcon_core.package_identification:_identify(install) by extensions ['ignore', 'ignore_ament_install']
[0.308s] Level 1:colcon.colcon_core.package_identification:_identify(install) by extension 'ignore'
[0.308s] Level 1:colcon.colcon_core.package_identification:_identify(install) ignored
[0.309s] Level 1:colcon.colcon_core.package_identification:_identify(log) by extensions ['ignore', 'ignore_ament_install']
[0.309s] Level 1:colcon.colcon_core.package_identification:_identify(log) by extension 'ignore'
[0.309s] Level 1:colcon.colcon_core.package_identification:_identify(log) ignored
[0.309s] Level 1:colcon.colcon_core.package_identification:_identify(ros2_control_diff_drive) by extensions ['ignore', 'ignore_ament_install']
[0.309s] Level 1:colcon.colcon_core.package_identification:_identify(ros2_control_diff_drive) by extension 'ignore'
[0.309s] Level 1:colcon.colcon_core.package_identification:_identify(ros2_control_diff_drive) by extension 'ignore_ament_install'
[0.309s] Level 1:colcon.colcon_core.package_identification:_identify(ros2_control_diff_drive) by extensions ['colcon_pkg']
[0.309s] Level 1:colcon.colcon_core.package_identification:_identify(ros2_control_diff_drive) by extension 'colcon_pkg'
[0.309s] Level 1:colcon.colcon_core.package_identification:_identify(ros2_control_diff_drive) by extensions ['colcon_meta']
[0.309s] Level 1:colcon.colcon_core.package_identification:_identify(ros2_control_diff_drive) by extension 'colcon_meta'
[0.309s] Level 1:colcon.colcon_core.package_identification:_identify(ros2_control_diff_drive) by extensions ['ros']
[0.309s] Level 1:colcon.colcon_core.package_identification:_identify(ros2_control_diff_drive) by extension 'ros'
[0.309s] Level 1:colcon.colcon_core.package_identification:_identify(ros2_control_diff_drive) by extensions ['cmake', 'python']
[0.309s] Level 1:colcon.colcon_core.package_identification:_identify(ros2_control_diff_drive) by extension 'cmake'
[0.309s] Level 1:colcon.colcon_core.package_identification:_identify(ros2_control_diff_drive) by extension 'python'
[0.309s] Level 1:colcon.colcon_core.package_identification:_identify(ros2_control_diff_drive) by extensions ['python_setup_py']
[0.309s] Level 1:colcon.colcon_core.package_identification:_identify(ros2_control_diff_drive) by extension 'python_setup_py'
[0.309s] Level 1:colcon.colcon_core.package_identification:_identify(ros2_control_diff_drive/diffdrive) by extensions ['ignore', 'ignore_ament_install']
[0.309s] Level 1:colcon.colcon_core.package_identification:_identify(ros2_control_diff_drive/diffdrive) by extension 'ignore'
[0.309s] Level 1:colcon.colcon_core.package_identification:_identify(ros2_control_diff_drive/diffdrive) by extension 'ignore_ament_install'
[0.310s] Level 1:colcon.colcon_core.package_identification:_identify(ros2_control_diff_drive/diffdrive) by extensions ['colcon_pkg']
[0.310s] Level 1:colcon.colcon_core.package_identification:_identify(ros2_control_diff_drive/diffdrive) by extension 'colcon_pkg'
[0.310s] Level 1:colcon.colcon_core.package_identification:_identify(ros2_control_diff_drive/diffdrive) by extensions ['colcon_meta']
[0.310s] Level 1:colcon.colcon_core.package_identification:_identify(ros2_control_diff_drive/diffdrive) by extension 'colcon_meta'
[0.310s] Level 1:colcon.colcon_core.package_identification:_identify(ros2_control_diff_drive/diffdrive) by extensions ['ros']
[0.310s] Level 1:colcon.colcon_core.package_identification:_identify(ros2_control_diff_drive/diffdrive) by extension 'ros'
[0.310s] DEBUG:colcon.colcon_core.package_identification:Package 'ros2_control_diff_drive/diffdrive' with type 'ros.ament_cmake' and name 'diffdrive_arduino'
[0.310s] Level 1:colcon.colcon_core.package_identification:_identify(ros2_control_diff_drive/doc) by extensions ['ignore', 'ignore_ament_install']
[0.310s] Level 1:colcon.colcon_core.package_identification:_identify(ros2_control_diff_drive/doc) by extension 'ignore'
[0.311s] Level 1:colcon.colcon_core.package_identification:_identify(ros2_control_diff_drive/doc) by extension 'ignore_ament_install'
[0.311s] Level 1:colcon.colcon_core.package_identification:_identify(ros2_control_diff_drive/doc) by extensions ['colcon_pkg']
[0.311s] Level 1:colcon.colcon_core.package_identification:_identify(ros2_control_diff_drive/doc) by extension 'colcon_pkg'
[0.311s] Level 1:colcon.colcon_core.package_identification:_identify(ros2_control_diff_drive/doc) by extensions ['colcon_meta']
[0.311s] Level 1:colcon.colcon_core.package_identification:_identify(ros2_control_diff_drive/doc) by extension 'colcon_meta'
[0.311s] Level 1:colcon.colcon_core.package_identification:_identify(ros2_control_diff_drive/doc) by extensions ['ros']
[0.311s] Level 1:colcon.colcon_core.package_identification:_identify(ros2_control_diff_drive/doc) by extension 'ros'
[0.311s] Level 1:colcon.colcon_core.package_identification:_identify(ros2_control_diff_drive/doc) by extensions ['cmake', 'python']
[0.311s] Level 1:colcon.colcon_core.package_identification:_identify(ros2_control_diff_drive/doc) by extension 'cmake'
[0.311s] Level 1:colcon.colcon_core.package_identification:_identify(ros2_control_diff_drive/doc) by extension 'python'
[0.311s] Level 1:colcon.colcon_core.package_identification:_identify(ros2_control_diff_drive/doc) by extensions ['python_setup_py']
[0.311s] Level 1:colcon.colcon_core.package_identification:_identify(ros2_control_diff_drive/doc) by extension 'python_setup_py'
[0.311s] Level 1:colcon.colcon_core.package_identification:_identify(ros_arduino_bridge) by extensions ['ignore', 'ignore_ament_install']
[0.311s] Level 1:colcon.colcon_core.package_identification:_identify(ros_arduino_bridge) by extension 'ignore'
[0.311s] Level 1:colcon.colcon_core.package_identification:_identify(ros_arduino_bridge) by extension 'ignore_ament_install'
[0.311s] Level 1:colcon.colcon_core.package_identification:_identify(ros_arduino_bridge) by extensions ['colcon_pkg']
[0.311s] Level 1:colcon.colcon_core.package_identification:_identify(ros_arduino_bridge) by extension 'colcon_pkg'
[0.311s] Level 1:colcon.colcon_core.package_identification:_identify(ros_arduino_bridge) by extensions ['colcon_meta']
[0.311s] Level 1:colcon.colcon_core.package_identification:_identify(ros_arduino_bridge) by extension 'colcon_meta'
[0.311s] Level 1:colcon.colcon_core.package_identification:_identify(ros_arduino_bridge) by extensions ['ros']
[0.311s] Level 1:colcon.colcon_core.package_identification:_identify(ros_arduino_bridge) by extension 'ros'
[0.311s] Level 1:colcon.colcon_core.package_identification:_identify(ros_arduino_bridge) by extensions ['cmake', 'python']
[0.311s] Level 1:colcon.colcon_core.package_identification:_identify(ros_arduino_bridge) by extension 'cmake'
[0.311s] Level 1:colcon.colcon_core.package_identification:_identify(ros_arduino_bridge) by extension 'python'
[0.312s] Level 1:colcon.colcon_core.package_identification:_identify(ros_arduino_bridge) by extensions ['python_setup_py']
[0.312s] Level 1:colcon.colcon_core.package_identification:_identify(ros_arduino_bridge) by extension 'python_setup_py'
[0.312s] Level 1:colcon.colcon_core.package_identification:_identify(ros_arduino_bridge/ROSArduinoBridge) by extensions ['ignore', 'ignore_ament_install']
[0.312s] Level 1:colcon.colcon_core.package_identification:_identify(ros_arduino_bridge/ROSArduinoBridge) by extension 'ignore'
[0.312s] Level 1:colcon.colcon_core.package_identification:_identify(ros_arduino_bridge/ROSArduinoBridge) by extension 'ignore_ament_install'
[0.312s] Level 1:colcon.colcon_core.package_identification:_identify(ros_arduino_bridge/ROSArduinoBridge) by extensions ['colcon_pkg']
[0.312s] Level 1:colcon.colcon_core.package_identification:_identify(ros_arduino_bridge/ROSArduinoBridge) by extension 'colcon_pkg'
[0.312s] Level 1:colcon.colcon_core.package_identification:_identify(ros_arduino_bridge/ROSArduinoBridge) by extensions ['colcon_meta']
[0.312s] Level 1:colcon.colcon_core.package_identification:_identify(ros_arduino_bridge/ROSArduinoBridge) by extension 'colcon_meta'
[0.312s] Level 1:colcon.colcon_core.package_identification:_identify(ros_arduino_bridge/ROSArduinoBridge) by extensions ['ros']
[0.312s] Level 1:colcon.colcon_core.package_identification:_identify(ros_arduino_bridge/ROSArduinoBridge) by extension 'ros'
[0.312s] Level 1:colcon.colcon_core.package_identification:_identify(ros_arduino_bridge/ROSArduinoBridge) by extensions ['cmake', 'python']
[0.312s] Level 1:colcon.colcon_core.package_identification:_identify(ros_arduino_bridge/ROSArduinoBridge) by extension 'cmake'
[0.312s] Level 1:colcon.colcon_core.package_identification:_identify(ros_arduino_bridge/ROSArduinoBridge) by extension 'python'
[0.312s] Level 1:colcon.colcon_core.package_identification:_identify(ros_arduino_bridge/ROSArduinoBridge) by extensions ['python_setup_py']
[0.312s] Level 1:colcon.colcon_core.package_identification:_identify(ros_arduino_bridge/ROSArduinoBridge) by extension 'python_setup_py'
[0.312s] Level 1:colcon.colcon_core.package_identification:_identify(rplidar_ros2) by extensions ['ignore', 'ignore_ament_install']
[0.312s] Level 1:colcon.colcon_core.package_identification:_identify(rplidar_ros2) by extension 'ignore'
[0.312s] Level 1:colcon.colcon_core.package_identification:_identify(rplidar_ros2) by extension 'ignore_ament_install'
[0.312s] Level 1:colcon.colcon_core.package_identification:_identify(rplidar_ros2) by extensions ['colcon_pkg']
[0.312s] Level 1:colcon.colcon_core.package_identification:_identify(rplidar_ros2) by extension 'colcon_pkg'
[0.312s] Level 1:colcon.colcon_core.package_identification:_identify(rplidar_ros2) by extensions ['colcon_meta']
[0.312s] Level 1:colcon.colcon_core.package_identification:_identify(rplidar_ros2) by extension 'colcon_meta'
[0.313s] Level 1:colcon.colcon_core.package_identification:_identify(rplidar_ros2) by extensions ['ros']
[0.313s] Level 1:colcon.colcon_core.package_identification:_identify(rplidar_ros2) by extension 'ros'
[0.313s] DEBUG:colcon.colcon_core.package_identification:Package 'rplidar_ros2' with type 'ros.ament_cmake' and name 'rplidar_ros'
[0.313s] Level 1:colcon.colcon_core.package_identification:_identify(serial) by extensions ['ignore', 'ignore_ament_install']
[0.313s] Level 1:colcon.colcon_core.package_identification:_identify(serial) by extension 'ignore'
[0.313s] Level 1:colcon.colcon_core.package_identification:_identify(serial) by extension 'ignore_ament_install'
[0.313s] Level 1:colcon.colcon_core.package_identification:_identify(serial) by extensions ['colcon_pkg']
[0.313s] Level 1:colcon.colcon_core.package_identification:_identify(serial) by extension 'colcon_pkg'
[0.313s] Level 1:colcon.colcon_core.package_identification:_identify(serial) by extensions ['colcon_meta']
[0.313s] Level 1:colcon.colcon_core.package_identification:_identify(serial) by extension 'colcon_meta'
[0.313s] Level 1:colcon.colcon_core.package_identification:_identify(serial) by extensions ['ros']
[0.313s] Level 1:colcon.colcon_core.package_identification:_identify(serial) by extension 'ros'
[0.314s] DEBUG:colcon.colcon_core.package_identification:Package 'serial' with type 'ros.ament_cmake' and name 'serial'
[0.314s] Level 1:colcon.colcon_core.package_discovery:discover_packages(recursive) using defaults
[0.314s] Level 1:colcon.colcon_core.package_discovery:discover_packages(ignore) discover
[0.314s] Level 1:colcon.colcon_core.package_discovery:discover_packages(ignore) using defaults
[0.314s] Level 1:colcon.colcon_core.package_discovery:discover_packages(path) discover
[0.314s] Level 1:colcon.colcon_core.package_discovery:discover_packages(path) using defaults
[0.327s] Level 1:colcon.colcon_core.package_discovery:discover_packages(prefix_path) check parameters
[0.327s] Level 1:colcon.colcon_core.package_discovery:discover_packages(prefix_path) discover
[0.328s] DEBUG:colcon.colcon_installed_package_information.package_discovery:Found 3 installed packages in /home/mazen/course_ws/install
[0.329s] DEBUG:colcon.colcon_installed_package_information.package_discovery:Found 319 installed packages in /opt/ros/foxy
[0.339s] Level 1:colcon.colcon_core.package_discovery:discover_packages(prefix_path) using defaults
[0.397s] Level 5:colcon.colcon_core.verb:set package 'diff_bot' build argument 'cmake_args' from command line to 'None'
[0.397s] Level 5:colcon.colcon_core.verb:set package 'diff_bot' build argument 'cmake_target' from command line to 'None'
[0.397s] Level 5:colcon.colcon_core.verb:set package 'diff_bot' build argument 'cmake_target_skip_unavailable' from command line to 'False'
[0.397s] Level 5:colcon.colcon_core.verb:set package 'diff_bot' build argument 'cmake_clean_cache' from command line to 'False'
[0.397s] Level 5:colcon.colcon_core.verb:set package 'diff_bot' build argument 'cmake_clean_first' from command line to 'False'
[0.397s] Level 5:colcon.colcon_core.verb:set package 'diff_bot' build argument 'cmake_force_configure' from command line to 'False'
[0.397s] Level 5:colcon.colcon_core.verb:set package 'diff_bot' build argument 'ament_cmake_args' from command line to 'None'
[0.397s] Level 5:colcon.colcon_core.verb:set package 'diff_bot' build argument 'catkin_cmake_args' from command line to 'None'
[0.397s] Level 5:colcon.colcon_core.verb:set package 'diff_bot' build argument 'catkin_skip_building_tests' from command line to 'False'
[0.397s] DEBUG:colcon.colcon_core.verb:Building package 'diff_bot' with the following arguments: {'ament_cmake_args': None, 'build_base': '/home/mazen/course_ws/src/build/diff_bot', 'catkin_cmake_args': None, 'catkin_skip_building_tests': False, 'cmake_args': None, 'cmake_clean_cache': False, 'cmake_clean_first': False, 'cmake_force_configure': False, 'cmake_target': None, 'cmake_target_skip_unavailable': False, 'install_base': '/home/mazen/course_ws/src/install/diff_bot', 'merge_install': False, 'path': '/home/mazen/course_ws/src/diff_bot', 'symlink_install': True, 'test_result_base': None}
[0.397s] Level 5:colcon.colcon_core.verb:set package 'rplidar_ros' build argument 'cmake_args' from command line to 'None'
[0.397s] Level 5:colcon.colcon_core.verb:set package 'rplidar_ros' build argument 'cmake_target' from command line to 'None'
[0.397s] Level 5:colcon.colcon_core.verb:set package 'rplidar_ros' build argument 'cmake_target_skip_unavailable' from command line to 'False'
[0.397s] Level 5:colcon.colcon_core.verb:set package 'rplidar_ros' build argument 'cmake_clean_cache' from command line to 'False'
[0.397s] Level 5:colcon.colcon_core.verb:set package 'rplidar_ros' build argument 'cmake_clean_first' from command line to 'False'
[0.397s] Level 5:colcon.colcon_core.verb:set package 'rplidar_ros' build argument 'cmake_force_configure' from command line to 'False'
[0.397s] Level 5:colcon.colcon_core.verb:set package 'rplidar_ros' build argument 'ament_cmake_args' from command line to 'None'
[0.397s] Level 5:colcon.colcon_core.verb:set package 'rplidar_ros' build argument 'catkin_cmake_args' from command line to 'None'
[0.397s] Level 5:colcon.colcon_core.verb:set package 'rplidar_ros' build argument 'catkin_skip_building_tests' from command line to 'False'
[0.397s] DEBUG:colcon.colcon_core.verb:Building package 'rplidar_ros' with the following arguments: {'ament_cmake_args': None, 'build_base': '/home/mazen/course_ws/src/build/rplidar_ros', 'catkin_cmake_args': None, 'catkin_skip_building_tests': False, 'cmake_args': None, 'cmake_clean_cache': False, 'cmake_clean_first': False, 'cmake_force_configure': False, 'cmake_target': None, 'cmake_target_skip_unavailable': False, 'install_base': '/home/mazen/course_ws/src/install/rplidar_ros', 'merge_install': False, 'path': '/home/mazen/course_ws/src/rplidar_ros2', 'symlink_install': True, 'test_result_base': None}
[0.398s] Level 5:colcon.colcon_core.verb:set package 'serial' build argument 'cmake_args' from command line to 'None'
[0.398s] Level 5:colcon.colcon_core.verb:set package 'serial' build argument 'cmake_target' from command line to 'None'
[0.398s] Level 5:colcon.colcon_core.verb:set package 'serial' build argument 'cmake_target_skip_unavailable' from command line to 'False'
[0.398s] Level 5:colcon.colcon_core.verb:set package 'serial' build argument 'cmake_clean_cache' from command line to 'False'
[0.398s] Level 5:colcon.colcon_core.verb:set package 'serial' build argument 'cmake_clean_first' from command line to 'False'
[0.398s] Level 5:colcon.colcon_core.verb:set package 'serial' build argument 'cmake_force_configure' from command line to 'False'
[0.398s] Level 5:colcon.colcon_core.verb:set package 'serial' build argument 'ament_cmake_args' from command line to 'None'
[0.398s] Level 5:colcon.colcon_core.verb:set package 'serial' build argument 'catkin_cmake_args' from command line to 'None'
[0.398s] Level 5:colcon.colcon_core.verb:set package 'serial' build argument 'catkin_skip_building_tests' from command line to 'False'
[0.398s] DEBUG:colcon.colcon_core.verb:Building package 'serial' with the following arguments: {'ament_cmake_args': None, 'build_base': '/home/mazen/course_ws/src/build/serial', 'catkin_cmake_args': None, 'catkin_skip_building_tests': False, 'cmake_args': None, 'cmake_clean_cache': False, 'cmake_clean_first': False, 'cmake_force_configure': False, 'cmake_target': None, 'cmake_target_skip_unavailable': False, 'install_base': '/home/mazen/course_ws/src/install/serial', 'merge_install': False, 'path': '/home/mazen/course_ws/src/serial', 'symlink_install': True, 'test_result_base': None}
[0.398s] Level 5:colcon.colcon_core.verb:set package 'diffdrive_arduino' build argument 'cmake_args' from command line to 'None'
[0.398s] Level 5:colcon.colcon_core.verb:set package 'diffdrive_arduino' build argument 'cmake_target' from command line to 'None'
[0.398s] Level 5:colcon.colcon_core.verb:set package 'diffdrive_arduino' build argument 'cmake_target_skip_unavailable' from command line to 'False'
[0.398s] Level 5:colcon.colcon_core.verb:set package 'diffdrive_arduino' build argument 'cmake_clean_cache' from command line to 'False'
[0.398s] Level 5:colcon.colcon_core.verb:set package 'diffdrive_arduino' build argument 'cmake_clean_first' from command line to 'False'
[0.398s] Level 5:colcon.colcon_core.verb:set package 'diffdrive_arduino' build argument 'cmake_force_configure' from command line to 'False'
[0.398s] Level 5:colcon.colcon_core.verb:set package 'diffdrive_arduino' build argument 'ament_cmake_args' from command line to 'None'
[0.398s] Level 5:colcon.colcon_core.verb:set package 'diffdrive_arduino' build argument 'catkin_cmake_args' from command line to 'None'
[0.398s] Level 5:colcon.colcon_core.verb:set package 'diffdrive_arduino' build argument 'catkin_skip_building_tests' from command line to 'False'
[0.398s] DEBUG:colcon.colcon_core.verb:Building package 'diffdrive_arduino' with the following arguments: {'ament_cmake_args': None, 'build_base': '/home/mazen/course_ws/src/build/diffdrive_arduino', 'catkin_cmake_args': None, 'catkin_skip_building_tests': False, 'cmake_args': None, 'cmake_clean_cache': False, 'cmake_clean_first': False, 'cmake_force_configure': False, 'cmake_target': None, 'cmake_target_skip_unavailable': False, 'install_base': '/home/mazen/course_ws/src/install/diffdrive_arduino', 'merge_install': False, 'path': '/home/mazen/course_ws/src/ros2_control_diff_drive/diffdrive', 'symlink_install': True, 'test_result_base': None}
[0.399s] INFO:colcon.colcon_core.executor:Executing jobs using 'parallel' executor
[0.400s] DEBUG:colcon.colcon_parallel_executor.executor.parallel:run_until_complete
[0.400s] INFO:colcon.colcon_ros.task.ament_cmake.build:Building ROS package in '/home/mazen/course_ws/src/serial' with build type 'ament_cmake'
[0.400s] INFO:colcon.colcon_cmake.task.cmake.build:Building CMake package in '/home/mazen/course_ws/src/serial'
[0.401s] INFO:colcon.colcon_core.plugin_system:Skipping extension 'colcon_core.shell.bat': Not used on non-Windows systems
[0.402s] INFO:colcon.colcon_core.shell:Skip shell extension 'powershell' for command environment: Not usable outside of PowerShell
[0.402s] DEBUG:colcon.colcon_core.shell:Skip shell extension 'dsv' for command environment
[0.406s] INFO:colcon.colcon_ros.task.ament_cmake.build:Building ROS package in '/home/mazen/course_ws/src/diff_bot' with build type 'ament_cmake'
[0.406s] INFO:colcon.colcon_cmake.task.cmake.build:Building CMake package in '/home/mazen/course_ws/src/diff_bot'
[0.406s] INFO:colcon.colcon_core.shell:Skip shell extension 'powershell' for command environment: Not usable outside of PowerShell
[0.406s] DEBUG:colcon.colcon_core.shell:Skip shell extension 'dsv' for command environment
[0.411s] INFO:colcon.colcon_ros.task.ament_cmake.build:Building ROS package in '/home/mazen/course_ws/src/rplidar_ros2' with build type 'ament_cmake'
[0.411s] INFO:colcon.colcon_cmake.task.cmake.build:Building CMake package in '/home/mazen/course_ws/src/rplidar_ros2'
[0.411s] INFO:colcon.colcon_core.shell:Skip shell extension 'powershell' for command environment: Not usable outside of PowerShell
[0.412s] DEBUG:colcon.colcon_core.shell:Skip shell extension 'dsv' for command environment
[0.421s] DEBUG:colcon.colcon_core.event_handler.log_command:Invoking command in '/home/mazen/course_ws/src/build/serial': CMAKE_PREFIX_PATH=${CMAKE_PREFIX_PATH}:/opt/ros/foxy /usr/bin/cmake /home/mazen/course_ws/src/serial -DAMENT_CMAKE_SYMLINK_INSTALL=1 -DCMAKE_INSTALL_PREFIX=/home/mazen/course_ws/src/install/serial
[0.426s] DEBUG:colcon.colcon_core.event_handler.log_command:Invoking command in '/home/mazen/course_ws/src/build/diff_bot': CMAKE_PREFIX_PATH=${CMAKE_PREFIX_PATH}:/opt/ros/foxy /usr/bin/cmake /home/mazen/course_ws/src/diff_bot -DAMENT_CMAKE_SYMLINK_INSTALL=1 -DCMAKE_INSTALL_PREFIX=/home/mazen/course_ws/src/install/diff_bot
[0.432s] DEBUG:colcon.colcon_core.event_handler.log_command:Invoking command in '/home/mazen/course_ws/src/build/rplidar_ros': CMAKE_PREFIX_PATH=${CMAKE_PREFIX_PATH}:/opt/ros/foxy /usr/bin/cmake /home/mazen/course_ws/src/rplidar_ros2 -DAMENT_CMAKE_SYMLINK_INSTALL=1 -DCMAKE_INSTALL_PREFIX=/home/mazen/course_ws/src/install/rplidar_ros
[1.618s] DEBUG:colcon.colcon_core.event_handler.log_command:Invoked command in '/home/mazen/course_ws/src/build/serial' returned '0': CMAKE_PREFIX_PATH=${CMAKE_PREFIX_PATH}:/opt/ros/foxy /usr/bin/cmake /home/mazen/course_ws/src/serial -DAMENT_CMAKE_SYMLINK_INSTALL=1 -DCMAKE_INSTALL_PREFIX=/home/mazen/course_ws/src/install/serial
[1.619s] DEBUG:colcon.colcon_core.event_handler.log_command:Invoking command in '/home/mazen/course_ws/src/build/serial': CMAKE_PREFIX_PATH=${CMAKE_PREFIX_PATH}:/opt/ros/foxy /usr/bin/cmake --build /home/mazen/course_ws/src/build/serial -- -j8 -l8
[2.745s] DEBUG:colcon.colcon_core.event_handler.log_command:Invoked command in '/home/mazen/course_ws/src/build/diff_bot' returned '0': CMAKE_PREFIX_PATH=${CMAKE_PREFIX_PATH}:/opt/ros/foxy /usr/bin/cmake /home/mazen/course_ws/src/diff_bot -DAMENT_CMAKE_SYMLINK_INSTALL=1 -DCMAKE_INSTALL_PREFIX=/home/mazen/course_ws/src/install/diff_bot
[2.748s] DEBUG:colcon.colcon_core.event_handler.log_command:Invoking command in '/home/mazen/course_ws/src/build/diff_bot': CMAKE_PREFIX_PATH=${CMAKE_PREFIX_PATH}:/opt/ros/foxy /usr/bin/cmake --build /home/mazen/course_ws/src/build/diff_bot -- -j8 -l8
[2.831s] DEBUG:colcon.colcon_core.event_handler.log_command:Invoked command in '/home/mazen/course_ws/src/build/diff_bot' returned '0': CMAKE_PREFIX_PATH=${CMAKE_PREFIX_PATH}:/opt/ros/foxy /usr/bin/cmake --build /home/mazen/course_ws/src/build/diff_bot -- -j8 -l8
[2.894s] DEBUG:colcon.colcon_core.event_handler.log_command:Invoking command in '/home/mazen/course_ws/src/build/diff_bot': CMAKE_PREFIX_PATH=${CMAKE_PREFIX_PATH}:/opt/ros/foxy /usr/bin/cmake --install /home/mazen/course_ws/src/build/diff_bot
[3.289s] Level 1:colcon.colcon_core.environment:create_environment_scripts_only(diff_bot)
[3.293s] DEBUG:colcon.colcon_core.event_handler.log_command:Invoked command in '/home/mazen/course_ws/src/build/diff_bot' returned '0': CMAKE_PREFIX_PATH=${CMAKE_PREFIX_PATH}:/opt/ros/foxy /usr/bin/cmake --install /home/mazen/course_ws/src/build/diff_bot
[3.302s] Level 1:colcon.colcon_core.environment:checking '/home/mazen/course_ws/src/install/diff_bot' for CMake module files
[3.304s] Level 1:colcon.colcon_core.environment:checking '/home/mazen/course_ws/src/install/diff_bot' for CMake config files
[3.305s] Level 1:colcon.colcon_core.shell:create_environment_hook('diff_bot', 'cmake_prefix_path')
[3.306s] INFO:colcon.colcon_core.shell:Creating environment hook '/home/mazen/course_ws/src/install/diff_bot/share/diff_bot/hook/cmake_prefix_path.ps1'
[3.307s] INFO:colcon.colcon_core.shell:Creating environment descriptor '/home/mazen/course_ws/src/install/diff_bot/share/diff_bot/hook/cmake_prefix_path.dsv'
[3.309s] INFO:colcon.colcon_core.shell:Creating environment hook '/home/mazen/course_ws/src/install/diff_bot/share/diff_bot/hook/cmake_prefix_path.sh'
[3.311s] Level 1:colcon.colcon_core.environment:checking '/home/mazen/course_ws/src/install/diff_bot/bin'
[3.311s] Level 1:colcon.colcon_core.environment:checking '/home/mazen/course_ws/src/install/diff_bot/lib/pkgconfig/diff_bot.pc'
[3.312s] Level 1:colcon.colcon_core.environment:checking '/home/mazen/course_ws/src/install/diff_bot/lib/python3.8/site-packages'
[3.312s] Level 1:colcon.colcon_core.environment:checking '/home/mazen/course_ws/src/install/diff_bot/bin'
[3.312s] INFO:colcon.colcon_core.shell:Creating package script '/home/mazen/course_ws/src/install/diff_bot/share/diff_bot/package.ps1'
[3.314s] INFO:colcon.colcon_core.shell:Creating package descriptor '/home/mazen/course_ws/src/install/diff_bot/share/diff_bot/package.dsv'
[3.314s] INFO:colcon.colcon_core.shell:Creating package script '/home/mazen/course_ws/src/install/diff_bot/share/diff_bot/package.sh'
[3.315s] INFO:colcon.colcon_core.shell:Creating package script '/home/mazen/course_ws/src/install/diff_bot/share/diff_bot/package.bash'
[3.316s] INFO:colcon.colcon_core.shell:Creating package script '/home/mazen/course_ws/src/install/diff_bot/share/diff_bot/package.zsh'
[3.317s] Level 1:colcon.colcon_core.environment:create_file_with_runtime_dependencies(/home/mazen/course_ws/src/install/diff_bot/share/colcon-core/packages/diff_bot)
[3.323s] DEBUG:colcon.colcon_core.event_handler.log_command:Invoked command in '/home/mazen/course_ws/src/build/rplidar_ros' returned '0': CMAKE_PREFIX_PATH=${CMAKE_PREFIX_PATH}:/opt/ros/foxy /usr/bin/cmake /home/mazen/course_ws/src/rplidar_ros2 -DAMENT_CMAKE_SYMLINK_INSTALL=1 -DCMAKE_INSTALL_PREFIX=/home/mazen/course_ws/src/install/rplidar_ros
[3.327s] DEBUG:colcon.colcon_core.event_handler.log_command:Invoking command in '/home/mazen/course_ws/src/build/rplidar_ros': CMAKE_PREFIX_PATH=${CMAKE_PREFIX_PATH}:/opt/ros/foxy /usr/bin/cmake --build /home/mazen/course_ws/src/build/rplidar_ros -- -j8 -l8
[3.341s] Level 1:colcon.colcon_core.environment:create_environment_scripts_only(diff_bot)
[3.342s] Level 1:colcon.colcon_core.environment:checking '/home/mazen/course_ws/src/install/diff_bot' for CMake module files
[3.343s] Level 1:colcon.colcon_core.environment:checking '/home/mazen/course_ws/src/install/diff_bot' for CMake config files
[3.343s] Level 1:colcon.colcon_core.shell:create_environment_hook('diff_bot', 'cmake_prefix_path')
[3.344s] INFO:colcon.colcon_core.shell:Creating environment hook '/home/mazen/course_ws/src/install/diff_bot/share/diff_bot/hook/cmake_prefix_path.ps1'
[3.344s] INFO:colcon.colcon_core.shell:Creating environment descriptor '/home/mazen/course_ws/src/install/diff_bot/share/diff_bot/hook/cmake_prefix_path.dsv'
[3.345s] INFO:colcon.colcon_core.shell:Creating environment hook '/home/mazen/course_ws/src/install/diff_bot/share/diff_bot/hook/cmake_prefix_path.sh'
[3.346s] Level 1:colcon.colcon_core.environment:checking '/home/mazen/course_ws/src/install/diff_bot/bin'
[3.346s] Level 1:colcon.colcon_core.environment:checking '/home/mazen/course_ws/src/install/diff_bot/lib/pkgconfig/diff_bot.pc'
[3.346s] Level 1:colcon.colcon_core.environment:checking '/home/mazen/course_ws/src/install/diff_bot/lib/python3.8/site-packages'
[3.346s] Level 1:colcon.colcon_core.environment:checking '/home/mazen/course_ws/src/install/diff_bot/bin'
[3.347s] INFO:colcon.colcon_core.shell:Creating package script '/home/mazen/course_ws/src/install/diff_bot/share/diff_bot/package.ps1'
[3.348s] INFO:colcon.colcon_core.shell:Creating package descriptor '/home/mazen/course_ws/src/install/diff_bot/share/diff_bot/package.dsv'
[3.348s] INFO:colcon.colcon_core.shell:Creating package script '/home/mazen/course_ws/src/install/diff_bot/share/diff_bot/package.sh'
[3.349s] INFO:colcon.colcon_core.shell:Creating package script '/home/mazen/course_ws/src/install/diff_bot/share/diff_bot/package.bash'
[3.349s] INFO:colcon.colcon_core.shell:Creating package script '/home/mazen/course_ws/src/install/diff_bot/share/diff_bot/package.zsh'
[3.350s] Level 1:colcon.colcon_core.environment:create_file_with_runtime_dependencies(/home/mazen/course_ws/src/install/diff_bot/share/colcon-core/packages/diff_bot)
[9.532s] DEBUG:colcon.colcon_core.event_handler.log_command:Invoked command in '/home/mazen/course_ws/src/build/serial' returned '0': CMAKE_PREFIX_PATH=${CMAKE_PREFIX_PATH}:/opt/ros/foxy /usr/bin/cmake --build /home/mazen/course_ws/src/build/serial -- -j8 -l8
[9.564s] DEBUG:colcon.colcon_core.event_handler.log_command:Invoking command in '/home/mazen/course_ws/src/build/serial': CMAKE_PREFIX_PATH=${CMAKE_PREFIX_PATH}:/opt/ros/foxy /usr/bin/cmake --install /home/mazen/course_ws/src/build/serial
[9.790s] Level 1:colcon.colcon_core.environment:create_environment_scripts_only(serial)
[9.791s] Level 1:colcon.colcon_core.environment:checking '/home/mazen/course_ws/src/install/serial' for CMake module files
[9.791s] DEBUG:colcon.colcon_core.event_handler.log_command:Invoked command in '/home/mazen/course_ws/src/build/serial' returned '0': CMAKE_PREFIX_PATH=${CMAKE_PREFIX_PATH}:/opt/ros/foxy /usr/bin/cmake --install /home/mazen/course_ws/src/build/serial
[9.792s] Level 1:colcon.colcon_core.environment:checking '/home/mazen/course_ws/src/install/serial' for CMake config files
[9.792s] Level 1:colcon.colcon_core.shell:create_environment_hook('serial', 'cmake_prefix_path')
[9.793s] INFO:colcon.colcon_core.shell:Creating environment hook '/home/mazen/course_ws/src/install/serial/share/serial/hook/cmake_prefix_path.ps1'
[9.793s] INFO:colcon.colcon_core.shell:Creating environment descriptor '/home/mazen/course_ws/src/install/serial/share/serial/hook/cmake_prefix_path.dsv'
[9.794s] INFO:colcon.colcon_core.shell:Creating environment hook '/home/mazen/course_ws/src/install/serial/share/serial/hook/cmake_prefix_path.sh'
[9.794s] Level 1:colcon.colcon_core.environment:checking '/home/mazen/course_ws/src/install/serial/lib'
[9.795s] Level 1:colcon.colcon_core.environment:checking '/home/mazen/course_ws/src/install/serial/bin'
[9.795s] Level 1:colcon.colcon_core.environment:checking '/home/mazen/course_ws/src/install/serial/lib/pkgconfig/serial.pc'
[9.795s] Level 1:colcon.colcon_core.environment:checking '/home/mazen/course_ws/src/install/serial/lib/python3.8/site-packages'
[9.795s] Level 1:colcon.colcon_core.environment:checking '/home/mazen/course_ws/src/install/serial/bin'
[9.796s] INFO:colcon.colcon_core.shell:Creating package script '/home/mazen/course_ws/src/install/serial/share/serial/package.ps1'
[9.797s] INFO:colcon.colcon_core.shell:Creating package descriptor '/home/mazen/course_ws/src/install/serial/share/serial/package.dsv'
[9.797s] INFO:colcon.colcon_core.shell:Creating package script '/home/mazen/course_ws/src/install/serial/share/serial/package.sh'
[9.798s] INFO:colcon.colcon_core.shell:Creating package script '/home/mazen/course_ws/src/install/serial/share/serial/package.bash'
[9.798s] INFO:colcon.colcon_core.shell:Creating package script '/home/mazen/course_ws/src/install/serial/share/serial/package.zsh'
[9.799s] Level 1:colcon.colcon_core.environment:create_file_with_runtime_dependencies(/home/mazen/course_ws/src/install/serial/share/colcon-core/packages/serial)
[9.837s] Level 1:colcon.colcon_core.environment:create_environment_scripts_only(serial)
[9.837s] Level 1:colcon.colcon_core.environment:checking '/home/mazen/course_ws/src/install/serial' for CMake module files
[9.838s] Level 1:colcon.colcon_core.environment:checking '/home/mazen/course_ws/src/install/serial' for CMake config files
[9.838s] Level 1:colcon.colcon_core.shell:create_environment_hook('serial', 'cmake_prefix_path')
[9.838s] INFO:colcon.colcon_core.shell:Creating environment hook '/home/mazen/course_ws/src/install/serial/share/serial/hook/cmake_prefix_path.ps1'
[9.839s] INFO:colcon.colcon_core.shell:Creating environment descriptor '/home/mazen/course_ws/src/install/serial/share/serial/hook/cmake_prefix_path.dsv'
[9.839s] INFO:colcon.colcon_core.shell:Creating environment hook '/home/mazen/course_ws/src/install/serial/share/serial/hook/cmake_prefix_path.sh'
[9.840s] Level 1:colcon.colcon_core.environment:checking '/home/mazen/course_ws/src/install/serial/lib'
[9.840s] Level 1:colcon.colcon_core.environment:checking '/home/mazen/course_ws/src/install/serial/bin'
[9.840s] Level 1:colcon.colcon_core.environment:checking '/home/mazen/course_ws/src/install/serial/lib/pkgconfig/serial.pc'
[9.840s] Level 1:colcon.colcon_core.environment:checking '/home/mazen/course_ws/src/install/serial/lib/python3.8/site-packages'
[9.841s] Level 1:colcon.colcon_core.environment:checking '/home/mazen/course_ws/src/install/serial/bin'
[9.841s] INFO:colcon.colcon_core.shell:Creating package script '/home/mazen/course_ws/src/install/serial/share/serial/package.ps1'
[9.842s] INFO:colcon.colcon_core.shell:Creating package descriptor '/home/mazen/course_ws/src/install/serial/share/serial/package.dsv'
[9.842s] INFO:colcon.colcon_core.shell:Creating package script '/home/mazen/course_ws/src/install/serial/share/serial/package.sh'
[9.843s] INFO:colcon.colcon_core.shell:Creating package script '/home/mazen/course_ws/src/install/serial/share/serial/package.bash'
[9.843s] INFO:colcon.colcon_core.shell:Creating package script '/home/mazen/course_ws/src/install/serial/share/serial/package.zsh'
[9.843s] Level 1:colcon.colcon_core.environment:create_file_with_runtime_dependencies(/home/mazen/course_ws/src/install/serial/share/colcon-core/packages/serial)
[9.844s] INFO:colcon.colcon_ros.task.ament_cmake.build:Building ROS package in '/home/mazen/course_ws/src/ros2_control_diff_drive/diffdrive' with build type 'ament_cmake'
[9.844s] INFO:colcon.colcon_cmake.task.cmake.build:Building CMake package in '/home/mazen/course_ws/src/ros2_control_diff_drive/diffdrive'
[9.845s] INFO:colcon.colcon_core.shell:Skip shell extension 'powershell' for command environment: Not usable outside of PowerShell
[9.845s] DEBUG:colcon.colcon_core.shell:Skip shell extension 'dsv' for command environment
[9.860s] DEBUG:colcon.colcon_core.event_handler.log_command:Invoking command in '/home/mazen/course_ws/src/build/diffdrive_arduino': AMENT_PREFIX_PATH=/home/mazen/course_ws/src/install/serial:${AMENT_PREFIX_PATH} CMAKE_PREFIX_PATH=/home/mazen/course_ws/src/install/serial:/home/mazen/course_ws/install/serial:/home/mazen/course_ws/install/rplidar_ros:/home/mazen/course_ws/install/diff_bot:/opt/ros/foxy LD_LIBRARY_PATH=/home/mazen/course_ws/src/install/serial/lib:${LD_LIBRARY_PATH} /usr/bin/cmake /home/mazen/course_ws/src/ros2_control_diff_drive/diffdrive -DAMENT_CMAKE_SYMLINK_INSTALL=1 -DCMAKE_INSTALL_PREFIX=/home/mazen/course_ws/src/install/diffdrive_arduino
[13.615s] DEBUG:colcon.colcon_core.event_handler.log_command:Invoked command in '/home/mazen/course_ws/src/build/rplidar_ros' returned '0': CMAKE_PREFIX_PATH=${CMAKE_PREFIX_PATH}:/opt/ros/foxy /usr/bin/cmake --build /home/mazen/course_ws/src/build/rplidar_ros -- -j8 -l8
[13.660s] DEBUG:colcon.colcon_core.event_handler.log_command:Invoking command in '/home/mazen/course_ws/src/build/rplidar_ros': CMAKE_PREFIX_PATH=${CMAKE_PREFIX_PATH}:/opt/ros/foxy /usr/bin/cmake --install /home/mazen/course_ws/src/build/rplidar_ros
[13.990s] Level 1:colcon.colcon_core.environment:create_environment_scripts_only(rplidar_ros)
[13.991s] Level 1:colcon.colcon_core.environment:checking '/home/mazen/course_ws/src/install/rplidar_ros' for CMake module files
[13.991s] DEBUG:colcon.colcon_core.event_handler.log_command:Invoked command in '/home/mazen/course_ws/src/build/rplidar_ros' returned '0': CMAKE_PREFIX_PATH=${CMAKE_PREFIX_PATH}:/opt/ros/foxy /usr/bin/cmake --install /home/mazen/course_ws/src/build/rplidar_ros
[13.992s] Level 1:colcon.colcon_core.environment:checking '/home/mazen/course_ws/src/install/rplidar_ros' for CMake config files
[13.992s] Level 1:colcon.colcon_core.shell:create_environment_hook('rplidar_ros', 'cmake_prefix_path')
[13.992s] INFO:colcon.colcon_core.shell:Creating environment hook '/home/mazen/course_ws/src/install/rplidar_ros/share/rplidar_ros/hook/cmake_prefix_path.ps1'
[13.993s] INFO:colcon.colcon_core.shell:Creating environment descriptor '/home/mazen/course_ws/src/install/rplidar_ros/share/rplidar_ros/hook/cmake_prefix_path.dsv'
[13.993s] INFO:colcon.colcon_core.shell:Creating environment hook '/home/mazen/course_ws/src/install/rplidar_ros/share/rplidar_ros/hook/cmake_prefix_path.sh'
[13.994s] Level 1:colcon.colcon_core.environment:checking '/home/mazen/course_ws/src/install/rplidar_ros/lib'
[13.994s] Level 1:colcon.colcon_core.shell:create_environment_hook('rplidar_ros', 'ld_library_path_lib')
[13.994s] INFO:colcon.colcon_core.shell:Creating environment hook '/home/mazen/course_ws/src/install/rplidar_ros/share/rplidar_ros/hook/ld_library_path_lib.ps1'
[13.994s] INFO:colcon.colcon_core.shell:Creating environment descriptor '/home/mazen/course_ws/src/install/rplidar_ros/share/rplidar_ros/hook/ld_library_path_lib.dsv'
[13.994s] INFO:colcon.colcon_core.shell:Creating environment hook '/home/mazen/course_ws/src/install/rplidar_ros/share/rplidar_ros/hook/ld_library_path_lib.sh'
[13.995s] Level 1:colcon.colcon_core.environment:checking '/home/mazen/course_ws/src/install/rplidar_ros/bin'
[13.995s] Level 1:colcon.colcon_core.environment:checking '/home/mazen/course_ws/src/install/rplidar_ros/lib/pkgconfig/rplidar_ros.pc'
[13.995s] Level 1:colcon.colcon_core.environment:checking '/home/mazen/course_ws/src/install/rplidar_ros/lib/python3.8/site-packages'
[13.995s] Level 1:colcon.colcon_core.environment:checking '/home/mazen/course_ws/src/install/rplidar_ros/bin'
[13.996s] INFO:colcon.colcon_core.shell:Creating package script '/home/mazen/course_ws/src/install/rplidar_ros/share/rplidar_ros/package.ps1'
[13.996s] INFO:colcon.colcon_core.shell:Creating package descriptor '/home/mazen/course_ws/src/install/rplidar_ros/share/rplidar_ros/package.dsv'
[13.996s] INFO:colcon.colcon_core.shell:Creating package script '/home/mazen/course_ws/src/install/rplidar_ros/share/rplidar_ros/package.sh'
[13.997s] INFO:colcon.colcon_core.shell:Creating package script '/home/mazen/course_ws/src/install/rplidar_ros/share/rplidar_ros/package.bash'
[13.997s] INFO:colcon.colcon_core.shell:Creating package script '/home/mazen/course_ws/src/install/rplidar_ros/share/rplidar_ros/package.zsh'
[13.997s] Level 1:colcon.colcon_core.environment:create_file_with_runtime_dependencies(/home/mazen/course_ws/src/install/rplidar_ros/share/colcon-core/packages/rplidar_ros)
[14.030s] Level 1:colcon.colcon_core.environment:create_environment_scripts_only(rplidar_ros)
[14.031s] Level 1:colcon.colcon_core.environment:checking '/home/mazen/course_ws/src/install/rplidar_ros' for CMake module files
[14.031s] Level 1:colcon.colcon_core.environment:checking '/home/mazen/course_ws/src/install/rplidar_ros' for CMake config files
[14.032s] Level 1:colcon.colcon_core.shell:create_environment_hook('rplidar_ros', 'cmake_prefix_path')
[14.032s] INFO:colcon.colcon_core.shell:Creating environment hook '/home/mazen/course_ws/src/install/rplidar_ros/share/rplidar_ros/hook/cmake_prefix_path.ps1'
[14.237s] INFO:colcon.colcon_core.shell:Creating environment descriptor '/home/mazen/course_ws/src/install/rplidar_ros/share/rplidar_ros/hook/cmake_prefix_path.dsv'
[14.373s] INFO:colcon.colcon_core.shell:Creating environment hook '/home/mazen/course_ws/src/install/rplidar_ros/share/rplidar_ros/hook/cmake_prefix_path.sh'
[14.376s] Level 1:colcon.colcon_core.environment:checking '/home/mazen/course_ws/src/install/rplidar_ros/lib'
[14.376s] Level 1:colcon.colcon_core.shell:create_environment_hook('rplidar_ros', 'ld_library_path_lib')
[14.377s] INFO:colcon.colcon_core.shell:Creating environment hook '/home/mazen/course_ws/src/install/rplidar_ros/share/rplidar_ros/hook/ld_library_path_lib.ps1'
[14.378s] INFO:colcon.colcon_core.shell:Creating environment descriptor '/home/mazen/course_ws/src/install/rplidar_ros/share/rplidar_ros/hook/ld_library_path_lib.dsv'
[14.380s] INFO:colcon.colcon_core.shell:Creating environment hook '/home/mazen/course_ws/src/install/rplidar_ros/share/rplidar_ros/hook/ld_library_path_lib.sh'
[14.381s] Level 1:colcon.colcon_core.environment:checking '/home/mazen/course_ws/src/install/rplidar_ros/bin'
[14.382s] Level 1:colcon.colcon_core.environment:checking '/home/mazen/course_ws/src/install/rplidar_ros/lib/pkgconfig/rplidar_ros.pc'
[14.383s] Level 1:colcon.colcon_core.environment:checking '/home/mazen/course_ws/src/install/rplidar_ros/lib/python3.8/site-packages'
[14.384s] Level 1:colcon.colcon_core.environment:checking '/home/mazen/course_ws/src/install/rplidar_ros/bin'
[14.385s] INFO:colcon.colcon_core.shell:Creating package script '/home/mazen/course_ws/src/install/rplidar_ros/share/rplidar_ros/package.ps1'
[14.388s] INFO:colcon.colcon_core.shell:Creating package descriptor '/home/mazen/course_ws/src/install/rplidar_ros/share/rplidar_ros/package.dsv'
[14.390s] INFO:colcon.colcon_core.shell:Creating package script '/home/mazen/course_ws/src/install/rplidar_ros/share/rplidar_ros/package.sh'
[14.392s] INFO:colcon.colcon_core.shell:Creating package script '/home/mazen/course_ws/src/install/rplidar_ros/share/rplidar_ros/package.bash'
[14.393s] INFO:colcon.colcon_core.shell:Creating package script '/home/mazen/course_ws/src/install/rplidar_ros/share/rplidar_ros/package.zsh'
[14.395s] Level 1:colcon.colcon_core.environment:create_file_with_runtime_dependencies(/home/mazen/course_ws/src/install/rplidar_ros/share/colcon-core/packages/rplidar_ros)
[18.435s] DEBUG:colcon.colcon_core.event_handler.log_command:Invoked command in '/home/mazen/course_ws/src/build/diffdrive_arduino' returned '0': AMENT_PREFIX_PATH=/home/mazen/course_ws/src/install/serial:${AMENT_PREFIX_PATH} CMAKE_PREFIX_PATH=/home/mazen/course_ws/src/install/serial:/home/mazen/course_ws/install/serial:/home/mazen/course_ws/install/rplidar_ros:/home/mazen/course_ws/install/diff_bot:/opt/ros/foxy LD_LIBRARY_PATH=/home/mazen/course_ws/src/install/serial/lib:${LD_LIBRARY_PATH} /usr/bin/cmake /home/mazen/course_ws/src/ros2_control_diff_drive/diffdrive -DAMENT_CMAKE_SYMLINK_INSTALL=1 -DCMAKE_INSTALL_PREFIX=/home/mazen/course_ws/src/install/diffdrive_arduino
[18.437s] DEBUG:colcon.colcon_core.event_handler.log_command:Invoking command in '/home/mazen/course_ws/src/build/diffdrive_arduino': AMENT_PREFIX_PATH=/home/mazen/course_ws/src/install/serial:${AMENT_PREFIX_PATH} CMAKE_PREFIX_PATH=/home/mazen/course_ws/src/install/serial:/home/mazen/course_ws/install/serial:/home/mazen/course_ws/install/rplidar_ros:/home/mazen/course_ws/install/diff_bot:/opt/ros/foxy LD_LIBRARY_PATH=/home/mazen/course_ws/src/install/serial/lib:${LD_LIBRARY_PATH} /usr/bin/cmake --build /home/mazen/course_ws/src/build/diffdrive_arduino -- -j8 -l8
[21.499s] DEBUG:colcon.colcon_core.event_handler.log_command:Invoked command in '/home/mazen/course_ws/src/build/diffdrive_arduino' returned '0': AMENT_PREFIX_PATH=/home/mazen/course_ws/src/install/serial:${AMENT_PREFIX_PATH} CMAKE_PREFIX_PATH=/home/mazen/course_ws/src/install/serial:/home/mazen/course_ws/install/serial:/home/mazen/course_ws/install/rplidar_ros:/home/mazen/course_ws/install/diff_bot:/opt/ros/foxy LD_LIBRARY_PATH=/home/mazen/course_ws/src/install/serial/lib:${LD_LIBRARY_PATH} /usr/bin/cmake --build /home/mazen/course_ws/src/build/diffdrive_arduino -- -j8 -l8
[21.528s] DEBUG:colcon.colcon_core.event_handler.log_command:Invoking command in '/home/mazen/course_ws/src/build/diffdrive_arduino': AMENT_PREFIX_PATH=/home/mazen/course_ws/src/install/serial:${AMENT_PREFIX_PATH} CMAKE_PREFIX_PATH=/home/mazen/course_ws/src/install/serial:/home/mazen/course_ws/install/serial:/home/mazen/course_ws/install/rplidar_ros:/home/mazen/course_ws/install/diff_bot:/opt/ros/foxy LD_LIBRARY_PATH=/home/mazen/course_ws/src/install/serial/lib:${LD_LIBRARY_PATH} /usr/bin/cmake --install /home/mazen/course_ws/src/build/diffdrive_arduino
[21.761s] Level 1:colcon.colcon_core.environment:create_environment_scripts_only(diffdrive_arduino)
[21.762s] Level 1:colcon.colcon_core.environment:checking '/home/mazen/course_ws/src/install/diffdrive_arduino' for CMake module files
[21.763s] DEBUG:colcon.colcon_core.event_handler.log_command:Invoked command in '/home/mazen/course_ws/src/build/diffdrive_arduino' returned '0': AMENT_PREFIX_PATH=/home/mazen/course_ws/src/install/serial:${AMENT_PREFIX_PATH} CMAKE_PREFIX_PATH=/home/mazen/course_ws/src/install/serial:/home/mazen/course_ws/install/serial:/home/mazen/course_ws/install/rplidar_ros:/home/mazen/course_ws/install/diff_bot:/opt/ros/foxy LD_LIBRARY_PATH=/home/mazen/course_ws/src/install/serial/lib:${LD_LIBRARY_PATH} /usr/bin/cmake --install /home/mazen/course_ws/src/build/diffdrive_arduino
[21.763s] Level 1:colcon.colcon_core.environment:checking '/home/mazen/course_ws/src/install/diffdrive_arduino' for CMake config files
[21.763s] Level 1:colcon.colcon_core.shell:create_environment_hook('diffdrive_arduino', 'cmake_prefix_path')
[21.763s] INFO:colcon.colcon_core.shell:Creating environment hook '/home/mazen/course_ws/src/install/diffdrive_arduino/share/diffdrive_arduino/hook/cmake_prefix_path.ps1'
[21.764s] INFO:colcon.colcon_core.shell:Creating environment descriptor '/home/mazen/course_ws/src/install/diffdrive_arduino/share/diffdrive_arduino/hook/cmake_prefix_path.dsv'
[21.764s] INFO:colcon.colcon_core.shell:Creating environment hook '/home/mazen/course_ws/src/install/diffdrive_arduino/share/diffdrive_arduino/hook/cmake_prefix_path.sh'
[21.764s] Level 1:colcon.colcon_core.environment:checking '/home/mazen/course_ws/src/install/diffdrive_arduino/lib'
[21.765s] Level 1:colcon.colcon_core.shell:create_environment_hook('diffdrive_arduino', 'ld_library_path_lib')
[21.765s] INFO:colcon.colcon_core.shell:Creating environment hook '/home/mazen/course_ws/src/install/diffdrive_arduino/share/diffdrive_arduino/hook/ld_library_path_lib.ps1'
[21.765s] INFO:colcon.colcon_core.shell:Creating environment descriptor '/home/mazen/course_ws/src/install/diffdrive_arduino/share/diffdrive_arduino/hook/ld_library_path_lib.dsv'
[21.765s] INFO:colcon.colcon_core.shell:Creating environment hook '/home/mazen/course_ws/src/install/diffdrive_arduino/share/diffdrive_arduino/hook/ld_library_path_lib.sh'
[21.766s] Level 1:colcon.colcon_core.environment:checking '/home/mazen/course_ws/src/install/diffdrive_arduino/bin'
[21.766s] Level 1:colcon.colcon_core.environment:checking '/home/mazen/course_ws/src/install/diffdrive_arduino/lib/pkgconfig/diffdrive_arduino.pc'
[21.766s] Level 1:colcon.colcon_core.environment:checking '/home/mazen/course_ws/src/install/diffdrive_arduino/lib/python3.8/site-packages'
[21.766s] Level 1:colcon.colcon_core.environment:checking '/home/mazen/course_ws/src/install/diffdrive_arduino/bin'
[21.766s] INFO:colcon.colcon_core.shell:Creating package script '/home/mazen/course_ws/src/install/diffdrive_arduino/share/diffdrive_arduino/package.ps1'
[21.767s] INFO:colcon.colcon_core.shell:Creating package descriptor '/home/mazen/course_ws/src/install/diffdrive_arduino/share/diffdrive_arduino/package.dsv'
[21.767s] INFO:colcon.colcon_core.shell:Creating package script '/home/mazen/course_ws/src/install/diffdrive_arduino/share/diffdrive_arduino/package.sh'
[21.767s] INFO:colcon.colcon_core.shell:Creating package script '/home/mazen/course_ws/src/install/diffdrive_arduino/share/diffdrive_arduino/package.bash'
[21.768s] INFO:colcon.colcon_core.shell:Creating package script '/home/mazen/course_ws/src/install/diffdrive_arduino/share/diffdrive_arduino/package.zsh'
[21.768s] Level 1:colcon.colcon_core.environment:create_file_with_runtime_dependencies(/home/mazen/course_ws/src/install/diffdrive_arduino/share/colcon-core/packages/diffdrive_arduino)
[21.790s] Level 1:colcon.colcon_core.environment:create_environment_scripts_only(diffdrive_arduino)
[21.791s] Level 1:colcon.colcon_core.environment:checking '/home/mazen/course_ws/src/install/diffdrive_arduino' for CMake module files
[21.791s] Level 1:colcon.colcon_core.environment:checking '/home/mazen/course_ws/src/install/diffdrive_arduino' for CMake config files
[21.792s] Level 1:colcon.colcon_core.shell:create_environment_hook('diffdrive_arduino', 'cmake_prefix_path')
[21.792s] INFO:colcon.colcon_core.shell:Creating environment hook '/home/mazen/course_ws/src/install/diffdrive_arduino/share/diffdrive_arduino/hook/cmake_prefix_path.ps1'
[21.792s] INFO:colcon.colcon_core.shell:Creating environment descriptor '/home/mazen/course_ws/src/install/diffdrive_arduino/share/diffdrive_arduino/hook/cmake_prefix_path.dsv'
[21.793s] INFO:colcon.colcon_core.shell:Creating environment hook '/home/mazen/course_ws/src/install/diffdrive_arduino/share/diffdrive_arduino/hook/cmake_prefix_path.sh'
[21.793s] Level 1:colcon.colcon_core.environment:checking '/home/mazen/course_ws/src/install/diffdrive_arduino/lib'
[21.793s] Level 1:colcon.colcon_core.shell:create_environment_hook('diffdrive_arduino', 'ld_library_path_lib')
[21.793s] INFO:colcon.colcon_core.shell:Creating environment hook '/home/mazen/course_ws/src/install/diffdrive_arduino/share/diffdrive_arduino/hook/ld_library_path_lib.ps1'
[21.794s] INFO:colcon.colcon_core.shell:Creating environment descriptor '/home/mazen/course_ws/src/install/diffdrive_arduino/share/diffdrive_arduino/hook/ld_library_path_lib.dsv'
[21.794s] INFO:colcon.colcon_core.shell:Creating environment hook '/home/mazen/course_ws/src/install/diffdrive_arduino/share/diffdrive_arduino/hook/ld_library_path_lib.sh'
[21.794s] Level 1:colcon.colcon_core.environment:checking '/home/mazen/course_ws/src/install/diffdrive_arduino/bin'
[21.794s] Level 1:colcon.colcon_core.environment:checking '/home/mazen/course_ws/src/install/diffdrive_arduino/lib/pkgconfig/diffdrive_arduino.pc'
[21.794s] Level 1:colcon.colcon_core.environment:checking '/home/mazen/course_ws/src/install/diffdrive_arduino/lib/python3.8/site-packages'
[21.795s] Level 1:colcon.colcon_core.environment:checking '/home/mazen/course_ws/src/install/diffdrive_arduino/bin'
[21.795s] INFO:colcon.colcon_core.shell:Creating package script '/home/mazen/course_ws/src/install/diffdrive_arduino/share/diffdrive_arduino/package.ps1'
[21.795s] INFO:colcon.colcon_core.shell:Creating package descriptor '/home/mazen/course_ws/src/install/diffdrive_arduino/share/diffdrive_arduino/package.dsv'
[21.796s] INFO:colcon.colcon_core.shell:Creating package script '/home/mazen/course_ws/src/install/diffdrive_arduino/share/diffdrive_arduino/package.sh'
[21.796s] INFO:colcon.colcon_core.shell:Creating package script '/home/mazen/course_ws/src/install/diffdrive_arduino/share/diffdrive_arduino/package.bash'
[21.796s] INFO:colcon.colcon_core.shell:Creating package script '/home/mazen/course_ws/src/install/diffdrive_arduino/share/diffdrive_arduino/package.zsh'
[21.796s] Level 1:colcon.colcon_core.environment:create_file_with_runtime_dependencies(/home/mazen/course_ws/src/install/diffdrive_arduino/share/colcon-core/packages/diffdrive_arduino)
[21.797s] DEBUG:colcon.colcon_parallel_executor.executor.parallel:closing loop
[21.797s] DEBUG:colcon.colcon_parallel_executor.executor.parallel:loop closed
[21.797s] DEBUG:colcon.colcon_parallel_executor.executor.parallel:run_until_complete finished with '0'
[21.797s] DEBUG:colcon.colcon_core.event_reactor:joining thread
[21.802s] INFO:colcon.colcon_core.plugin_system:Skipping extension 'colcon_notification.desktop_notification.terminal_notifier': Not used on non-Darwin systems
[21.802s] INFO:colcon.colcon_core.plugin_system:Skipping extension 'colcon_notification.desktop_notification.win32': Not used on non-Windows systems
[21.803s] INFO:colcon.colcon_notification.desktop_notification:Sending desktop notification using 'notify2'
[21.816s] DEBUG:colcon.colcon_core.event_reactor:joined thread
[21.816s] INFO:colcon.colcon_core.shell:Creating prefix script '/home/mazen/course_ws/src/install/local_setup.ps1'
[21.817s] INFO:colcon.colcon_core.shell:Creating prefix util module '/home/mazen/course_ws/src/install/_local_setup_util_ps1.py'
[21.818s] INFO:colcon.colcon_core.shell:Creating prefix chain script '/home/mazen/course_ws/src/install/setup.ps1'
[21.819s] INFO:colcon.colcon_core.shell:Creating prefix script '/home/mazen/course_ws/src/install/local_setup.sh'
[21.820s] INFO:colcon.colcon_core.shell:Creating prefix util module '/home/mazen/course_ws/src/install/_local_setup_util_sh.py'
[21.820s] INFO:colcon.colcon_core.shell:Creating prefix chain script '/home/mazen/course_ws/src/install/setup.sh'
[21.821s] INFO:colcon.colcon_core.shell:Creating prefix script '/home/mazen/course_ws/src/install/local_setup.bash'
[21.822s] INFO:colcon.colcon_core.shell:Creating prefix chain script '/home/mazen/course_ws/src/install/setup.bash'
[21.822s] INFO:colcon.colcon_core.shell:Creating prefix script '/home/mazen/course_ws/src/install/local_setup.zsh'
[21.823s] INFO:colcon.colcon_core.shell:Creating prefix chain script '/home/mazen/course_ws/src/install/setup.zsh'
