[0.755s] Invoking command in '/home/mazen/course_ws/src/build/serial': CMAKE_PREFIX_PATH=${CMAKE_PREFIX_PATH}:/opt/ros/foxy /usr/bin/cmake --build /home/mazen/course_ws/src/build/serial -- -j8 -l8
[0.925s] [ 42%] Built target gtest_main
[0.925s] [ 50%] Built target gtest
[0.926s] [ 57%] Built target serial
[0.926s] [ 85%] Built target serial-test
[0.926s] [ 85%] Built target serial_example
[0.926s] [100%] Built target serial-test-timer
[1.146s] Invoked command in '/home/mazen/course_ws/src/build/serial' returned '0': CMAKE_PREFIX_PATH=${CMAKE_PREFIX_PATH}:/opt/ros/foxy /usr/bin/cmake --build /home/mazen/course_ws/src/build/serial -- -j8 -l8
[1.196s] Invoking command in '/home/mazen/course_ws/src/build/serial': CMAKE_PREFIX_PATH=${CMAKE_PREFIX_PATH}:/opt/ros/foxy /usr/bin/cmake --install /home/mazen/course_ws/src/build/serial
[1.208s] -- Install configuration: ""
[1.208s] -- Execute custom install script
[1.209s] -- Up-to-date symlink: /home/mazen/course_ws/src/install/serial/lib/libserial.a
[1.209s] -- Up-to-date symlink: /home/mazen/course_ws/src/install/serial/include/serial/serial.h
[1.210s] -- Up-to-date symlink: /home/mazen/course_ws/src/install/serial/include/serial/v8stdint.h
[1.210s] -- Up-to-date symlink: /home/mazen/course_ws/src/install/serial/share/serial/environment/library_path.sh
[1.210s] -- Up-to-date symlink: /home/mazen/course_ws/src/install/serial/share/serial/environment/library_path.dsv
[1.211s] -- Up-to-date symlink: /home/mazen/course_ws/src/install/serial/share/ament_index/resource_index/package_run_dependencies/serial
[1.211s] -- Up-to-date symlink: /home/mazen/course_ws/src/install/serial/share/ament_index/resource_index/parent_prefix_path/serial
[1.212s] -- Up-to-date symlink: /home/mazen/course_ws/src/install/serial/share/serial/environment/ament_prefix_path.sh
[1.212s] -- Up-to-date symlink: /home/mazen/course_ws/src/install/serial/share/serial/environment/ament_prefix_path.dsv
[1.212s] -- Up-to-date symlink: /home/mazen/course_ws/src/install/serial/share/serial/environment/path.sh
[1.213s] -- Up-to-date symlink: /home/mazen/course_ws/src/install/serial/share/serial/environment/path.dsv
[1.213s] -- Up-to-date symlink: /home/mazen/course_ws/src/install/serial/share/serial/local_setup.bash
[1.214s] -- Up-to-date symlink: /home/mazen/course_ws/src/install/serial/share/serial/local_setup.sh
[1.214s] -- Up-to-date symlink: /home/mazen/course_ws/src/install/serial/share/serial/local_setup.zsh
[1.214s] -- Up-to-date symlink: /home/mazen/course_ws/src/install/serial/share/serial/local_setup.dsv
[1.215s] -- Symlinking: /home/mazen/course_ws/src/install/serial/share/serial/package.dsv
[1.225s] -- Up-to-date symlink: /home/mazen/course_ws/src/install/serial/share/ament_index/resource_index/packages/serial
[1.225s] -- Up-to-date symlink: /home/mazen/course_ws/src/install/serial/share/serial/cmake/ament_cmake_export_include_directories-extras.cmake
[1.225s] -- Up-to-date symlink: /home/mazen/course_ws/src/install/serial/share/serial/cmake/ament_cmake_export_libraries-extras.cmake
[1.225s] -- Up-to-date symlink: /home/mazen/course_ws/src/install/serial/share/serial/cmake/serialConfig.cmake
[1.226s] -- Up-to-date symlink: /home/mazen/course_ws/src/install/serial/share/serial/cmake/serialConfig-version.cmake
[1.226s] -- Up-to-date symlink: /home/mazen/course_ws/src/install/serial/share/serial/package.xml
[1.738s] Invoked command in '/home/mazen/course_ws/src/build/serial' returned '0': CMAKE_PREFIX_PATH=${CMAKE_PREFIX_PATH}:/opt/ros/foxy /usr/bin/cmake --install /home/mazen/course_ws/src/build/serial
