[0.166s] DEBUG:colcon:Command line arguments: ['/usr/bin/colcon', 'build', '--symlink-install']
[0.166s] DEBUG:colcon:Parsed command line arguments: Namespace(allow_overriding=[], ament_cmake_args=None, base_paths=['.'], build_base='build', catkin_cmake_args=None, catkin_skip_building_tests=False, cmake_args=None, cmake_clean_cache=False, cmake_clean_first=False, cmake_force_configure=False, cmake_target=None, cmake_target_skip_unavailable=False, continue_on_error=False, event_handlers=None, executor='parallel', ignore_user_meta=False, install_base='install', log_base=None, log_level=None, main=<bound method BuildVerb.main of <colcon_core.verb.build.BuildVerb object at 0x7f5a7f051550>>, merge_install=False, metas=['./colcon.meta'], mixin=None, mixin_files=None, mixin_verb=('build',), packages_above=None, packages_above_and_dependencies=None, packages_above_depth=None, packages_end=None, packages_ignore=None, packages_ignore_regex=None, packages_select=None, packages_select_build_failed=False, packages_select_by_dep=None, packages_select_regex=None, packages_select_test_failures=False, packages_skip=None, packages_skip_build_finished=False, packages_skip_by_dep=None, packages_skip_regex=None, packages_skip_test_passed=False, packages_skip_up_to=None, packages_start=None, packages_up_to=None, packages_up_to_regex=None, parallel_workers=8, paths=None, symlink_install=True, test_result_base=None, verb_extension=<colcon_core.verb.build.BuildVerb object at 0x7f5a7f051550>, verb_name='build', verb_parser=<colcon_mixin.mixin.mixin_argument.MixinArgumentDecorator object at 0x7f5a7efb1760>)
[0.295s] Level 1:colcon.colcon_core.package_discovery:discover_packages(colcon_meta) check parameters
[0.295s] Level 1:colcon.colcon_core.package_discovery:discover_packages(recursive) check parameters
[0.296s] Level 1:colcon.colcon_core.package_discovery:discover_packages(ignore) check parameters
[0.296s] Level 1:colcon.colcon_core.package_discovery:discover_packages(path) check parameters
[0.296s] Level 1:colcon.colcon_core.package_discovery:discover_packages(colcon_meta) discover
[0.296s] Level 1:colcon.colcon_core.package_discovery:discover_packages(recursive) discover
[0.296s] INFO:colcon.colcon_core.package_discovery:Crawling recursively for packages in '/home/mazen/course_ws/src'
[0.296s] Level 1:colcon.colcon_core.package_identification:_identify(.) by extensions ['ignore', 'ignore_ament_install']
[0.296s] Level 1:colcon.colcon_core.package_identification:_identify(.) by extension 'ignore'
[0.296s] Level 1:colcon.colcon_core.package_identification:_identify(.) by extension 'ignore_ament_install'
[0.296s] Level 1:colcon.colcon_core.package_identification:_identify(.) by extensions ['colcon_pkg']
[0.296s] Level 1:colcon.colcon_core.package_identification:_identify(.) by extension 'colcon_pkg'
[0.296s] Level 1:colcon.colcon_core.package_identification:_identify(.) by extensions ['colcon_meta']
[0.296s] Level 1:colcon.colcon_core.package_identification:_identify(.) by extension 'colcon_meta'
[0.296s] Level 1:colcon.colcon_core.package_identification:_identify(.) by extensions ['ros']
[0.296s] Level 1:colcon.colcon_core.package_identification:_identify(.) by extension 'ros'
[0.306s] Level 1:colcon.colcon_core.package_identification:_identify(.) by extensions ['cmake', 'python']
[0.306s] Level 1:colcon.colcon_core.package_identification:_identify(.) by extension 'cmake'
[0.306s] Level 1:colcon.colcon_core.package_identification:_identify(.) by extension 'python'
[0.306s] Level 1:colcon.colcon_core.package_identification:_identify(.) by extensions ['python_setup_py']
[0.306s] Level 1:colcon.colcon_core.package_identification:_identify(.) by extension 'python_setup_py'
[0.307s] Level 1:colcon.colcon_core.package_identification:_identify(build) by extensions ['ignore', 'ignore_ament_install']
[0.307s] Level 1:colcon.colcon_core.package_identification:_identify(build) by extension 'ignore'
[0.307s] Level 1:colcon.colcon_core.package_identification:_identify(build) ignored
[0.307s] Level 1:colcon.colcon_core.package_identification:_identify(diff_bot) by extensions ['ignore', 'ignore_ament_install']
[0.307s] Level 1:colcon.colcon_core.package_identification:_identify(diff_bot) by extension 'ignore'
[0.307s] Level 1:colcon.colcon_core.package_identification:_identify(diff_bot) by extension 'ignore_ament_install'
[0.307s] Level 1:colcon.colcon_core.package_identification:_identify(diff_bot) by extensions ['colcon_pkg']
[0.307s] Level 1:colcon.colcon_core.package_identification:_identify(diff_bot) by extension 'colcon_pkg'
[0.307s] Level 1:colcon.colcon_core.package_identification:_identify(diff_bot) by extensions ['colcon_meta']
[0.307s] Level 1:colcon.colcon_core.package_identification:_identify(diff_bot) by extension 'colcon_meta'
[0.307s] Level 1:colcon.colcon_core.package_identification:_identify(diff_bot) by extensions ['ros']
[0.307s] Level 1:colcon.colcon_core.package_identification:_identify(diff_bot) by extension 'ros'
[0.310s] DEBUG:colcon.colcon_core.package_identification:Package 'diff_bot' with type 'ros.ament_cmake' and name 'diff_bot'
[0.310s] Level 1:colcon.colcon_core.package_identification:_identify(install) by extensions ['ignore', 'ignore_ament_install']
[0.310s] Level 1:colcon.colcon_core.package_identification:_identify(install) by extension 'ignore'
[0.310s] Level 1:colcon.colcon_core.package_identification:_identify(install) ignored
[0.310s] Level 1:colcon.colcon_core.package_identification:_identify(log) by extensions ['ignore', 'ignore_ament_install']
[0.310s] Level 1:colcon.colcon_core.package_identification:_identify(log) by extension 'ignore'
[0.310s] Level 1:colcon.colcon_core.package_identification:_identify(log) ignored
[0.310s] Level 1:colcon.colcon_core.package_identification:_identify(ros2_control_diff_drive) by extensions ['ignore', 'ignore_ament_install']
[0.310s] Level 1:colcon.colcon_core.package_identification:_identify(ros2_control_diff_drive) by extension 'ignore'
[0.310s] Level 1:colcon.colcon_core.package_identification:_identify(ros2_control_diff_drive) by extension 'ignore_ament_install'
[0.310s] Level 1:colcon.colcon_core.package_identification:_identify(ros2_control_diff_drive) by extensions ['colcon_pkg']
[0.310s] Level 1:colcon.colcon_core.package_identification:_identify(ros2_control_diff_drive) by extension 'colcon_pkg'
[0.310s] Level 1:colcon.colcon_core.package_identification:_identify(ros2_control_diff_drive) by extensions ['colcon_meta']
[0.310s] Level 1:colcon.colcon_core.package_identification:_identify(ros2_control_diff_drive) by extension 'colcon_meta'
[0.310s] Level 1:colcon.colcon_core.package_identification:_identify(ros2_control_diff_drive) by extensions ['ros']
[0.310s] Level 1:colcon.colcon_core.package_identification:_identify(ros2_control_diff_drive) by extension 'ros'
[0.311s] Level 1:colcon.colcon_core.package_identification:_identify(ros2_control_diff_drive) by extensions ['cmake', 'python']
[0.311s] Level 1:colcon.colcon_core.package_identification:_identify(ros2_control_diff_drive) by extension 'cmake'
[0.311s] Level 1:colcon.colcon_core.package_identification:_identify(ros2_control_diff_drive) by extension 'python'
[0.311s] Level 1:colcon.colcon_core.package_identification:_identify(ros2_control_diff_drive) by extensions ['python_setup_py']
[0.311s] Level 1:colcon.colcon_core.package_identification:_identify(ros2_control_diff_drive) by extension 'python_setup_py'
[0.311s] Level 1:colcon.colcon_core.package_identification:_identify(ros2_control_diff_drive/diffdrive) by extensions ['ignore', 'ignore_ament_install']
[0.311s] Level 1:colcon.colcon_core.package_identification:_identify(ros2_control_diff_drive/diffdrive) by extension 'ignore'
[0.311s] Level 1:colcon.colcon_core.package_identification:_identify(ros2_control_diff_drive/diffdrive) by extension 'ignore_ament_install'
[0.311s] Level 1:colcon.colcon_core.package_identification:_identify(ros2_control_diff_drive/diffdrive) by extensions ['colcon_pkg']
[0.311s] Level 1:colcon.colcon_core.package_identification:_identify(ros2_control_diff_drive/diffdrive) by extension 'colcon_pkg'
[0.311s] Level 1:colcon.colcon_core.package_identification:_identify(ros2_control_diff_drive/diffdrive) by extensions ['colcon_meta']
[0.311s] Level 1:colcon.colcon_core.package_identification:_identify(ros2_control_diff_drive/diffdrive) by extension 'colcon_meta'
[0.311s] Level 1:colcon.colcon_core.package_identification:_identify(ros2_control_diff_drive/diffdrive) by extensions ['ros']
[0.311s] Level 1:colcon.colcon_core.package_identification:_identify(ros2_control_diff_drive/diffdrive) by extension 'ros'
[0.312s] DEBUG:colcon.colcon_core.package_identification:Package 'ros2_control_diff_drive/diffdrive' with type 'ros.ament_cmake' and name 'diffdrive_arduino'
[0.312s] Level 1:colcon.colcon_core.package_identification:_identify(ros2_control_diff_drive/doc) by extensions ['ignore', 'ignore_ament_install']
[0.312s] Level 1:colcon.colcon_core.package_identification:_identify(ros2_control_diff_drive/doc) by extension 'ignore'
[0.312s] Level 1:colcon.colcon_core.package_identification:_identify(ros2_control_diff_drive/doc) by extension 'ignore_ament_install'
[0.312s] Level 1:colcon.colcon_core.package_identification:_identify(ros2_control_diff_drive/doc) by extensions ['colcon_pkg']
[0.312s] Level 1:colcon.colcon_core.package_identification:_identify(ros2_control_diff_drive/doc) by extension 'colcon_pkg'
[0.312s] Level 1:colcon.colcon_core.package_identification:_identify(ros2_control_diff_drive/doc) by extensions ['colcon_meta']
[0.312s] Level 1:colcon.colcon_core.package_identification:_identify(ros2_control_diff_drive/doc) by extension 'colcon_meta'
[0.312s] Level 1:colcon.colcon_core.package_identification:_identify(ros2_control_diff_drive/doc) by extensions ['ros']
[0.312s] Level 1:colcon.colcon_core.package_identification:_identify(ros2_control_diff_drive/doc) by extension 'ros'
[0.312s] Level 1:colcon.colcon_core.package_identification:_identify(ros2_control_diff_drive/doc) by extensions ['cmake', 'python']
[0.312s] Level 1:colcon.colcon_core.package_identification:_identify(ros2_control_diff_drive/doc) by extension 'cmake'
[0.312s] Level 1:colcon.colcon_core.package_identification:_identify(ros2_control_diff_drive/doc) by extension 'python'
[0.312s] Level 1:colcon.colcon_core.package_identification:_identify(ros2_control_diff_drive/doc) by extensions ['python_setup_py']
[0.312s] Level 1:colcon.colcon_core.package_identification:_identify(ros2_control_diff_drive/doc) by extension 'python_setup_py'
[0.313s] Level 1:colcon.colcon_core.package_identification:_identify(ros_arduino_bridge) by extensions ['ignore', 'ignore_ament_install']
[0.313s] Level 1:colcon.colcon_core.package_identification:_identify(ros_arduino_bridge) by extension 'ignore'
[0.313s] Level 1:colcon.colcon_core.package_identification:_identify(ros_arduino_bridge) by extension 'ignore_ament_install'
[0.313s] Level 1:colcon.colcon_core.package_identification:_identify(ros_arduino_bridge) by extensions ['colcon_pkg']
[0.313s] Level 1:colcon.colcon_core.package_identification:_identify(ros_arduino_bridge) by extension 'colcon_pkg'
[0.313s] Level 1:colcon.colcon_core.package_identification:_identify(ros_arduino_bridge) by extensions ['colcon_meta']
[0.313s] Level 1:colcon.colcon_core.package_identification:_identify(ros_arduino_bridge) by extension 'colcon_meta'
[0.313s] Level 1:colcon.colcon_core.package_identification:_identify(ros_arduino_bridge) by extensions ['ros']
[0.313s] Level 1:colcon.colcon_core.package_identification:_identify(ros_arduino_bridge) by extension 'ros'
[0.313s] Level 1:colcon.colcon_core.package_identification:_identify(ros_arduino_bridge) by extensions ['cmake', 'python']
[0.313s] Level 1:colcon.colcon_core.package_identification:_identify(ros_arduino_bridge) by extension 'cmake'
[0.313s] Level 1:colcon.colcon_core.package_identification:_identify(ros_arduino_bridge) by extension 'python'
[0.313s] Level 1:colcon.colcon_core.package_identification:_identify(ros_arduino_bridge) by extensions ['python_setup_py']
[0.313s] Level 1:colcon.colcon_core.package_identification:_identify(ros_arduino_bridge) by extension 'python_setup_py'
[0.313s] Level 1:colcon.colcon_core.package_identification:_identify(ros_arduino_bridge/ROSArduinoBridge) by extensions ['ignore', 'ignore_ament_install']
[0.313s] Level 1:colcon.colcon_core.package_identification:_identify(ros_arduino_bridge/ROSArduinoBridge) by extension 'ignore'
[0.313s] Level 1:colcon.colcon_core.package_identification:_identify(ros_arduino_bridge/ROSArduinoBridge) by extension 'ignore_ament_install'
[0.313s] Level 1:colcon.colcon_core.package_identification:_identify(ros_arduino_bridge/ROSArduinoBridge) by extensions ['colcon_pkg']
[0.313s] Level 1:colcon.colcon_core.package_identification:_identify(ros_arduino_bridge/ROSArduinoBridge) by extension 'colcon_pkg'
[0.313s] Level 1:colcon.colcon_core.package_identification:_identify(ros_arduino_bridge/ROSArduinoBridge) by extensions ['colcon_meta']
[0.313s] Level 1:colcon.colcon_core.package_identification:_identify(ros_arduino_bridge/ROSArduinoBridge) by extension 'colcon_meta'
[0.313s] Level 1:colcon.colcon_core.package_identification:_identify(ros_arduino_bridge/ROSArduinoBridge) by extensions ['ros']
[0.313s] Level 1:colcon.colcon_core.package_identification:_identify(ros_arduino_bridge/ROSArduinoBridge) by extension 'ros'
[0.314s] Level 1:colcon.colcon_core.package_identification:_identify(ros_arduino_bridge/ROSArduinoBridge) by extensions ['cmake', 'python']
[0.314s] Level 1:colcon.colcon_core.package_identification:_identify(ros_arduino_bridge/ROSArduinoBridge) by extension 'cmake'
[0.314s] Level 1:colcon.colcon_core.package_identification:_identify(ros_arduino_bridge/ROSArduinoBridge) by extension 'python'
[0.314s] Level 1:colcon.colcon_core.package_identification:_identify(ros_arduino_bridge/ROSArduinoBridge) by extensions ['python_setup_py']
[0.314s] Level 1:colcon.colcon_core.package_identification:_identify(ros_arduino_bridge/ROSArduinoBridge) by extension 'python_setup_py'
[0.314s] Level 1:colcon.colcon_core.package_identification:_identify(rplidar_ros2) by extensions ['ignore', 'ignore_ament_install']
[0.314s] Level 1:colcon.colcon_core.package_identification:_identify(rplidar_ros2) by extension 'ignore'
[0.314s] Level 1:colcon.colcon_core.package_identification:_identify(rplidar_ros2) by extension 'ignore_ament_install'
[0.314s] Level 1:colcon.colcon_core.package_identification:_identify(rplidar_ros2) by extensions ['colcon_pkg']
[0.314s] Level 1:colcon.colcon_core.package_identification:_identify(rplidar_ros2) by extension 'colcon_pkg'
[0.314s] Level 1:colcon.colcon_core.package_identification:_identify(rplidar_ros2) by extensions ['colcon_meta']
[0.314s] Level 1:colcon.colcon_core.package_identification:_identify(rplidar_ros2) by extension 'colcon_meta'
[0.314s] Level 1:colcon.colcon_core.package_identification:_identify(rplidar_ros2) by extensions ['ros']
[0.314s] Level 1:colcon.colcon_core.package_identification:_identify(rplidar_ros2) by extension 'ros'
[0.315s] DEBUG:colcon.colcon_core.package_identification:Package 'rplidar_ros2' with type 'ros.ament_cmake' and name 'rplidar_ros'
[0.315s] Level 1:colcon.colcon_core.package_identification:_identify(serial) by extensions ['ignore', 'ignore_ament_install']
[0.315s] Level 1:colcon.colcon_core.package_identification:_identify(serial) by extension 'ignore'
[0.315s] Level 1:colcon.colcon_core.package_identification:_identify(serial) by extension 'ignore_ament_install'
[0.315s] Level 1:colcon.colcon_core.package_identification:_identify(serial) by extensions ['colcon_pkg']
[0.315s] Level 1:colcon.colcon_core.package_identification:_identify(serial) by extension 'colcon_pkg'
[0.315s] Level 1:colcon.colcon_core.package_identification:_identify(serial) by extensions ['colcon_meta']
[0.315s] Level 1:colcon.colcon_core.package_identification:_identify(serial) by extension 'colcon_meta'
[0.315s] Level 1:colcon.colcon_core.package_identification:_identify(serial) by extensions ['ros']
[0.315s] Level 1:colcon.colcon_core.package_identification:_identify(serial) by extension 'ros'
[0.315s] DEBUG:colcon.colcon_core.package_identification:Package 'serial' with type 'ros.ament_cmake' and name 'serial'
[0.315s] Level 1:colcon.colcon_core.package_discovery:discover_packages(recursive) using defaults
[0.316s] Level 1:colcon.colcon_core.package_discovery:discover_packages(ignore) discover
[0.316s] Level 1:colcon.colcon_core.package_discovery:discover_packages(ignore) using defaults
[0.316s] Level 1:colcon.colcon_core.package_discovery:discover_packages(path) discover
[0.316s] Level 1:colcon.colcon_core.package_discovery:discover_packages(path) using defaults
[0.329s] Level 1:colcon.colcon_core.package_discovery:discover_packages(prefix_path) check parameters
[0.329s] Level 1:colcon.colcon_core.package_discovery:discover_packages(prefix_path) discover
[0.331s] DEBUG:colcon.colcon_installed_package_information.package_discovery:Found 3 installed packages in /home/mazen/course_ws/install
[0.332s] DEBUG:colcon.colcon_installed_package_information.package_discovery:Found 319 installed packages in /opt/ros/foxy
[0.342s] Level 1:colcon.colcon_core.package_discovery:discover_packages(prefix_path) using defaults
[0.400s] Level 5:colcon.colcon_core.verb:set package 'diff_bot' build argument 'cmake_args' from command line to 'None'
[0.400s] Level 5:colcon.colcon_core.verb:set package 'diff_bot' build argument 'cmake_target' from command line to 'None'
[0.400s] Level 5:colcon.colcon_core.verb:set package 'diff_bot' build argument 'cmake_target_skip_unavailable' from command line to 'False'
[0.400s] Level 5:colcon.colcon_core.verb:set package 'diff_bot' build argument 'cmake_clean_cache' from command line to 'False'
[0.400s] Level 5:colcon.colcon_core.verb:set package 'diff_bot' build argument 'cmake_clean_first' from command line to 'False'
[0.400s] Level 5:colcon.colcon_core.verb:set package 'diff_bot' build argument 'cmake_force_configure' from command line to 'False'
[0.400s] Level 5:colcon.colcon_core.verb:set package 'diff_bot' build argument 'ament_cmake_args' from command line to 'None'
[0.400s] Level 5:colcon.colcon_core.verb:set package 'diff_bot' build argument 'catkin_cmake_args' from command line to 'None'
[0.400s] Level 5:colcon.colcon_core.verb:set package 'diff_bot' build argument 'catkin_skip_building_tests' from command line to 'False'
[0.400s] DEBUG:colcon.colcon_core.verb:Building package 'diff_bot' with the following arguments: {'ament_cmake_args': None, 'build_base': '/home/mazen/course_ws/src/build/diff_bot', 'catkin_cmake_args': None, 'catkin_skip_building_tests': False, 'cmake_args': None, 'cmake_clean_cache': False, 'cmake_clean_first': False, 'cmake_force_configure': False, 'cmake_target': None, 'cmake_target_skip_unavailable': False, 'install_base': '/home/mazen/course_ws/src/install/diff_bot', 'merge_install': False, 'path': '/home/mazen/course_ws/src/diff_bot', 'symlink_install': True, 'test_result_base': None}
[0.400s] Level 5:colcon.colcon_core.verb:set package 'rplidar_ros' build argument 'cmake_args' from command line to 'None'
[0.400s] Level 5:colcon.colcon_core.verb:set package 'rplidar_ros' build argument 'cmake_target' from command line to 'None'
[0.400s] Level 5:colcon.colcon_core.verb:set package 'rplidar_ros' build argument 'cmake_target_skip_unavailable' from command line to 'False'
[0.400s] Level 5:colcon.colcon_core.verb:set package 'rplidar_ros' build argument 'cmake_clean_cache' from command line to 'False'
[0.400s] Level 5:colcon.colcon_core.verb:set package 'rplidar_ros' build argument 'cmake_clean_first' from command line to 'False'
[0.400s] Level 5:colcon.colcon_core.verb:set package 'rplidar_ros' build argument 'cmake_force_configure' from command line to 'False'
[0.400s] Level 5:colcon.colcon_core.verb:set package 'rplidar_ros' build argument 'ament_cmake_args' from command line to 'None'
[0.400s] Level 5:colcon.colcon_core.verb:set package 'rplidar_ros' build argument 'catkin_cmake_args' from command line to 'None'
[0.400s] Level 5:colcon.colcon_core.verb:set package 'rplidar_ros' build argument 'catkin_skip_building_tests' from command line to 'False'
[0.400s] DEBUG:colcon.colcon_core.verb:Building package 'rplidar_ros' with the following arguments: {'ament_cmake_args': None, 'build_base': '/home/mazen/course_ws/src/build/rplidar_ros', 'catkin_cmake_args': None, 'catkin_skip_building_tests': False, 'cmake_args': None, 'cmake_clean_cache': False, 'cmake_clean_first': False, 'cmake_force_configure': False, 'cmake_target': None, 'cmake_target_skip_unavailable': False, 'install_base': '/home/mazen/course_ws/src/install/rplidar_ros', 'merge_install': False, 'path': '/home/mazen/course_ws/src/rplidar_ros2', 'symlink_install': True, 'test_result_base': None}
[0.401s] Level 5:colcon.colcon_core.verb:set package 'serial' build argument 'cmake_args' from command line to 'None'
[0.401s] Level 5:colcon.colcon_core.verb:set package 'serial' build argument 'cmake_target' from command line to 'None'
[0.401s] Level 5:colcon.colcon_core.verb:set package 'serial' build argument 'cmake_target_skip_unavailable' from command line to 'False'
[0.401s] Level 5:colcon.colcon_core.verb:set package 'serial' build argument 'cmake_clean_cache' from command line to 'False'
[0.401s] Level 5:colcon.colcon_core.verb:set package 'serial' build argument 'cmake_clean_first' from command line to 'False'
[0.401s] Level 5:colcon.colcon_core.verb:set package 'serial' build argument 'cmake_force_configure' from command line to 'False'
[0.401s] Level 5:colcon.colcon_core.verb:set package 'serial' build argument 'ament_cmake_args' from command line to 'None'
[0.401s] Level 5:colcon.colcon_core.verb:set package 'serial' build argument 'catkin_cmake_args' from command line to 'None'
[0.401s] Level 5:colcon.colcon_core.verb:set package 'serial' build argument 'catkin_skip_building_tests' from command line to 'False'
[0.401s] DEBUG:colcon.colcon_core.verb:Building package 'serial' with the following arguments: {'ament_cmake_args': None, 'build_base': '/home/mazen/course_ws/src/build/serial', 'catkin_cmake_args': None, 'catkin_skip_building_tests': False, 'cmake_args': None, 'cmake_clean_cache': False, 'cmake_clean_first': False, 'cmake_force_configure': False, 'cmake_target': None, 'cmake_target_skip_unavailable': False, 'install_base': '/home/mazen/course_ws/src/install/serial', 'merge_install': False, 'path': '/home/mazen/course_ws/src/serial', 'symlink_install': True, 'test_result_base': None}
[0.401s] Level 5:colcon.colcon_core.verb:set package 'diffdrive_arduino' build argument 'cmake_args' from command line to 'None'
[0.401s] Level 5:colcon.colcon_core.verb:set package 'diffdrive_arduino' build argument 'cmake_target' from command line to 'None'
[0.401s] Level 5:colcon.colcon_core.verb:set package 'diffdrive_arduino' build argument 'cmake_target_skip_unavailable' from command line to 'False'
[0.401s] Level 5:colcon.colcon_core.verb:set package 'diffdrive_arduino' build argument 'cmake_clean_cache' from command line to 'False'
[0.401s] Level 5:colcon.colcon_core.verb:set package 'diffdrive_arduino' build argument 'cmake_clean_first' from command line to 'False'
[0.401s] Level 5:colcon.colcon_core.verb:set package 'diffdrive_arduino' build argument 'cmake_force_configure' from command line to 'False'
[0.402s] Level 5:colcon.colcon_core.verb:set package 'diffdrive_arduino' build argument 'ament_cmake_args' from command line to 'None'
[0.402s] Level 5:colcon.colcon_core.verb:set package 'diffdrive_arduino' build argument 'catkin_cmake_args' from command line to 'None'
[0.402s] Level 5:colcon.colcon_core.verb:set package 'diffdrive_arduino' build argument 'catkin_skip_building_tests' from command line to 'False'
[0.402s] DEBUG:colcon.colcon_core.verb:Building package 'diffdrive_arduino' with the following arguments: {'ament_cmake_args': None, 'build_base': '/home/mazen/course_ws/src/build/diffdrive_arduino', 'catkin_cmake_args': None, 'catkin_skip_building_tests': False, 'cmake_args': None, 'cmake_clean_cache': False, 'cmake_clean_first': False, 'cmake_force_configure': False, 'cmake_target': None, 'cmake_target_skip_unavailable': False, 'install_base': '/home/mazen/course_ws/src/install/diffdrive_arduino', 'merge_install': False, 'path': '/home/mazen/course_ws/src/ros2_control_diff_drive/diffdrive', 'symlink_install': True, 'test_result_base': None}
[0.402s] INFO:colcon.colcon_core.executor:Executing jobs using 'parallel' executor
[0.402s] DEBUG:colcon.colcon_parallel_executor.executor.parallel:run_until_complete
[0.403s] INFO:colcon.colcon_ros.task.ament_cmake.build:Building ROS package in '/home/mazen/course_ws/src/serial' with build type 'ament_cmake'
[0.403s] INFO:colcon.colcon_cmake.task.cmake.build:Building CMake package in '/home/mazen/course_ws/src/serial'
[0.405s] INFO:colcon.colcon_core.plugin_system:Skipping extension 'colcon_core.shell.bat': Not used on non-Windows systems
[0.405s] INFO:colcon.colcon_core.shell:Skip shell extension 'powershell' for command environment: Not usable outside of PowerShell
[0.405s] DEBUG:colcon.colcon_core.shell:Skip shell extension 'dsv' for command environment
[0.599s] INFO:colcon.colcon_ros.task.ament_cmake.build:Building ROS package in '/home/mazen/course_ws/src/diff_bot' with build type 'ament_cmake'
[0.600s] INFO:colcon.colcon_cmake.task.cmake.build:Building CMake package in '/home/mazen/course_ws/src/diff_bot'
[0.602s] INFO:colcon.colcon_core.shell:Skip shell extension 'powershell' for command environment: Not usable outside of PowerShell
[0.603s] DEBUG:colcon.colcon_core.shell:Skip shell extension 'dsv' for command environment
[0.770s] INFO:colcon.colcon_ros.task.ament_cmake.build:Building ROS package in '/home/mazen/course_ws/src/rplidar_ros2' with build type 'ament_cmake'
[0.771s] INFO:colcon.colcon_cmake.task.cmake.build:Building CMake package in '/home/mazen/course_ws/src/rplidar_ros2'
[0.773s] INFO:colcon.colcon_core.shell:Skip shell extension 'powershell' for command environment: Not usable outside of PowerShell
[0.774s] DEBUG:colcon.colcon_core.shell:Skip shell extension 'dsv' for command environment
[1.159s] DEBUG:colcon.colcon_core.event_handler.log_command:Invoking command in '/home/mazen/course_ws/src/build/serial': CMAKE_PREFIX_PATH=${CMAKE_PREFIX_PATH}:/opt/ros/foxy /usr/bin/cmake --build /home/mazen/course_ws/src/build/serial -- -j8 -l8
[1.323s] DEBUG:colcon.colcon_core.event_handler.log_command:Invoking command in '/home/mazen/course_ws/src/build/diff_bot': CMAKE_PREFIX_PATH=${CMAKE_PREFIX_PATH}:/opt/ros/foxy /usr/bin/cmake --build /home/mazen/course_ws/src/build/diff_bot -- -j8 -l8
[1.548s] DEBUG:colcon.colcon_core.event_handler.log_command:Invoking command in '/home/mazen/course_ws/src/build/rplidar_ros': CMAKE_PREFIX_PATH=${CMAKE_PREFIX_PATH}:/opt/ros/foxy /usr/bin/cmake --build /home/mazen/course_ws/src/build/rplidar_ros -- -j8 -l8
[1.550s] DEBUG:colcon.colcon_core.event_handler.log_command:Invoked command in '/home/mazen/course_ws/src/build/serial' returned '0': CMAKE_PREFIX_PATH=${CMAKE_PREFIX_PATH}:/opt/ros/foxy /usr/bin/cmake --build /home/mazen/course_ws/src/build/serial -- -j8 -l8
[1.559s] DEBUG:colcon.colcon_core.event_handler.log_command:Invoked command in '/home/mazen/course_ws/src/build/diff_bot' returned '0': CMAKE_PREFIX_PATH=${CMAKE_PREFIX_PATH}:/opt/ros/foxy /usr/bin/cmake --build /home/mazen/course_ws/src/build/diff_bot -- -j8 -l8
[1.595s] DEBUG:colcon.colcon_core.event_handler.log_command:Invoking command in '/home/mazen/course_ws/src/build/diff_bot': CMAKE_PREFIX_PATH=${CMAKE_PREFIX_PATH}:/opt/ros/foxy /usr/bin/cmake --install /home/mazen/course_ws/src/build/diff_bot
[1.600s] DEBUG:colcon.colcon_core.event_handler.log_command:Invoking command in '/home/mazen/course_ws/src/build/serial': CMAKE_PREFIX_PATH=${CMAKE_PREFIX_PATH}:/opt/ros/foxy /usr/bin/cmake --install /home/mazen/course_ws/src/build/serial
[1.625s] Level 1:colcon.colcon_core.environment:create_environment_scripts_only(diff_bot)
[1.626s] DEBUG:colcon.colcon_core.event_handler.log_command:Invoked command in '/home/mazen/course_ws/src/build/diff_bot' returned '0': CMAKE_PREFIX_PATH=${CMAKE_PREFIX_PATH}:/opt/ros/foxy /usr/bin/cmake --install /home/mazen/course_ws/src/build/diff_bot
[1.630s] Level 1:colcon.colcon_core.environment:checking '/home/mazen/course_ws/src/install/diff_bot' for CMake module files
[1.631s] Level 1:colcon.colcon_core.environment:checking '/home/mazen/course_ws/src/install/diff_bot' for CMake config files
[1.631s] Level 1:colcon.colcon_core.shell:create_environment_hook('diff_bot', 'cmake_prefix_path')
[1.632s] INFO:colcon.colcon_core.shell:Creating environment hook '/home/mazen/course_ws/src/install/diff_bot/share/diff_bot/hook/cmake_prefix_path.ps1'
[1.769s] INFO:colcon.colcon_core.shell:Creating environment descriptor '/home/mazen/course_ws/src/install/diff_bot/share/diff_bot/hook/cmake_prefix_path.dsv'
[1.773s] INFO:colcon.colcon_core.shell:Creating environment hook '/home/mazen/course_ws/src/install/diff_bot/share/diff_bot/hook/cmake_prefix_path.sh'
[1.778s] Level 1:colcon.colcon_core.environment:checking '/home/mazen/course_ws/src/install/diff_bot/bin'
[1.778s] Level 1:colcon.colcon_core.environment:checking '/home/mazen/course_ws/src/install/diff_bot/lib/pkgconfig/diff_bot.pc'
[1.779s] Level 1:colcon.colcon_core.environment:checking '/home/mazen/course_ws/src/install/diff_bot/lib/python3.8/site-packages'
[1.780s] Level 1:colcon.colcon_core.environment:checking '/home/mazen/course_ws/src/install/diff_bot/bin'
[1.782s] INFO:colcon.colcon_core.shell:Creating package script '/home/mazen/course_ws/src/install/diff_bot/share/diff_bot/package.ps1'
[1.927s] INFO:colcon.colcon_core.shell:Creating package descriptor '/home/mazen/course_ws/src/install/diff_bot/share/diff_bot/package.dsv'
[1.930s] INFO:colcon.colcon_core.shell:Creating package script '/home/mazen/course_ws/src/install/diff_bot/share/diff_bot/package.sh'
[1.934s] INFO:colcon.colcon_core.shell:Creating package script '/home/mazen/course_ws/src/install/diff_bot/share/diff_bot/package.bash'
[1.941s] INFO:colcon.colcon_core.shell:Creating package script '/home/mazen/course_ws/src/install/diff_bot/share/diff_bot/package.zsh'
[2.108s] Level 1:colcon.colcon_core.environment:create_file_with_runtime_dependencies(/home/mazen/course_ws/src/install/diff_bot/share/colcon-core/packages/diff_bot)
[2.125s] DEBUG:colcon.colcon_core.event_handler.log_command:Invoked command in '/home/mazen/course_ws/src/build/rplidar_ros' returned '0': CMAKE_PREFIX_PATH=${CMAKE_PREFIX_PATH}:/opt/ros/foxy /usr/bin/cmake --build /home/mazen/course_ws/src/build/rplidar_ros -- -j8 -l8
[2.136s] Level 1:colcon.colcon_core.environment:create_environment_scripts_only(serial)
[2.138s] Level 1:colcon.colcon_core.environment:checking '/home/mazen/course_ws/src/install/serial' for CMake module files
[2.142s] DEBUG:colcon.colcon_core.event_handler.log_command:Invoked command in '/home/mazen/course_ws/src/build/serial' returned '0': CMAKE_PREFIX_PATH=${CMAKE_PREFIX_PATH}:/opt/ros/foxy /usr/bin/cmake --install /home/mazen/course_ws/src/build/serial
[2.143s] Level 1:colcon.colcon_core.environment:checking '/home/mazen/course_ws/src/install/serial' for CMake config files
[2.144s] Level 1:colcon.colcon_core.shell:create_environment_hook('serial', 'cmake_prefix_path')
[2.145s] INFO:colcon.colcon_core.shell:Creating environment hook '/home/mazen/course_ws/src/install/serial/share/serial/hook/cmake_prefix_path.ps1'
[2.158s] INFO:colcon.colcon_core.shell:Creating environment descriptor '/home/mazen/course_ws/src/install/serial/share/serial/hook/cmake_prefix_path.dsv'
[2.286s] INFO:colcon.colcon_core.shell:Creating environment hook '/home/mazen/course_ws/src/install/serial/share/serial/hook/cmake_prefix_path.sh'
[2.290s] Level 1:colcon.colcon_core.environment:checking '/home/mazen/course_ws/src/install/serial/lib'
[2.291s] Level 1:colcon.colcon_core.environment:checking '/home/mazen/course_ws/src/install/serial/bin'
[2.291s] Level 1:colcon.colcon_core.environment:checking '/home/mazen/course_ws/src/install/serial/lib/pkgconfig/serial.pc'
[2.292s] Level 1:colcon.colcon_core.environment:checking '/home/mazen/course_ws/src/install/serial/lib/python3.8/site-packages'
[2.293s] Level 1:colcon.colcon_core.environment:checking '/home/mazen/course_ws/src/install/serial/bin'
[2.295s] INFO:colcon.colcon_core.shell:Creating package script '/home/mazen/course_ws/src/install/serial/share/serial/package.ps1'
[2.298s] INFO:colcon.colcon_core.shell:Creating package descriptor '/home/mazen/course_ws/src/install/serial/share/serial/package.dsv'
[2.300s] INFO:colcon.colcon_core.shell:Creating package script '/home/mazen/course_ws/src/install/serial/share/serial/package.sh'
[2.304s] INFO:colcon.colcon_core.shell:Creating package script '/home/mazen/course_ws/src/install/serial/share/serial/package.bash'
[2.307s] INFO:colcon.colcon_core.shell:Creating package script '/home/mazen/course_ws/src/install/serial/share/serial/package.zsh'
[2.320s] Level 1:colcon.colcon_core.environment:create_file_with_runtime_dependencies(/home/mazen/course_ws/src/install/serial/share/colcon-core/packages/serial)
[2.334s] Level 1:colcon.colcon_core.environment:create_environment_scripts_only(diff_bot)
[2.336s] Level 1:colcon.colcon_core.environment:checking '/home/mazen/course_ws/src/install/diff_bot' for CMake module files
[2.339s] Level 1:colcon.colcon_core.environment:checking '/home/mazen/course_ws/src/install/diff_bot' for CMake config files
[2.341s] Level 1:colcon.colcon_core.shell:create_environment_hook('diff_bot', 'cmake_prefix_path')
[2.342s] INFO:colcon.colcon_core.shell:Creating environment hook '/home/mazen/course_ws/src/install/diff_bot/share/diff_bot/hook/cmake_prefix_path.ps1'
[2.441s] INFO:colcon.colcon_core.shell:Creating environment descriptor '/home/mazen/course_ws/src/install/diff_bot/share/diff_bot/hook/cmake_prefix_path.dsv'
[2.445s] INFO:colcon.colcon_core.shell:Creating environment hook '/home/mazen/course_ws/src/install/diff_bot/share/diff_bot/hook/cmake_prefix_path.sh'
[2.450s] Level 1:colcon.colcon_core.environment:checking '/home/mazen/course_ws/src/install/diff_bot/bin'
[2.450s] Level 1:colcon.colcon_core.environment:checking '/home/mazen/course_ws/src/install/diff_bot/lib/pkgconfig/diff_bot.pc'
[2.452s] Level 1:colcon.colcon_core.environment:checking '/home/mazen/course_ws/src/install/diff_bot/lib/python3.8/site-packages'
[2.453s] Level 1:colcon.colcon_core.environment:checking '/home/mazen/course_ws/src/install/diff_bot/bin'
[2.455s] INFO:colcon.colcon_core.shell:Creating package script '/home/mazen/course_ws/src/install/diff_bot/share/diff_bot/package.ps1'
[2.458s] INFO:colcon.colcon_core.shell:Creating package descriptor '/home/mazen/course_ws/src/install/diff_bot/share/diff_bot/package.dsv'
[2.462s] INFO:colcon.colcon_core.shell:Creating package script '/home/mazen/course_ws/src/install/diff_bot/share/diff_bot/package.sh'
[2.467s] INFO:colcon.colcon_core.shell:Creating package script '/home/mazen/course_ws/src/install/diff_bot/share/diff_bot/package.bash'
[2.607s] INFO:colcon.colcon_core.shell:Creating package script '/home/mazen/course_ws/src/install/diff_bot/share/diff_bot/package.zsh'
[2.609s] Level 1:colcon.colcon_core.environment:create_file_with_runtime_dependencies(/home/mazen/course_ws/src/install/diff_bot/share/colcon-core/packages/diff_bot)
[2.621s] DEBUG:colcon.colcon_core.event_handler.log_command:Invoking command in '/home/mazen/course_ws/src/build/rplidar_ros': CMAKE_PREFIX_PATH=${CMAKE_PREFIX_PATH}:/opt/ros/foxy /usr/bin/cmake --install /home/mazen/course_ws/src/build/rplidar_ros
[2.623s] Level 1:colcon.colcon_core.environment:create_environment_scripts_only(serial)
[2.624s] Level 1:colcon.colcon_core.environment:checking '/home/mazen/course_ws/src/install/serial' for CMake module files
[2.625s] Level 1:colcon.colcon_core.environment:checking '/home/mazen/course_ws/src/install/serial' for CMake config files
[2.625s] Level 1:colcon.colcon_core.shell:create_environment_hook('serial', 'cmake_prefix_path')
[2.626s] INFO:colcon.colcon_core.shell:Creating environment hook '/home/mazen/course_ws/src/install/serial/share/serial/hook/cmake_prefix_path.ps1'
[2.768s] INFO:colcon.colcon_core.shell:Creating environment descriptor '/home/mazen/course_ws/src/install/serial/share/serial/hook/cmake_prefix_path.dsv'
[2.770s] INFO:colcon.colcon_core.shell:Creating environment hook '/home/mazen/course_ws/src/install/serial/share/serial/hook/cmake_prefix_path.sh'
[2.928s] Level 1:colcon.colcon_core.environment:checking '/home/mazen/course_ws/src/install/serial/lib'
[2.929s] Level 1:colcon.colcon_core.environment:checking '/home/mazen/course_ws/src/install/serial/bin'
[2.929s] Level 1:colcon.colcon_core.environment:checking '/home/mazen/course_ws/src/install/serial/lib/pkgconfig/serial.pc'
[2.930s] Level 1:colcon.colcon_core.environment:checking '/home/mazen/course_ws/src/install/serial/lib/python3.8/site-packages'
[2.931s] Level 1:colcon.colcon_core.environment:checking '/home/mazen/course_ws/src/install/serial/bin'
[2.933s] INFO:colcon.colcon_core.shell:Creating package script '/home/mazen/course_ws/src/install/serial/share/serial/package.ps1'
[2.938s] INFO:colcon.colcon_core.shell:Creating package descriptor '/home/mazen/course_ws/src/install/serial/share/serial/package.dsv'
[2.945s] INFO:colcon.colcon_core.shell:Creating package script '/home/mazen/course_ws/src/install/serial/share/serial/package.sh'
[2.950s] INFO:colcon.colcon_core.shell:Creating package script '/home/mazen/course_ws/src/install/serial/share/serial/package.bash'
[3.125s] INFO:colcon.colcon_core.shell:Creating package script '/home/mazen/course_ws/src/install/serial/share/serial/package.zsh'
[3.129s] Level 1:colcon.colcon_core.environment:create_file_with_runtime_dependencies(/home/mazen/course_ws/src/install/serial/share/colcon-core/packages/serial)
[3.132s] INFO:colcon.colcon_ros.task.ament_cmake.build:Building ROS package in '/home/mazen/course_ws/src/ros2_control_diff_drive/diffdrive' with build type 'ament_cmake'
[3.134s] INFO:colcon.colcon_cmake.task.cmake.build:Building CMake package in '/home/mazen/course_ws/src/ros2_control_diff_drive/diffdrive'
[3.135s] INFO:colcon.colcon_core.shell:Skip shell extension 'powershell' for command environment: Not usable outside of PowerShell
[3.135s] DEBUG:colcon.colcon_core.shell:Skip shell extension 'dsv' for command environment
[3.157s] Level 1:colcon.colcon_core.environment:create_environment_scripts_only(rplidar_ros)
[3.159s] Level 1:colcon.colcon_core.environment:checking '/home/mazen/course_ws/src/install/rplidar_ros' for CMake module files
[3.162s] DEBUG:colcon.colcon_core.event_handler.log_command:Invoked command in '/home/mazen/course_ws/src/build/rplidar_ros' returned '0': CMAKE_PREFIX_PATH=${CMAKE_PREFIX_PATH}:/opt/ros/foxy /usr/bin/cmake --install /home/mazen/course_ws/src/build/rplidar_ros
[3.164s] Level 1:colcon.colcon_core.environment:checking '/home/mazen/course_ws/src/install/rplidar_ros' for CMake config files
[3.165s] Level 1:colcon.colcon_core.shell:create_environment_hook('rplidar_ros', 'cmake_prefix_path')
[3.166s] INFO:colcon.colcon_core.shell:Creating environment hook '/home/mazen/course_ws/src/install/rplidar_ros/share/rplidar_ros/hook/cmake_prefix_path.ps1'
[3.168s] INFO:colcon.colcon_core.shell:Creating environment descriptor '/home/mazen/course_ws/src/install/rplidar_ros/share/rplidar_ros/hook/cmake_prefix_path.dsv'
[3.168s] INFO:colcon.colcon_core.shell:Creating environment hook '/home/mazen/course_ws/src/install/rplidar_ros/share/rplidar_ros/hook/cmake_prefix_path.sh'
[3.170s] Level 1:colcon.colcon_core.environment:checking '/home/mazen/course_ws/src/install/rplidar_ros/lib'
[3.170s] Level 1:colcon.colcon_core.shell:create_environment_hook('rplidar_ros', 'ld_library_path_lib')
[3.171s] INFO:colcon.colcon_core.shell:Creating environment hook '/home/mazen/course_ws/src/install/rplidar_ros/share/rplidar_ros/hook/ld_library_path_lib.ps1'
[3.171s] INFO:colcon.colcon_core.shell:Creating environment descriptor '/home/mazen/course_ws/src/install/rplidar_ros/share/rplidar_ros/hook/ld_library_path_lib.dsv'
[3.172s] INFO:colcon.colcon_core.shell:Creating environment hook '/home/mazen/course_ws/src/install/rplidar_ros/share/rplidar_ros/hook/ld_library_path_lib.sh'
[3.173s] Level 1:colcon.colcon_core.environment:checking '/home/mazen/course_ws/src/install/rplidar_ros/bin'
[3.173s] Level 1:colcon.colcon_core.environment:checking '/home/mazen/course_ws/src/install/rplidar_ros/lib/pkgconfig/rplidar_ros.pc'
[3.174s] Level 1:colcon.colcon_core.environment:checking '/home/mazen/course_ws/src/install/rplidar_ros/lib/python3.8/site-packages'
[3.174s] Level 1:colcon.colcon_core.environment:checking '/home/mazen/course_ws/src/install/rplidar_ros/bin'
[3.174s] INFO:colcon.colcon_core.shell:Creating package script '/home/mazen/course_ws/src/install/rplidar_ros/share/rplidar_ros/package.ps1'
[3.175s] INFO:colcon.colcon_core.shell:Creating package descriptor '/home/mazen/course_ws/src/install/rplidar_ros/share/rplidar_ros/package.dsv'
[3.176s] INFO:colcon.colcon_core.shell:Creating package script '/home/mazen/course_ws/src/install/rplidar_ros/share/rplidar_ros/package.sh'
[3.177s] INFO:colcon.colcon_core.shell:Creating package script '/home/mazen/course_ws/src/install/rplidar_ros/share/rplidar_ros/package.bash'
[3.177s] INFO:colcon.colcon_core.shell:Creating package script '/home/mazen/course_ws/src/install/rplidar_ros/share/rplidar_ros/package.zsh'
[3.178s] Level 1:colcon.colcon_core.environment:create_file_with_runtime_dependencies(/home/mazen/course_ws/src/install/rplidar_ros/share/colcon-core/packages/rplidar_ros)
[3.188s] DEBUG:colcon.colcon_core.event_handler.log_command:Invoking command in '/home/mazen/course_ws/src/build/diffdrive_arduino': AMENT_PREFIX_PATH=/home/mazen/course_ws/src/install/serial:${AMENT_PREFIX_PATH} CMAKE_PREFIX_PATH=/home/mazen/course_ws/src/install/serial:/home/mazen/course_ws/install/serial:/home/mazen/course_ws/install/rplidar_ros:/home/mazen/course_ws/install/diff_bot:/opt/ros/foxy LD_LIBRARY_PATH=/home/mazen/course_ws/src/install/serial/lib:${LD_LIBRARY_PATH} /usr/bin/cmake --build /home/mazen/course_ws/src/build/diffdrive_arduino -- -j8 -l8
[3.215s] Level 1:colcon.colcon_core.environment:create_environment_scripts_only(rplidar_ros)
[3.216s] Level 1:colcon.colcon_core.environment:checking '/home/mazen/course_ws/src/install/rplidar_ros' for CMake module files
[3.216s] Level 1:colcon.colcon_core.environment:checking '/home/mazen/course_ws/src/install/rplidar_ros' for CMake config files
[3.217s] Level 1:colcon.colcon_core.shell:create_environment_hook('rplidar_ros', 'cmake_prefix_path')
[3.217s] INFO:colcon.colcon_core.shell:Creating environment hook '/home/mazen/course_ws/src/install/rplidar_ros/share/rplidar_ros/hook/cmake_prefix_path.ps1'
[3.217s] INFO:colcon.colcon_core.shell:Creating environment descriptor '/home/mazen/course_ws/src/install/rplidar_ros/share/rplidar_ros/hook/cmake_prefix_path.dsv'
[3.218s] INFO:colcon.colcon_core.shell:Creating environment hook '/home/mazen/course_ws/src/install/rplidar_ros/share/rplidar_ros/hook/cmake_prefix_path.sh'
[3.219s] Level 1:colcon.colcon_core.environment:checking '/home/mazen/course_ws/src/install/rplidar_ros/lib'
[3.219s] Level 1:colcon.colcon_core.shell:create_environment_hook('rplidar_ros', 'ld_library_path_lib')
[3.219s] INFO:colcon.colcon_core.shell:Creating environment hook '/home/mazen/course_ws/src/install/rplidar_ros/share/rplidar_ros/hook/ld_library_path_lib.ps1'
[3.220s] INFO:colcon.colcon_core.shell:Creating environment descriptor '/home/mazen/course_ws/src/install/rplidar_ros/share/rplidar_ros/hook/ld_library_path_lib.dsv'
[3.220s] INFO:colcon.colcon_core.shell:Creating environment hook '/home/mazen/course_ws/src/install/rplidar_ros/share/rplidar_ros/hook/ld_library_path_lib.sh'
[3.220s] Level 1:colcon.colcon_core.environment:checking '/home/mazen/course_ws/src/install/rplidar_ros/bin'
[3.220s] Level 1:colcon.colcon_core.environment:checking '/home/mazen/course_ws/src/install/rplidar_ros/lib/pkgconfig/rplidar_ros.pc'
[3.221s] Level 1:colcon.colcon_core.environment:checking '/home/mazen/course_ws/src/install/rplidar_ros/lib/python3.8/site-packages'
[3.221s] Level 1:colcon.colcon_core.environment:checking '/home/mazen/course_ws/src/install/rplidar_ros/bin'
[3.221s] INFO:colcon.colcon_core.shell:Creating package script '/home/mazen/course_ws/src/install/rplidar_ros/share/rplidar_ros/package.ps1'
[3.222s] INFO:colcon.colcon_core.shell:Creating package descriptor '/home/mazen/course_ws/src/install/rplidar_ros/share/rplidar_ros/package.dsv'
[3.222s] INFO:colcon.colcon_core.shell:Creating package script '/home/mazen/course_ws/src/install/rplidar_ros/share/rplidar_ros/package.sh'
[3.222s] INFO:colcon.colcon_core.shell:Creating package script '/home/mazen/course_ws/src/install/rplidar_ros/share/rplidar_ros/package.bash'
[3.223s] INFO:colcon.colcon_core.shell:Creating package script '/home/mazen/course_ws/src/install/rplidar_ros/share/rplidar_ros/package.zsh'
[3.223s] Level 1:colcon.colcon_core.environment:create_file_with_runtime_dependencies(/home/mazen/course_ws/src/install/rplidar_ros/share/colcon-core/packages/rplidar_ros)
[3.257s] DEBUG:colcon.colcon_core.event_handler.log_command:Invoked command in '/home/mazen/course_ws/src/build/diffdrive_arduino' returned '0': AMENT_PREFIX_PATH=/home/mazen/course_ws/src/install/serial:${AMENT_PREFIX_PATH} CMAKE_PREFIX_PATH=/home/mazen/course_ws/src/install/serial:/home/mazen/course_ws/install/serial:/home/mazen/course_ws/install/rplidar_ros:/home/mazen/course_ws/install/diff_bot:/opt/ros/foxy LD_LIBRARY_PATH=/home/mazen/course_ws/src/install/serial/lib:${LD_LIBRARY_PATH} /usr/bin/cmake --build /home/mazen/course_ws/src/build/diffdrive_arduino -- -j8 -l8
[3.282s] DEBUG:colcon.colcon_core.event_handler.log_command:Invoking command in '/home/mazen/course_ws/src/build/diffdrive_arduino': AMENT_PREFIX_PATH=/home/mazen/course_ws/src/install/serial:${AMENT_PREFIX_PATH} CMAKE_PREFIX_PATH=/home/mazen/course_ws/src/install/serial:/home/mazen/course_ws/install/serial:/home/mazen/course_ws/install/rplidar_ros:/home/mazen/course_ws/install/diff_bot:/opt/ros/foxy LD_LIBRARY_PATH=/home/mazen/course_ws/src/install/serial/lib:${LD_LIBRARY_PATH} /usr/bin/cmake --install /home/mazen/course_ws/src/build/diffdrive_arduino
[3.309s] Level 1:colcon.colcon_core.environment:create_environment_scripts_only(diffdrive_arduino)
[3.309s] Level 1:colcon.colcon_core.environment:checking '/home/mazen/course_ws/src/install/diffdrive_arduino' for CMake module files
[3.309s] DEBUG:colcon.colcon_core.event_handler.log_command:Invoked command in '/home/mazen/course_ws/src/build/diffdrive_arduino' returned '0': AMENT_PREFIX_PATH=/home/mazen/course_ws/src/install/serial:${AMENT_PREFIX_PATH} CMAKE_PREFIX_PATH=/home/mazen/course_ws/src/install/serial:/home/mazen/course_ws/install/serial:/home/mazen/course_ws/install/rplidar_ros:/home/mazen/course_ws/install/diff_bot:/opt/ros/foxy LD_LIBRARY_PATH=/home/mazen/course_ws/src/install/serial/lib:${LD_LIBRARY_PATH} /usr/bin/cmake --install /home/mazen/course_ws/src/build/diffdrive_arduino
[3.310s] Level 1:colcon.colcon_core.environment:checking '/home/mazen/course_ws/src/install/diffdrive_arduino' for CMake config files
[3.310s] Level 1:colcon.colcon_core.shell:create_environment_hook('diffdrive_arduino', 'cmake_prefix_path')
[3.310s] INFO:colcon.colcon_core.shell:Creating environment hook '/home/mazen/course_ws/src/install/diffdrive_arduino/share/diffdrive_arduino/hook/cmake_prefix_path.ps1'
[3.311s] INFO:colcon.colcon_core.shell:Creating environment descriptor '/home/mazen/course_ws/src/install/diffdrive_arduino/share/diffdrive_arduino/hook/cmake_prefix_path.dsv'
[3.311s] INFO:colcon.colcon_core.shell:Creating environment hook '/home/mazen/course_ws/src/install/diffdrive_arduino/share/diffdrive_arduino/hook/cmake_prefix_path.sh'
[3.312s] Level 1:colcon.colcon_core.environment:checking '/home/mazen/course_ws/src/install/diffdrive_arduino/lib'
[3.312s] Level 1:colcon.colcon_core.shell:create_environment_hook('diffdrive_arduino', 'ld_library_path_lib')
[3.312s] INFO:colcon.colcon_core.shell:Creating environment hook '/home/mazen/course_ws/src/install/diffdrive_arduino/share/diffdrive_arduino/hook/ld_library_path_lib.ps1'
[3.312s] INFO:colcon.colcon_core.shell:Creating environment descriptor '/home/mazen/course_ws/src/install/diffdrive_arduino/share/diffdrive_arduino/hook/ld_library_path_lib.dsv'
[3.312s] INFO:colcon.colcon_core.shell:Creating environment hook '/home/mazen/course_ws/src/install/diffdrive_arduino/share/diffdrive_arduino/hook/ld_library_path_lib.sh'
[3.313s] Level 1:colcon.colcon_core.environment:checking '/home/mazen/course_ws/src/install/diffdrive_arduino/bin'
[3.313s] Level 1:colcon.colcon_core.environment:checking '/home/mazen/course_ws/src/install/diffdrive_arduino/lib/pkgconfig/diffdrive_arduino.pc'
[3.313s] Level 1:colcon.colcon_core.environment:checking '/home/mazen/course_ws/src/install/diffdrive_arduino/lib/python3.8/site-packages'
[3.313s] Level 1:colcon.colcon_core.environment:checking '/home/mazen/course_ws/src/install/diffdrive_arduino/bin'
[3.313s] INFO:colcon.colcon_core.shell:Creating package script '/home/mazen/course_ws/src/install/diffdrive_arduino/share/diffdrive_arduino/package.ps1'
[3.314s] INFO:colcon.colcon_core.shell:Creating package descriptor '/home/mazen/course_ws/src/install/diffdrive_arduino/share/diffdrive_arduino/package.dsv'
[3.314s] INFO:colcon.colcon_core.shell:Creating package script '/home/mazen/course_ws/src/install/diffdrive_arduino/share/diffdrive_arduino/package.sh'
[3.314s] INFO:colcon.colcon_core.shell:Creating package script '/home/mazen/course_ws/src/install/diffdrive_arduino/share/diffdrive_arduino/package.bash'
[3.315s] INFO:colcon.colcon_core.shell:Creating package script '/home/mazen/course_ws/src/install/diffdrive_arduino/share/diffdrive_arduino/package.zsh'
[3.315s] Level 1:colcon.colcon_core.environment:create_file_with_runtime_dependencies(/home/mazen/course_ws/src/install/diffdrive_arduino/share/colcon-core/packages/diffdrive_arduino)
[3.338s] Level 1:colcon.colcon_core.environment:create_environment_scripts_only(diffdrive_arduino)
[3.338s] Level 1:colcon.colcon_core.environment:checking '/home/mazen/course_ws/src/install/diffdrive_arduino' for CMake module files
[3.339s] Level 1:colcon.colcon_core.environment:checking '/home/mazen/course_ws/src/install/diffdrive_arduino' for CMake config files
[3.339s] Level 1:colcon.colcon_core.shell:create_environment_hook('diffdrive_arduino', 'cmake_prefix_path')
[3.339s] INFO:colcon.colcon_core.shell:Creating environment hook '/home/mazen/course_ws/src/install/diffdrive_arduino/share/diffdrive_arduino/hook/cmake_prefix_path.ps1'
[3.340s] INFO:colcon.colcon_core.shell:Creating environment descriptor '/home/mazen/course_ws/src/install/diffdrive_arduino/share/diffdrive_arduino/hook/cmake_prefix_path.dsv'
[3.340s] INFO:colcon.colcon_core.shell:Creating environment hook '/home/mazen/course_ws/src/install/diffdrive_arduino/share/diffdrive_arduino/hook/cmake_prefix_path.sh'
[3.340s] Level 1:colcon.colcon_core.environment:checking '/home/mazen/course_ws/src/install/diffdrive_arduino/lib'
[3.341s] Level 1:colcon.colcon_core.shell:create_environment_hook('diffdrive_arduino', 'ld_library_path_lib')
[3.341s] INFO:colcon.colcon_core.shell:Creating environment hook '/home/mazen/course_ws/src/install/diffdrive_arduino/share/diffdrive_arduino/hook/ld_library_path_lib.ps1'
[3.341s] INFO:colcon.colcon_core.shell:Creating environment descriptor '/home/mazen/course_ws/src/install/diffdrive_arduino/share/diffdrive_arduino/hook/ld_library_path_lib.dsv'
[3.342s] INFO:colcon.colcon_core.shell:Creating environment hook '/home/mazen/course_ws/src/install/diffdrive_arduino/share/diffdrive_arduino/hook/ld_library_path_lib.sh'
[3.342s] Level 1:colcon.colcon_core.environment:checking '/home/mazen/course_ws/src/install/diffdrive_arduino/bin'
[3.342s] Level 1:colcon.colcon_core.environment:checking '/home/mazen/course_ws/src/install/diffdrive_arduino/lib/pkgconfig/diffdrive_arduino.pc'
[3.342s] Level 1:colcon.colcon_core.environment:checking '/home/mazen/course_ws/src/install/diffdrive_arduino/lib/python3.8/site-packages'
[3.342s] Level 1:colcon.colcon_core.environment:checking '/home/mazen/course_ws/src/install/diffdrive_arduino/bin'
[3.343s] INFO:colcon.colcon_core.shell:Creating package script '/home/mazen/course_ws/src/install/diffdrive_arduino/share/diffdrive_arduino/package.ps1'
[3.343s] INFO:colcon.colcon_core.shell:Creating package descriptor '/home/mazen/course_ws/src/install/diffdrive_arduino/share/diffdrive_arduino/package.dsv'
[3.344s] INFO:colcon.colcon_core.shell:Creating package script '/home/mazen/course_ws/src/install/diffdrive_arduino/share/diffdrive_arduino/package.sh'
[3.344s] INFO:colcon.colcon_core.shell:Creating package script '/home/mazen/course_ws/src/install/diffdrive_arduino/share/diffdrive_arduino/package.bash'
[3.344s] INFO:colcon.colcon_core.shell:Creating package script '/home/mazen/course_ws/src/install/diffdrive_arduino/share/diffdrive_arduino/package.zsh'
[3.344s] Level 1:colcon.colcon_core.environment:create_file_with_runtime_dependencies(/home/mazen/course_ws/src/install/diffdrive_arduino/share/colcon-core/packages/diffdrive_arduino)
[3.345s] DEBUG:colcon.colcon_parallel_executor.executor.parallel:closing loop
[3.345s] DEBUG:colcon.colcon_parallel_executor.executor.parallel:loop closed
[3.345s] DEBUG:colcon.colcon_parallel_executor.executor.parallel:run_until_complete finished with '0'
[3.345s] DEBUG:colcon.colcon_core.event_reactor:joining thread
[3.350s] INFO:colcon.colcon_core.plugin_system:Skipping extension 'colcon_notification.desktop_notification.terminal_notifier': Not used on non-Darwin systems
[3.350s] INFO:colcon.colcon_core.plugin_system:Skipping extension 'colcon_notification.desktop_notification.win32': Not used on non-Windows systems
[3.350s] INFO:colcon.colcon_notification.desktop_notification:Sending desktop notification using 'notify2'
[3.363s] DEBUG:colcon.colcon_core.event_reactor:joined thread
[3.364s] INFO:colcon.colcon_core.shell:Creating prefix script '/home/mazen/course_ws/src/install/local_setup.ps1'
[3.365s] INFO:colcon.colcon_core.shell:Creating prefix util module '/home/mazen/course_ws/src/install/_local_setup_util_ps1.py'
[3.366s] INFO:colcon.colcon_core.shell:Creating prefix chain script '/home/mazen/course_ws/src/install/setup.ps1'
[3.368s] INFO:colcon.colcon_core.shell:Creating prefix script '/home/mazen/course_ws/src/install/local_setup.sh'
[3.368s] INFO:colcon.colcon_core.shell:Creating prefix util module '/home/mazen/course_ws/src/install/_local_setup_util_sh.py'
[3.369s] INFO:colcon.colcon_core.shell:Creating prefix chain script '/home/mazen/course_ws/src/install/setup.sh'
[3.370s] INFO:colcon.colcon_core.shell:Creating prefix script '/home/mazen/course_ws/src/install/local_setup.bash'
[3.370s] INFO:colcon.colcon_core.shell:Creating prefix chain script '/home/mazen/course_ws/src/install/setup.bash'
[3.371s] INFO:colcon.colcon_core.shell:Creating prefix script '/home/mazen/course_ws/src/install/local_setup.zsh'
[3.371s] INFO:colcon.colcon_core.shell:Creating prefix chain script '/home/mazen/course_ws/src/install/setup.zsh'
