[0.013s] Invoking command in '/home/mazen/course_ws/src/build/diffdrive_arduino': AMENT_PREFIX_PATH=/home/mazen/course_ws/src/install/serial:${AMENT_PREFIX_PATH} CMAKE_PREFIX_PATH=/home/mazen/course_ws/src/install/serial:/home/mazen/course_ws/install/serial:/home/mazen/course_ws/install/rplidar_ros:/home/mazen/course_ws/install/diff_bot:/opt/ros/foxy LD_LIBRARY_PATH=/home/mazen/course_ws/src/install/serial/lib:${LD_LIBRARY_PATH} /usr/bin/cmake /home/mazen/course_ws/src/ros2_control_diff_drive/diffdrive -DAMENT_CMAKE_SYMLINK_INSTALL=1 -DCMAKE_INSTALL_PREFIX=/home/mazen/course_ws/src/install/diffdrive_arduino
[0.374s] -- The C compiler identification is GNU 9.4.0
[1.090s] -- The CXX compiler identification is GNU 9.4.0
[1.097s] -- Check for working C compiler: /usr/bin/cc
[1.906s] -- Check for working C compiler: /usr/bin/cc -- works
[1.907s] -- Detecting C compiler ABI info
[2.269s] -- Detecting C compiler ABI info - done
[2.286s] -- Detecting C compile features
[2.287s] -- Detecting C compile features - done
[2.289s] -- Check for working CXX compiler: /usr/bin/c++
[2.636s] -- Check for working CXX compiler: /usr/bin/c++ -- works
[2.637s] -- Detecting CXX compiler ABI info
[3.016s] -- Detecting CXX compiler ABI info - done
[3.027s] -- Detecting CXX compile features
[3.028s] -- Detecting CXX compile features - done
[3.029s] -- Found ament_cmake: 0.9.12 (/opt/ros/foxy/share/ament_cmake/cmake)
[3.050s] -- Found PythonInterp: /usr/bin/python3 (found suitable version "3.8.10", minimum required is "3") 
[3.050s] -- Using PYTHON_EXECUTABLE: /usr/bin/python3
[3.207s] -- Override CMake install command with custom implementation using symlinks instead of copying resources
[3.226s] -- Found serial: 1.2.1 (/home/mazen/course_ws/src/install/serial/share/serial/cmake)
[3.433s] -- Found hardware_interface: 0.11.0 (/opt/ros/foxy/share/hardware_interface/cmake)
[4.920s] -- Using all available rosidl_typesupport_c: rosidl_typesupport_fastrtps_c;rosidl_typesupport_introspection_c
[4.927s] -- Found rosidl_adapter: 1.3.1 (/opt/ros/foxy/share/rosidl_adapter/cmake)
[4.994s] -- Found OpenSSL: /usr/lib/x86_64-linux-gnu/libcrypto.so (found version "1.1.1f")  
[5.018s] -- Found FastRTPS: /opt/ros/foxy/include  
[5.082s] -- Using all available rosidl_typesupport_cpp: rosidl_typesupport_fastrtps_cpp;rosidl_typesupport_introspection_cpp
[6.990s] -- Found controller_manager: 0.11.0 (/opt/ros/foxy/share/controller_manager/cmake)
[7.101s] -- Found rmw_implementation_cmake: 1.0.4 (/opt/ros/foxy/share/rmw_implementation_cmake/cmake)
[7.103s] -- Using RMW implementation 'rmw_fastrtps_cpp' as default
[7.103s] -- Looking for pthread.h
[7.163s] -- Looking for pthread.h - found
[7.164s] -- Performing Test CMAKE_HAVE_LIBC_PTHREAD
[7.224s] -- Performing Test CMAKE_HAVE_LIBC_PTHREAD - Failed
[7.224s] -- Looking for pthread_create in pthreads
[7.272s] -- Looking for pthread_create in pthreads - not found
[7.273s] -- Looking for pthread_create in pthread
[7.329s] -- Looking for pthread_create in pthread - found
[7.330s] -- Found Threads: TRUE  
[8.053s] -- Configuring done
[8.580s] -- Generating done
[8.582s] -- Build files have been written to: /home/mazen/course_ws/src/build/diffdrive_arduino
[8.589s] Invoked command in '/home/mazen/course_ws/src/build/diffdrive_arduino' returned '0': AMENT_PREFIX_PATH=/home/mazen/course_ws/src/install/serial:${AMENT_PREFIX_PATH} CMAKE_PREFIX_PATH=/home/mazen/course_ws/src/install/serial:/home/mazen/course_ws/install/serial:/home/mazen/course_ws/install/rplidar_ros:/home/mazen/course_ws/install/diff_bot:/opt/ros/foxy LD_LIBRARY_PATH=/home/mazen/course_ws/src/install/serial/lib:${LD_LIBRARY_PATH} /usr/bin/cmake /home/mazen/course_ws/src/ros2_control_diff_drive/diffdrive -DAMENT_CMAKE_SYMLINK_INSTALL=1 -DCMAKE_INSTALL_PREFIX=/home/mazen/course_ws/src/install/diffdrive_arduino
[8.591s] Invoking command in '/home/mazen/course_ws/src/build/diffdrive_arduino': AMENT_PREFIX_PATH=/home/mazen/course_ws/src/install/serial:${AMENT_PREFIX_PATH} CMAKE_PREFIX_PATH=/home/mazen/course_ws/src/install/serial:/home/mazen/course_ws/install/serial:/home/mazen/course_ws/install/rplidar_ros:/home/mazen/course_ws/install/diff_bot:/opt/ros/foxy LD_LIBRARY_PATH=/home/mazen/course_ws/src/install/serial/lib:${LD_LIBRARY_PATH} /usr/bin/cmake --build /home/mazen/course_ws/src/build/diffdrive_arduino -- -j8 -l8
[8.624s] [35m[1mScanning dependencies of target fake_robot[0m
[8.624s] [35m[1mScanning dependencies of target diffdrive_arduino[0m
[8.683s] [ 14%] [32mBuilding CXX object CMakeFiles/diffdrive_arduino.dir/src/diffdrive_arduino.cpp.o[0m
[8.685s] [ 28%] [32mBuilding CXX object CMakeFiles/diffdrive_arduino.dir/src/arduino_comms.cpp.o[0m
[8.685s] [ 42%] [32mBuilding CXX object CMakeFiles/diffdrive_arduino.dir/src/wheel.cpp.o[0m
[8.694s] [ 57%] [32mBuilding CXX object CMakeFiles/fake_robot.dir/src/wheel.cpp.o[0m
[8.695s] [ 71%] [32mBuilding CXX object CMakeFiles/fake_robot.dir/src/fake_robot.cpp.o[0m
[11.190s] [ 85%] [32m[1mLinking CXX shared library libfake_robot.so[0m
[11.198s] [100%] [32m[1mLinking CXX shared library libdiffdrive_arduino.so[0m
[11.628s] [100%] Built target fake_robot
[11.642s] [100%] Built target diffdrive_arduino
[11.654s] Invoked command in '/home/mazen/course_ws/src/build/diffdrive_arduino' returned '0': AMENT_PREFIX_PATH=/home/mazen/course_ws/src/install/serial:${AMENT_PREFIX_PATH} CMAKE_PREFIX_PATH=/home/mazen/course_ws/src/install/serial:/home/mazen/course_ws/install/serial:/home/mazen/course_ws/install/rplidar_ros:/home/mazen/course_ws/install/diff_bot:/opt/ros/foxy LD_LIBRARY_PATH=/home/mazen/course_ws/src/install/serial/lib:${LD_LIBRARY_PATH} /usr/bin/cmake --build /home/mazen/course_ws/src/build/diffdrive_arduino -- -j8 -l8
[11.683s] Invoking command in '/home/mazen/course_ws/src/build/diffdrive_arduino': AMENT_PREFIX_PATH=/home/mazen/course_ws/src/install/serial:${AMENT_PREFIX_PATH} CMAKE_PREFIX_PATH=/home/mazen/course_ws/src/install/serial:/home/mazen/course_ws/install/serial:/home/mazen/course_ws/install/rplidar_ros:/home/mazen/course_ws/install/diff_bot:/opt/ros/foxy LD_LIBRARY_PATH=/home/mazen/course_ws/src/install/serial/lib:${LD_LIBRARY_PATH} /usr/bin/cmake --install /home/mazen/course_ws/src/build/diffdrive_arduino
[11.690s] -- Install configuration: ""
[11.691s] -- Execute custom install script
[11.691s] -- Symlinking: /home/mazen/course_ws/src/install/diffdrive_arduino/share/diffdrive_arduino//robot_hardware.xml
[11.699s] -- Symlinking: /home/mazen/course_ws/src/install/diffdrive_arduino/share/diffdrive_arduino//fake_robot_hardware.xml
[11.708s] -- Symlinking: /home/mazen/course_ws/src/install/diffdrive_arduino/lib/libdiffdrive_arduino.so
[11.716s] -- Symlinking: /home/mazen/course_ws/src/install/diffdrive_arduino/lib/libfake_robot.so
[11.725s] -- Symlinking: /home/mazen/course_ws/src/install/diffdrive_arduino/share/diffdrive_arduino/controllers/robot_controller_example.yaml
[11.733s] -- Symlinking: /home/mazen/course_ws/src/install/diffdrive_arduino/share/diffdrive_arduino/fake_robot.launch.py
[11.741s] -- Symlinking: /home/mazen/course_ws/src/install/diffdrive_arduino/share/diffdrive_arduino/test_robot.launch.py
[11.750s] -- Symlinking: /home/mazen/course_ws/src/install/diffdrive_arduino/share/diffdrive_arduino/environment/library_path.sh
[11.758s] -- Symlinking: /home/mazen/course_ws/src/install/diffdrive_arduino/share/diffdrive_arduino/environment/library_path.dsv
[11.766s] -- Symlinking: /home/mazen/course_ws/src/install/diffdrive_arduino/share/ament_index/resource_index/package_run_dependencies/diffdrive_arduino
[11.775s] -- Symlinking: /home/mazen/course_ws/src/install/diffdrive_arduino/share/ament_index/resource_index/parent_prefix_path/diffdrive_arduino
[11.783s] -- Symlinking: /home/mazen/course_ws/src/install/diffdrive_arduino/share/diffdrive_arduino/environment/ament_prefix_path.sh
[11.791s] -- Symlinking: /home/mazen/course_ws/src/install/diffdrive_arduino/share/diffdrive_arduino/environment/ament_prefix_path.dsv
[11.799s] -- Symlinking: /home/mazen/course_ws/src/install/diffdrive_arduino/share/diffdrive_arduino/environment/path.sh
[11.808s] -- Symlinking: /home/mazen/course_ws/src/install/diffdrive_arduino/share/diffdrive_arduino/environment/path.dsv
[11.816s] -- Symlinking: /home/mazen/course_ws/src/install/diffdrive_arduino/share/diffdrive_arduino/local_setup.bash
[11.825s] -- Symlinking: /home/mazen/course_ws/src/install/diffdrive_arduino/share/diffdrive_arduino/local_setup.sh
[11.834s] -- Symlinking: /home/mazen/course_ws/src/install/diffdrive_arduino/share/diffdrive_arduino/local_setup.zsh
[11.843s] -- Symlinking: /home/mazen/course_ws/src/install/diffdrive_arduino/share/diffdrive_arduino/local_setup.dsv
[11.851s] -- Symlinking: /home/mazen/course_ws/src/install/diffdrive_arduino/share/diffdrive_arduino/package.dsv
[11.859s] -- Symlinking: /home/mazen/course_ws/src/install/diffdrive_arduino/share/ament_index/resource_index/packages/diffdrive_arduino
[11.867s] -- Symlinking: /home/mazen/course_ws/src/install/diffdrive_arduino/share/ament_index/resource_index/hardware_interface__pluginlib__plugin/diffdrive_arduino
[11.875s] -- Symlinking: /home/mazen/course_ws/src/install/diffdrive_arduino/share/diffdrive_arduino/cmake/ament_cmake_export_libraries-extras.cmake
[11.883s] -- Symlinking: /home/mazen/course_ws/src/install/diffdrive_arduino/share/diffdrive_arduino/cmake/ament_cmake_export_dependencies-extras.cmake
[11.891s] -- Symlinking: /home/mazen/course_ws/src/install/diffdrive_arduino/share/diffdrive_arduino/cmake/diffdrive_arduinoConfig.cmake
[11.899s] -- Symlinking: /home/mazen/course_ws/src/install/diffdrive_arduino/share/diffdrive_arduino/cmake/diffdrive_arduinoConfig-version.cmake
[11.907s] -- Symlinking: /home/mazen/course_ws/src/install/diffdrive_arduino/share/diffdrive_arduino/package.xml
[11.917s] Invoked command in '/home/mazen/course_ws/src/build/diffdrive_arduino' returned '0': AMENT_PREFIX_PATH=/home/mazen/course_ws/src/install/serial:${AMENT_PREFIX_PATH} CMAKE_PREFIX_PATH=/home/mazen/course_ws/src/install/serial:/home/mazen/course_ws/install/serial:/home/mazen/course_ws/install/rplidar_ros:/home/mazen/course_ws/install/diff_bot:/opt/ros/foxy LD_LIBRARY_PATH=/home/mazen/course_ws/src/install/serial/lib:${LD_LIBRARY_PATH} /usr/bin/cmake --install /home/mazen/course_ws/src/build/diffdrive_arduino
