[0.171s] Invoking command in '/home/mazen/course_ws/src/build/diffdrive_arduino': AMENT_PREFIX_PATH=/home/mazen/course_ws/src/install/serial:${AMENT_PREFIX_PATH} CMAKE_PREFIX_PATH=/home/mazen/course_ws/src/install/serial:/opt/ros/foxy LD_LIBRARY_PATH=/home/mazen/course_ws/src/install/serial/lib:${LD_LIBRARY_PATH} /usr/bin/cmake --build /home/mazen/course_ws/src/build/diffdrive_arduino -- -j8 -l8
[0.555s] [35m[1mScanning dependencies of target diffdrive_arduino[0m
[0.589s] [ 42%] Built target fake_robot
[0.734s] [ 57%] [32mBuilding CXX object CMakeFiles/diffdrive_arduino.dir/src/diffdrive_arduino.cpp.o[0m
[6.581s] [ 71%] [32m[1mLinking CXX shared library libdiffdrive_arduino.so[0m
[7.494s] [100%] Built target diffdrive_arduino
[7.505s] Invoked command in '/home/mazen/course_ws/src/build/diffdrive_arduino' returned '0': AMENT_PREFIX_PATH=/home/mazen/course_ws/src/install/serial:${AMENT_PREFIX_PATH} CMAKE_PREFIX_PATH=/home/mazen/course_ws/src/install/serial:/opt/ros/foxy LD_LIBRARY_PATH=/home/mazen/course_ws/src/install/serial/lib:${LD_LIBRARY_PATH} /usr/bin/cmake --build /home/mazen/course_ws/src/build/diffdrive_arduino -- -j8 -l8
[7.531s] Invoking command in '/home/mazen/course_ws/src/build/diffdrive_arduino': AMENT_PREFIX_PATH=/home/mazen/course_ws/src/install/serial:${AMENT_PREFIX_PATH} CMAKE_PREFIX_PATH=/home/mazen/course_ws/src/install/serial:/opt/ros/foxy LD_LIBRARY_PATH=/home/mazen/course_ws/src/install/serial/lib:${LD_LIBRARY_PATH} /usr/bin/cmake --install /home/mazen/course_ws/src/build/diffdrive_arduino
[7.542s] -- Install configuration: ""
[7.575s] -- Execute custom install script
[7.575s] -- Up-to-date symlink: /home/mazen/course_ws/src/install/diffdrive_arduino/share/diffdrive_arduino//robot_hardware.xml
[7.575s] -- Up-to-date symlink: /home/mazen/course_ws/src/install/diffdrive_arduino/share/diffdrive_arduino//fake_robot_hardware.xml
[7.576s] -- Up-to-date symlink: /home/mazen/course_ws/src/install/diffdrive_arduino/lib/libdiffdrive_arduino.so
[7.576s] -- Up-to-date symlink: /home/mazen/course_ws/src/install/diffdrive_arduino/lib/libfake_robot.so
[7.577s] -- Up-to-date symlink: /home/mazen/course_ws/src/install/diffdrive_arduino/share/diffdrive_arduino/controllers/robot_controller_example.yaml
[7.577s] -- Up-to-date symlink: /home/mazen/course_ws/src/install/diffdrive_arduino/share/diffdrive_arduino/fake_robot.launch.py
[7.577s] -- Up-to-date symlink: /home/mazen/course_ws/src/install/diffdrive_arduino/share/diffdrive_arduino/test_robot.launch.py
[7.578s] -- Up-to-date symlink: /home/mazen/course_ws/src/install/diffdrive_arduino/share/diffdrive_arduino/environment/library_path.sh
[7.578s] -- Up-to-date symlink: /home/mazen/course_ws/src/install/diffdrive_arduino/share/diffdrive_arduino/environment/library_path.dsv
[7.578s] -- Up-to-date symlink: /home/mazen/course_ws/src/install/diffdrive_arduino/share/ament_index/resource_index/package_run_dependencies/diffdrive_arduino
[7.578s] -- Up-to-date symlink: /home/mazen/course_ws/src/install/diffdrive_arduino/share/ament_index/resource_index/parent_prefix_path/diffdrive_arduino
[7.579s] -- Up-to-date symlink: /home/mazen/course_ws/src/install/diffdrive_arduino/share/diffdrive_arduino/environment/ament_prefix_path.sh
[7.579s] -- Up-to-date symlink: /home/mazen/course_ws/src/install/diffdrive_arduino/share/diffdrive_arduino/environment/ament_prefix_path.dsv
[7.579s] -- Up-to-date symlink: /home/mazen/course_ws/src/install/diffdrive_arduino/share/diffdrive_arduino/environment/path.sh
[7.579s] -- Up-to-date symlink: /home/mazen/course_ws/src/install/diffdrive_arduino/share/diffdrive_arduino/environment/path.dsv
[7.580s] -- Up-to-date symlink: /home/mazen/course_ws/src/install/diffdrive_arduino/share/diffdrive_arduino/local_setup.bash
[7.580s] -- Up-to-date symlink: /home/mazen/course_ws/src/install/diffdrive_arduino/share/diffdrive_arduino/local_setup.sh
[7.580s] -- Up-to-date symlink: /home/mazen/course_ws/src/install/diffdrive_arduino/share/diffdrive_arduino/local_setup.zsh
[7.580s] -- Up-to-date symlink: /home/mazen/course_ws/src/install/diffdrive_arduino/share/diffdrive_arduino/local_setup.dsv
[7.581s] -- Symlinking: /home/mazen/course_ws/src/install/diffdrive_arduino/share/diffdrive_arduino/package.dsv
[7.589s] -- Up-to-date symlink: /home/mazen/course_ws/src/install/diffdrive_arduino/share/ament_index/resource_index/packages/diffdrive_arduino
[7.589s] -- Up-to-date symlink: /home/mazen/course_ws/src/install/diffdrive_arduino/share/ament_index/resource_index/hardware_interface__pluginlib__plugin/diffdrive_arduino
[7.589s] -- Up-to-date symlink: /home/mazen/course_ws/src/install/diffdrive_arduino/share/diffdrive_arduino/cmake/ament_cmake_export_libraries-extras.cmake
[7.590s] -- Up-to-date symlink: /home/mazen/course_ws/src/install/diffdrive_arduino/share/diffdrive_arduino/cmake/ament_cmake_export_dependencies-extras.cmake
[7.590s] -- Up-to-date symlink: /home/mazen/course_ws/src/install/diffdrive_arduino/share/diffdrive_arduino/cmake/diffdrive_arduinoConfig.cmake
[7.590s] -- Up-to-date symlink: /home/mazen/course_ws/src/install/diffdrive_arduino/share/diffdrive_arduino/cmake/diffdrive_arduinoConfig-version.cmake
[7.590s] -- Up-to-date symlink: /home/mazen/course_ws/src/install/diffdrive_arduino/share/diffdrive_arduino/package.xml
[7.592s] Invoked command in '/home/mazen/course_ws/src/build/diffdrive_arduino' returned '0': AMENT_PREFIX_PATH=/home/mazen/course_ws/src/install/serial:${AMENT_PREFIX_PATH} CMAKE_PREFIX_PATH=/home/mazen/course_ws/src/install/serial:/opt/ros/foxy LD_LIBRARY_PATH=/home/mazen/course_ws/src/install/serial/lib:${LD_LIBRARY_PATH} /usr/bin/cmake --install /home/mazen/course_ws/src/build/diffdrive_arduino
