[0.020s] Invoking command in '/home/mazen/course_ws/src/build/rplidar_ros': CMAKE_PREFIX_PATH=${CMAKE_PREFIX_PATH}:/opt/ros/foxy /usr/bin/cmake /home/mazen/course_ws/src/rplidar_ros2 -DAMENT_CMAKE_SYMLINK_INSTALL=1 -DCMAKE_INSTALL_PREFIX=/home/mazen/course_ws/src/install/rplidar_ros
[0.071s] -- The C compiler identification is GNU 9.4.0
[0.124s] -- The CXX compiler identification is GNU 9.4.0
[0.130s] -- Check for working C compiler: /usr/bin/cc
[0.189s] -- Check for working C compiler: /usr/bin/cc -- works
[0.189s] -- Detecting C compiler ABI info
[0.277s] -- Detecting C compiler ABI info - done
[0.293s] -- Detecting C compile features
[0.293s] -- Detecting C compile features - done
[0.297s] -- Check for working CXX compiler: /usr/bin/c++
[0.394s] -- Check for working CXX compiler: /usr/bin/c++ -- works
[0.397s] -- Detecting CXX compiler ABI info
[0.496s] -- Detecting CXX compiler ABI info - done
[0.508s] -- Detecting CXX compile features
[0.509s] -- Detecting CXX compile features - done
[0.524s] -- Found ament_cmake_auto: 0.9.12 (/opt/ros/foxy/share/ament_cmake_auto/cmake)
[0.571s] -- Found PythonInterp: /usr/bin/python3 (found suitable version "3.8.10", minimum required is "3") 
[0.571s] -- Using PYTHON_EXECUTABLE: /usr/bin/python3
[0.839s] -- Override CMake install command with custom implementation using symlinks instead of copying resources
[0.867s] -- Found ament_cmake_ros: 0.9.2 (/opt/ros/foxy/share/ament_cmake_ros/cmake)
[1.009s] -- Using all available rosidl_typesupport_c: rosidl_typesupport_fastrtps_c;rosidl_typesupport_introspection_c
[1.016s] -- Found rosidl_adapter: 1.3.1 (/opt/ros/foxy/share/rosidl_adapter/cmake)
[1.097s] -- Found OpenSSL: /usr/lib/x86_64-linux-gnu/libcrypto.so (found version "1.1.1f")  
[1.126s] -- Found FastRTPS: /opt/ros/foxy/include  
[1.211s] -- Using all available rosidl_typesupport_cpp: rosidl_typesupport_fastrtps_cpp;rosidl_typesupport_introspection_cpp
[1.292s] -- Found rmw_implementation_cmake: 1.0.4 (/opt/ros/foxy/share/rmw_implementation_cmake/cmake)
[1.295s] -- Using RMW implementation 'rmw_fastrtps_cpp' as default
[1.296s] -- Looking for pthread.h
[1.489s] -- Looking for pthread.h - found
[1.490s] -- Performing Test CMAKE_HAVE_LIBC_PTHREAD
[1.736s] -- Performing Test CMAKE_HAVE_LIBC_PTHREAD - Failed
[1.736s] -- Looking for pthread_create in pthreads
[1.916s] -- Looking for pthread_create in pthreads - not found
[1.917s] -- Looking for pthread_create in pthread
[2.116s] -- Looking for pthread_create in pthread - found
[2.120s] -- Found Threads: TRUE  
[2.840s] -- Configuring done
[2.870s] -- Generating done
[2.882s] -- Build files have been written to: /home/mazen/course_ws/src/build/rplidar_ros
[2.911s] Invoked command in '/home/mazen/course_ws/src/build/rplidar_ros' returned '0': CMAKE_PREFIX_PATH=${CMAKE_PREFIX_PATH}:/opt/ros/foxy /usr/bin/cmake /home/mazen/course_ws/src/rplidar_ros2 -DAMENT_CMAKE_SYMLINK_INSTALL=1 -DCMAKE_INSTALL_PREFIX=/home/mazen/course_ws/src/install/rplidar_ros
[2.915s] Invoking command in '/home/mazen/course_ws/src/build/rplidar_ros': CMAKE_PREFIX_PATH=${CMAKE_PREFIX_PATH}:/opt/ros/foxy /usr/bin/cmake --build /home/mazen/course_ws/src/build/rplidar_ros -- -j8 -l8
[2.956s] [35m[1mScanning dependencies of target rplidarNodeClient[0m
[2.956s] [35m[1mScanning dependencies of target rplidar_composition_node[0m
[2.959s] [35m[1mScanning dependencies of target rplidarNode[0m
[3.022s] [  5%] [32mBuilding CXX object CMakeFiles/rplidarNodeClient.dir/src/client.cpp.o[0m
[3.035s] [ 11%] [32mBuilding CXX object CMakeFiles/rplidar_composition_node.dir/src/rplidar_node.cpp.o[0m
[3.072s] [ 16%] [32mBuilding CXX object CMakeFiles/rplidar_composition_node.dir/sdk/src/arch/linux/net_serial.cpp.o[0m
[3.073s] [ 22%] [32mBuilding CXX object CMakeFiles/rplidar_composition_node.dir/sdk/src/arch/linux/net_socket.cpp.o[0m
[3.073s] [ 27%] [32mBuilding CXX object CMakeFiles/rplidar_composition_node.dir/sdk/src/rplidar_driver.cpp.o[0m
[3.078s] [ 33%] [32mBuilding CXX object CMakeFiles/rplidar_composition_node.dir/sdk/src/hal/thread.cpp.o[0m
[3.086s] [ 38%] [32mBuilding CXX object CMakeFiles/rplidar_composition_node.dir/sdk/src/arch/linux/timer.cpp.o[0m
[3.138s] [ 44%] [32mBuilding CXX object CMakeFiles/rplidarNode.dir/src/node.cpp.o[0m
[3.408s] [01m[K/home/mazen/course_ws/src/rplidar_ros2/src/client.cpp:43:[m[K [01;35m[Kwarning: [m[K"M_PI" redefined
[3.408s]    43 | #define M_PI 3.1415926535897932384626433832795
[3.408s]       | 
[3.408s] In file included from [01m[K/usr/include/c++/9/cmath:45[m[K,
[3.408s]                  from [01m[K/opt/ros/foxy/include/libstatistics_collector/moving_average_statistics/types.hpp:18[m[K,
[3.408s]                  from [01m[K/opt/ros/foxy/include/libstatistics_collector/collector/generate_statistics_message.hpp:24[m[K,
[3.408s]                  from [01m[K/opt/ros/foxy/include/rclcpp/topic_statistics/subscription_topic_statistics.hpp:23[m[K,
[3.409s]                  from [01m[K/opt/ros/foxy/include/rclcpp/subscription.hpp:50[m[K,
[3.409s]                  from [01m[K/opt/ros/foxy/include/rclcpp/any_executable.hpp:25[m[K,
[3.409s]                  from [01m[K/opt/ros/foxy/include/rclcpp/memory_strategy.hpp:24[m[K,
[3.409s]                  from [01m[K/opt/ros/foxy/include/rclcpp/memory_strategies.hpp:18[m[K,
[3.409s]                  from [01m[K/opt/ros/foxy/include/rclcpp/executor_options.hpp:20[m[K,
[3.409s]                  from [01m[K/opt/ros/foxy/include/rclcpp/executor.hpp:33[m[K,
[3.409s]                  from [01m[K/opt/ros/foxy/include/rclcpp/executors/multi_threaded_executor.hpp:26[m[K,
[3.410s]                  from [01m[K/opt/ros/foxy/include/rclcpp/executors.hpp:21[m[K,
[3.410s]                  from [01m[K/opt/ros/foxy/include/rclcpp/rclcpp.hpp:146[m[K,
[3.410s]                  from [01m[K/home/mazen/course_ws/src/rplidar_ros2/src/client.cpp:38[m[K:
[3.410s] [01m[K/usr/include/math.h:1070:[m[K [01;36m[Knote: [m[Kthis is the location of the previous definition
[3.410s]  1070 | # define M_PI  3.14159265358979323846 /* pi */
[3.410s]       | 
[3.579s] [01m[K/home/mazen/course_ws/src/rplidar_ros2/src/node.cpp:51:[m[K [01;35m[Kwarning: [m[K"M_PI" redefined
[3.579s]    51 | #define M_PI 3.1415926535897932384626433832795
[3.580s]       | 
[3.580s] In file included from [01m[K/usr/include/c++/9/cmath:45[m[K,
[3.580s]                  from [01m[K/opt/ros/foxy/include/libstatistics_collector/moving_average_statistics/types.hpp:18[m[K,
[3.581s]                  from [01m[K/opt/ros/foxy/include/libstatistics_collector/collector/generate_statistics_message.hpp:24[m[K,
[3.581s]                  from [01m[K/opt/ros/foxy/include/rclcpp/topic_statistics/subscription_topic_statistics.hpp:23[m[K,
[3.581s]                  from [01m[K/opt/ros/foxy/include/rclcpp/subscription.hpp:50[m[K,
[3.581s]                  from [01m[K/opt/ros/foxy/include/rclcpp/any_executable.hpp:25[m[K,
[3.582s]                  from [01m[K/opt/ros/foxy/include/rclcpp/memory_strategy.hpp:24[m[K,
[3.582s]                  from [01m[K/opt/ros/foxy/include/rclcpp/memory_strategies.hpp:18[m[K,
[3.582s]                  from [01m[K/opt/ros/foxy/include/rclcpp/executor_options.hpp:20[m[K,
[3.582s]                  from [01m[K/opt/ros/foxy/include/rclcpp/executor.hpp:33[m[K,
[3.582s]                  from [01m[K/opt/ros/foxy/include/rclcpp/executors/multi_threaded_executor.hpp:26[m[K,
[3.582s]                  from [01m[K/opt/ros/foxy/include/rclcpp/executors.hpp:21[m[K,
[3.583s]                  from [01m[K/opt/ros/foxy/include/rclcpp/rclcpp.hpp:146[m[K,
[3.583s]                  from [01m[K/home/mazen/course_ws/src/rplidar_ros2/src/node.cpp:36[m[K:
[3.583s] [01m[K/usr/include/math.h:1070:[m[K [01;36m[Knote: [m[Kthis is the location of the previous definition
[3.583s]  1070 | # define M_PI  3.14159265358979323846 /* pi */
[3.583s]       | 
[3.584s] [01m[K/home/mazen/course_ws/src/rplidar_ros2/src/node.cpp:231:14:[m[K [01;35m[Kwarning: [m[Kinvalid suffix on literal; C++11 requires a space between literal and string macro [[01;35m[K-Wliteral-suffix[m[K]
[3.585s]   231 |     ROS_INFO([01;35m[K"[m[KRPLIDAR running on ROS package rplidar_ros. SDK Version:"RPLIDAR_SDK_VERSION"");
[3.585s]       |              [01;35m[K^[m[K
[3.586s] In file included from [01m[K/home/mazen/course_ws/src/rplidar_ros2/src/rplidar_node.cpp:36[m[K:
[3.587s] [01m[K/home/mazen/course_ws/src/rplidar_ros2/include/rplidar_node.hpp:50:[m[K [01;35m[Kwarning: [m[K"M_PI" redefined
[3.587s]    50 | #define M_PI 3.1415926535897932384626433832795
[3.587s]       | 
[3.595s] In file included from [01m[K/usr/include/c++/9/cmath:45[m[K,
[3.595s]                  from [01m[K/opt/ros/foxy/include/libstatistics_collector/moving_average_statistics/types.hpp:18[m[K,
[3.595s]                  from [01m[K/opt/ros/foxy/include/libstatistics_collector/collector/generate_statistics_message.hpp:24[m[K,
[3.596s]                  from [01m[K/opt/ros/foxy/include/rclcpp/topic_statistics/subscription_topic_statistics.hpp:23[m[K,
[3.596s]                  from [01m[K/opt/ros/foxy/include/rclcpp/subscription.hpp:50[m[K,
[3.596s]                  from [01m[K/opt/ros/foxy/include/rclcpp/any_executable.hpp:25[m[K,
[3.596s]                  from [01m[K/opt/ros/foxy/include/rclcpp/memory_strategy.hpp:24[m[K,
[3.596s]                  from [01m[K/opt/ros/foxy/include/rclcpp/memory_strategies.hpp:18[m[K,
[3.596s]                  from [01m[K/opt/ros/foxy/include/rclcpp/executor_options.hpp:20[m[K,
[3.596s]                  from [01m[K/opt/ros/foxy/include/rclcpp/executor.hpp:33[m[K,
[3.596s]                  from [01m[K/opt/ros/foxy/include/rclcpp/executors/multi_threaded_executor.hpp:26[m[K,
[3.596s]                  from [01m[K/opt/ros/foxy/include/rclcpp/executors.hpp:21[m[K,
[3.596s]                  from [01m[K/opt/ros/foxy/include/rclcpp/rclcpp.hpp:146[m[K,
[3.596s]                  from [01m[K/home/mazen/course_ws/src/rplidar_ros2/include/rplidar_node.hpp:34[m[K,
[3.597s]                  from [01m[K/home/mazen/course_ws/src/rplidar_ros2/src/rplidar_node.cpp:36[m[K:
[3.597s] [01m[K/usr/include/math.h:1070:[m[K [01;36m[Knote: [m[Kthis is the location of the previous definition
[3.597s]  1070 | # define M_PI  3.14159265358979323846 /* pi */
[3.597s]       | 
[3.894s] In file included from [01m[K/home/mazen/course_ws/src/rplidar_ros2/./sdk/include/rplidar.h:39[m[K,
[3.894s]                  from [01m[K/home/mazen/course_ws/src/rplidar_ros2/./sdk/src/sdkcommon.h:48[m[K,
[3.895s]                  from [01m[K/home/mazen/course_ws/src/rplidar_ros2/sdk/src/arch/linux/net_socket.cpp:10[m[K:
[3.895s] [01m[K/home/mazen/course_ws/src/rplidar_ros2/./sdk/include/rplidar_protocol.h:59:14:[m[K [01;35m[Kwarning: [m[KISO C++ forbids zero-size array ‘[01m[Kdata[m[K’ [[01;35m[K-Wpedantic[m[K]
[3.895s]    59 |     _u8 data[[01;35m[K0[m[K];
[3.895s]       |              [01;35m[K^[m[K
[3.895s] In file included from [01m[K/home/mazen/course_ws/src/rplidar_ros2/./sdk/include/rplidar.h:40[m[K,
[3.896s]                  from [01m[K/home/mazen/course_ws/src/rplidar_ros2/./sdk/src/sdkcommon.h:48[m[K,
[3.896s]                  from [01m[K/home/mazen/course_ws/src/rplidar_ros2/sdk/src/arch/linux/net_socket.cpp:10[m[K:
[3.896s] [01m[K/home/mazen/course_ws/src/rplidar_ros2/./sdk/include/rplidar_cmd.h:260:18:[m[K [01;35m[Kwarning: [m[KISO C++ forbids zero-size array ‘[01m[Kpayload[m[K’ [[01;35m[K-Wpedantic[m[K]
[3.896s]   260 |     _u8  payload[[01;35m[K0[m[K];
[3.896s]       |                  [01;35m[K^[m[K
[3.908s] [01m[K/home/mazen/course_ws/src/rplidar_ros2/sdk/src/arch/linux/net_socket.cpp:[m[K In member function ‘[01m[Kvirtual u_result rp::net::SocketAddress::getAddressAsString(char*, size_t) const[m[K’:
[3.908s] [01m[K/home/mazen/course_ws/src/rplidar_ros2/sdk/src/arch/linux/net_socket.cpp:170:17:[m[K [01;35m[Kwarning: [m[Kordered comparison of pointer with integer zero [[01;35m[K-Wextra[m[K]
[3.908s]   170 |     return ans<=[01;35m[K0[m[K?RESULT_OPERATION_FAIL:RESULT_OK;
[3.909s]       |                 [01;35m[K^[m[K
[3.916s] [01m[K/home/mazen/course_ws/src/rplidar_ros2/sdk/src/arch/linux/net_socket.cpp:[m[K In member function ‘[01m[Kvirtual u_result rp::arch::net::StreamSocketImpl::send(const void*, size_t)[m[K’:
[3.917s] [01m[K/home/mazen/course_ws/src/rplidar_ros2/sdk/src/arch/linux/net_socket.cpp:438:17:[m[K [01;35m[Kwarning: [m[Kcomparison of integer expressions of different signedness: ‘[01m[Ksize_t[m[K’ {aka ‘[01m[Klong unsigned int[m[K’} and ‘[01m[Kint[m[K’ [[01;35m[K-Wsign-compare[m[K]
[3.917s]   438 |         if ([01;35m[Kans == (int)len[m[K) {
[3.917s]       |             [01;35m[K~~~~^~~~~~~~~~~[m[K
[3.921s] In file included from [01m[K/home/mazen/course_ws/src/rplidar_ros2/./sdk/src/arch/linux/arch_linux.h:42[m[K,
[3.921s]                  from [01m[K/home/mazen/course_ws/src/rplidar_ros2/./sdk/src/sdkcommon.h:40[m[K,
[3.921s]                  from [01m[K/home/mazen/course_ws/src/rplidar_ros2/sdk/src/arch/linux/net_socket.cpp:10[m[K:
[3.921s] [01m[K/home/mazen/course_ws/src/rplidar_ros2/sdk/src/arch/linux/net_socket.cpp:[m[K In member function ‘[01m[Kvirtual u_result rp::arch::net::DGramSocketImpl::sendTo(const rp::net::SocketAddress&, const void*, size_t)[m[K’:
[3.922s] [01m[K/home/mazen/course_ws/src/rplidar_ros2/sdk/src/arch/linux/net_socket.cpp:726:24:[m[K [01;35m[Kwarning: [m[Kcomparison of integer expressions of different signedness: ‘[01m[Ksize_t[m[K’ {aka ‘[01m[Klong unsigned int[m[K’} and ‘[01m[Kint[m[K’ [[01;35m[K-Wsign-compare[m[K]
[3.922s]   726 |             assert([01;35m[Kans == (int)len[m[K);
[3.922s]       |                    [01;35m[K~~~~^~~~~~~~~~~[m[K
[4.274s] In file included from [01m[K/home/mazen/course_ws/src/rplidar_ros2/./sdk/include/rplidar.h:39[m[K,
[4.274s]                  from [01m[K/home/mazen/course_ws/src/rplidar_ros2/sdk/src/sdkcommon.h:48[m[K,
[4.274s]                  from [01m[K/home/mazen/course_ws/src/rplidar_ros2/sdk/src/rplidar_driver.cpp:35[m[K:
[4.275s] [01m[K/home/mazen/course_ws/src/rplidar_ros2/./sdk/include/rplidar_protocol.h:59:14:[m[K [01;35m[Kwarning: [m[KISO C++ forbids zero-size array ‘[01m[Kdata[m[K’ [[01;35m[K-Wpedantic[m[K]
[4.275s]    59 |     _u8 data[[01;35m[K0[m[K];
[4.275s]       |              [01;35m[K^[m[K
[4.276s] In file included from [01m[K/home/mazen/course_ws/src/rplidar_ros2/./sdk/include/rplidar.h:40[m[K,
[4.276s]                  from [01m[K/home/mazen/course_ws/src/rplidar_ros2/sdk/src/sdkcommon.h:48[m[K,
[4.277s]                  from [01m[K/home/mazen/course_ws/src/rplidar_ros2/sdk/src/rplidar_driver.cpp:35[m[K:
[4.277s] [01m[K/home/mazen/course_ws/src/rplidar_ros2/./sdk/include/rplidar_cmd.h:260:18:[m[K [01;35m[Kwarning: [m[KISO C++ forbids zero-size array ‘[01m[Kpayload[m[K’ [[01;35m[K-Wpedantic[m[K]
[4.277s]   260 |     _u8  payload[[01;35m[K0[m[K];
[4.277s]       |                  [01;35m[K^[m[K
[4.354s] [ 50%] [32mBuilding CXX object CMakeFiles/rplidarNode.dir/sdk/src/arch/linux/net_serial.cpp.o[0m
[4.355s] [ 55%] [32mBuilding CXX object CMakeFiles/rplidarNode.dir/sdk/src/arch/linux/net_socket.cpp.o[0m
[4.359s] [01m[K/home/mazen/course_ws/src/rplidar_ros2/sdk/src/arch/linux/net_serial.cpp:[m[K In member function ‘[01m[Kbool rp::arch::net::raw_serial::open(const char*, uint32_t, uint32_t)[m[K’:
[4.359s] [01m[K/home/mazen/course_ws/src/rplidar_ros2/sdk/src/arch/linux/net_serial.cpp:97:74:[m[K [01;35m[Kwarning: [m[Kunused parameter ‘[01m[Kflags[m[K’ [[01;35m[K-Wunused-parameter[m[K]
[4.360s]    97 | bool raw_serial::open(const char * portname, uint32_t baudrate, [01;35m[Kuint32_t flags[m[K)
[4.360s]       |                                                                 [01;35m[K~~~~~~~~~^~~~~[m[K
[4.360s] [01m[K/home/mazen/course_ws/src/rplidar_ros2/sdk/src/arch/linux/net_serial.cpp:[m[K In member function ‘[01m[Kvirtual void rp::arch::net::raw_serial::flush(_u32)[m[K’:
[4.360s] [01m[K/home/mazen/course_ws/src/rplidar_ros2/sdk/src/arch/linux/net_serial.cpp:281:30:[m[K [01;35m[Kwarning: [m[Kunused parameter ‘[01m[Kflags[m[K’ [[01;35m[K-Wunused-parameter[m[K]
[4.360s]   281 | void raw_serial::flush( [01;35m[K_u32 flags[m[K)
[4.361s]       |                         [01;35m[K~~~~~^~~~~[m[K
[4.361s] [01m[K/home/mazen/course_ws/src/rplidar_ros2/sdk/src/arch/linux/net_serial.cpp:[m[K In member function ‘[01m[Kvirtual int rp::arch::net::raw_serial::waitforsent(_u32, size_t*)[m[K’:
[4.361s] [01m[K/home/mazen/course_ws/src/rplidar_ros2/sdk/src/arch/linux/net_serial.cpp:286:34:[m[K [01;35m[Kwarning: [m[Kunused parameter ‘[01m[Ktimeout[m[K’ [[01;35m[K-Wunused-parameter[m[K]
[4.361s]   286 | int raw_serial::waitforsent([01;35m[K_u32 timeout[m[K, size_t * returned_size)
[4.361s]       |                             [01;35m[K~~~~~^~~~~~~[m[K
[4.361s] [01m[K/home/mazen/course_ws/src/rplidar_ros2/sdk/src/arch/linux/net_serial.cpp:[m[K In member function ‘[01m[Kvirtual int rp::arch::net::raw_serial::waitforrecv(_u32, size_t*)[m[K’:
[4.361s] [01m[K/home/mazen/course_ws/src/rplidar_ros2/sdk/src/arch/linux/net_serial.cpp:292:34:[m[K [01;35m[Kwarning: [m[Kunused parameter ‘[01m[Ktimeout[m[K’ [[01;35m[K-Wunused-parameter[m[K]
[4.361s]   292 | int raw_serial::waitforrecv([01;35m[K_u32 timeout[m[K, size_t * returned_size)
[4.362s]       |                             [01;35m[K~~~~~^~~~~~~[m[K
[4.401s] In file included from [01m[K/home/mazen/course_ws/src/rplidar_ros2/./sdk/include/rplidar.h:39[m[K,
[4.402s]                  from [01m[K/home/mazen/course_ws/src/rplidar_ros2/./sdk/src/sdkcommon.h:48[m[K,
[4.402s]                  from [01m[K/home/mazen/course_ws/src/rplidar_ros2/sdk/src/hal/thread.cpp:35[m[K:
[4.402s] [01m[K/home/mazen/course_ws/src/rplidar_ros2/./sdk/include/rplidar_protocol.h:59:14:[m[K [01;35m[Kwarning: [m[KISO C++ forbids zero-size array ‘[01m[Kdata[m[K’ [[01;35m[K-Wpedantic[m[K]
[4.402s]    59 |     _u8 data[[01;35m[K0[m[K];
[4.402s]       |              [01;35m[K^[m[K
[4.403s] In file included from [01m[K/home/mazen/course_ws/src/rplidar_ros2/./sdk/include/rplidar.h:40[m[K,
[4.404s]                  from [01m[K/home/mazen/course_ws/src/rplidar_ros2/./sdk/src/sdkcommon.h:48[m[K,
[4.404s]                  from [01m[K/home/mazen/course_ws/src/rplidar_ros2/sdk/src/hal/thread.cpp:35[m[K:
[4.404s] [01m[K/home/mazen/course_ws/src/rplidar_ros2/./sdk/include/rplidar_cmd.h:260:18:[m[K [01;35m[Kwarning: [m[KISO C++ forbids zero-size array ‘[01m[Kpayload[m[K’ [[01;35m[K-Wpedantic[m[K]
[4.404s]   260 |     _u8  payload[[01;35m[K0[m[K];
[4.404s]       |                  [01;35m[K^[m[K
[4.407s] In file included from [01m[K/home/mazen/course_ws/src/rplidar_ros2/sdk/src/hal/thread.cpp:43[m[K:
[4.407s] [01m[K/home/mazen/course_ws/src/rplidar_ros2/./sdk/src/arch/linux/thread.hpp:[m[K In static member function ‘[01m[Kstatic rp::hal::Thread rp::hal::Thread::create(thread_proc_t, void*)[m[K’:
[4.408s] [01m[K/home/mazen/course_ws/src/rplidar_ros2/./sdk/src/arch/linux/thread.hpp:48:77:[m[K [01;35m[Kwarning: [m[Kcast between incompatible function types from ‘[01m[Kthread_proc_t[m[K’ {aka ‘[01m[Klong unsigned int (*)(void*)[m[K’} to ‘[01m[Kvoid* (*)(void*)[m[K’ [[01;35m[K-Wcast-function-type[m[K]
[4.408s]    48 |     pthread_create((pthread_t *)&newborn._handle, NULL, (void * (*)(void *))[01;35m[Kproc[m[K, data);
[4.408s]       |                                                                             [01;35m[K^~~~[m[K
[4.409s] [01m[K/home/mazen/course_ws/src/rplidar_ros2/./sdk/src/arch/linux/thread.hpp:[m[K In member function ‘[01m[Ku_result rp::hal::Thread::join(long unsigned int)[m[K’:
[4.409s] [01m[K/home/mazen/course_ws/src/rplidar_ros2/./sdk/src/arch/linux/thread.hpp:129:37:[m[K [01;35m[Kwarning: [m[Kunused parameter ‘[01m[Ktimeout[m[K’ [[01;35m[K-Wunused-parameter[m[K]
[4.410s]   129 | u_result Thread::join([01;35m[Kunsigned long timeout[m[K)
[4.410s]       |                       [01;35m[K~~~~~~~~~~~~~~^~~~~~~[m[K
[4.560s] [01m[K/home/mazen/course_ws/src/rplidar_ros2/sdk/src/rplidar_driver.cpp:[m[K In member function ‘[01m[Kvirtual u_result rp::standalone::rplidar::RPlidarDriverImplCommon::reset(_u32)[m[K’:
[4.561s] [01m[K/home/mazen/course_ws/src/rplidar_ros2/sdk/src/rplidar_driver.cpp:121:46:[m[K [01;35m[Kwarning: [m[Kunused parameter ‘[01m[Ktimeout[m[K’ [[01;35m[K-Wunused-parameter[m[K]
[4.561s]   121 | u_result RPlidarDriverImplCommon::reset([01;35m[K_u32 timeout[m[K)
[4.561s]       |                                         [01;35m[K~~~~~^~~~~~~[m[K
[4.564s] [01m[K/home/mazen/course_ws/src/rplidar_ros2/sdk/src/rplidar_driver.cpp:[m[K In member function ‘[01m[Kvirtual u_result rp::standalone::rplidar::RPlidarDriverImplCommon::checkIfTofLidar(bool&, _u32)[m[K’:
[4.564s] [01m[K/home/mazen/course_ws/src/rplidar_ros2/sdk/src/rplidar_driver.cpp:274:75:[m[K [01;35m[Kwarning: [m[Kunused parameter ‘[01m[Ktimeout[m[K’ [[01;35m[K-Wunused-parameter[m[K]
[4.564s]   274 | u_result RPlidarDriverImplCommon::checkIfTofLidar(bool & isTofLidar, [01;35m[K_u32 timeout[m[K)
[4.564s]       |                                                                      [01;35m[K~~~~~^~~~~~~[m[K
[4.577s] [01m[K/home/mazen/course_ws/src/rplidar_ros2/sdk/src/rplidar_driver.cpp:[m[K In member function ‘[01m[Kvirtual void rp::standalone::rplidar::RPlidarDriverImplCommon::_dense_capsuleToNormal(const rplidar_response_capsule_measurement_nodes_t&, rplidar_response_measurement_node_hq_t*, size_t&)[m[K’:
[4.577s] [01m[K/home/mazen/course_ws/src/rplidar_ros2/sdk/src/rplidar_driver.cpp:872:108:[m[K [01;35m[Kwarning: [m[Ktype qualifiers ignored on cast result type [[01;35m[K-Wignored-qualifiers[m[K]
[4.578s]   872 |             const int dist = static_cast<const int>(_cached_previous_dense_capsuledata.cabins[pos].distance[01;35m[K)[m[K;
[4.578s]       |                                                                                                            [01;35m[K^[m[K
[4.589s] [01m[K/home/mazen/course_ws/src/rplidar_ros2/sdk/src/rplidar_driver.cpp:[m[K In function ‘[01m[K_u32 rp::standalone::rplidar::_crc32cal(_u32, void*, _u16)[m[K’:
[4.589s] [01m[K/home/mazen/course_ws/src/rplidar_ros2/sdk/src/rplidar_driver.cpp:996:23:[m[K [01;35m[Kwarning: [m[Ksuggest parentheses around ‘[01m[K-[m[K’ in operand of ‘[01m[K&[m[K’ [[01;35m[K-Wparentheses[m[K]
[4.589s]   996 |     _u8 leftBytes = [01;35m[K4 - len[m[K & 0x3;
[4.589s]       |                     [01;35m[K~~^~~~~[m[K
[4.590s] [01m[K/home/mazen/course_ws/src/rplidar_ros2/sdk/src/rplidar_driver.cpp:[m[K In member function ‘[01m[Kvirtual void rp::standalone::rplidar::RPlidarDriverImplCommon::_ultraCapsuleToNormal(const rplidar_response_ultra_capsule_measurement_nodes_t&, rplidar_response_measurement_node_hq_t*, size_t&)[m[K’:
[4.590s] [01m[K/home/mazen/course_ws/src/rplidar_ros2/sdk/src/rplidar_driver.cpp:1207:32:[m[K [01;35m[Kwarning: [m[Kcomparison of integer expressions of different signedness: ‘[01m[Kint[m[K’ and ‘[01m[Kunsigned int[m[K’ [[01;35m[K-Wsign-compare[m[K]
[4.590s]  1207 |             if (([01;35m[Kdist_predict1 == 0xFFFFFE00[m[K) || (dist_predict1 == 0x1FF)) {
[4.590s]       |                  [01;35m[K~~~~~~~~~~~~~~^~~~~~~~~~~~~[m[K
[4.590s] [01m[K/home/mazen/course_ws/src/rplidar_ros2/sdk/src/rplidar_driver.cpp:1215:32:[m[K [01;35m[Kwarning: [m[Kcomparison of integer expressions of different signedness: ‘[01m[Kint[m[K’ and ‘[01m[Kunsigned int[m[K’ [[01;35m[K-Wsign-compare[m[K]
[4.590s]  1215 |             if (([01;35m[Kdist_predict2 == 0xFFFFFE00[m[K) || (dist_predict2 == 0x1FF)) {
[4.590s]       |                  [01;35m[K~~~~~~~~~~~~~~^~~~~~~~~~~~~[m[K
[4.594s] [01m[K/home/mazen/course_ws/src/rplidar_ros2/sdk/src/rplidar_driver.cpp:[m[K In member function ‘[01m[Kvirtual u_result rp::standalone::rplidar::RPlidarDriverImplCommon::getAllSupportedScanModes(std::vector<rp::standalone::rplidar::RplidarScanMode>&, _u32)[m[K’:
[4.594s] [01m[K/home/mazen/course_ws/src/rplidar_ros2/sdk/src/rplidar_driver.cpp:1453:105:[m[K [01;35m[Kwarning: [m[Kunused parameter ‘[01m[KtimeoutInMs[m[K’ [[01;35m[K-Wunused-parameter[m[K]
[4.594s]  1453 | u_result RPlidarDriverImplCommon::getAllSupportedScanModes(std::vector<RplidarScanMode>& outModes, [01;35m[K_u32 timeoutInMs[m[K)
[4.594s]       |                                                                                                    [01;35m[K~~~~~^~~~~~~~~~~[m[K
[4.595s] [01m[K/home/mazen/course_ws/src/rplidar_ros2/sdk/src/rplidar_driver.cpp:[m[K In member function ‘[01m[Kvirtual u_result rp::standalone::rplidar::RPlidarDriverImplCommon::startScan(bool, bool, _u32, rp::standalone::rplidar::RplidarScanMode*)[m[K’:
[4.596s] [01m[K/home/mazen/course_ws/src/rplidar_ros2/sdk/src/rplidar_driver.cpp:1550:83:[m[K [01;35m[Kwarning: [m[Kunused parameter ‘[01m[Koptions[m[K’ [[01;35m[K-Wunused-parameter[m[K]
[4.596s]  1550 | u_result RPlidarDriverImplCommon::startScan(bool force, bool useTypicalScan, [01;35m[K_u32 options[m[K, RplidarScanMode* outUsedScanMode)
[4.596s]       |                                                                              [01;35m[K~~~~~^~~~~~~[m[K
[4.598s] [01m[K/home/mazen/course_ws/src/rplidar_ros2/sdk/src/rplidar_driver.cpp:[m[K In member function ‘[01m[Kvirtual u_result rp::standalone::rplidar::RPlidarDriverImplCommon::stop(_u32)[m[K’:
[4.598s] [01m[K/home/mazen/course_ws/src/rplidar_ros2/sdk/src/rplidar_driver.cpp:1774:45:[m[K [01;35m[Kwarning: [m[Kunused parameter ‘[01m[Ktimeout[m[K’ [[01;35m[K-Wunused-parameter[m[K]
[4.599s]  1774 | u_result RPlidarDriverImplCommon::stop([01;35m[K_u32 timeout[m[K)
[4.599s]       |                                        [01;35m[K~~~~~^~~~~~~[m[K
[4.625s] [01m[K/home/mazen/course_ws/src/rplidar_ros2/sdk/src/rplidar_driver.cpp:[m[K In member function ‘[01m[Kvirtual u_result rp::standalone::rplidar::RPlidarDriverImplCommon::setLidarSpinSpeed(_u16, _u32)[m[K’:
[4.626s] [01m[K/home/mazen/course_ws/src/rplidar_ros2/sdk/src/rplidar_driver.cpp:2162:68:[m[K [01;35m[Kwarning: [m[Kunused parameter ‘[01m[Ktimeout[m[K’ [[01;35m[K-Wunused-parameter[m[K]
[4.626s]  2162 | u_result RPlidarDriverImplCommon::setLidarSpinSpeed(_u16 rpm, [01;35m[K_u32 timeout[m[K)
[4.626s]       |                                                               [01;35m[K~~~~~^~~~~~~[m[K
[4.632s] [01m[K/home/mazen/course_ws/src/rplidar_ros2/sdk/src/rplidar_driver.cpp:[m[K In member function ‘[01m[Kvirtual u_result rp::standalone::rplidar::RPlidarDriverSerial::connect(const char*, _u32, _u32)[m[K’:
[4.632s] [01m[K/home/mazen/course_ws/src/rplidar_ros2/sdk/src/rplidar_driver.cpp:2240:83:[m[K [01;35m[Kwarning: [m[Kunused parameter ‘[01m[Kflag[m[K’ [[01;35m[K-Wunused-parameter[m[K]
[4.632s]  2240 | u_result RPlidarDriverSerial::connect(const char * port_path, _u32 baudrate, [01;35m[K_u32 flag[m[K)
[4.632s]       |                                                                              [01;35m[K~~~~~^~~~[m[K
[4.633s] [01m[K/home/mazen/course_ws/src/rplidar_ros2/sdk/src/rplidar_driver.cpp:[m[K In member function ‘[01m[Kvirtual u_result rp::standalone::rplidar::RPlidarDriverTCP::connect(const char*, _u32, _u32)[m[K’:
[4.633s] [01m[K/home/mazen/course_ws/src/rplidar_ros2/sdk/src/rplidar_driver.cpp:2282:72:[m[K [01;35m[Kwarning: [m[Kunused parameter ‘[01m[Kflag[m[K’ [[01;35m[K-Wunused-parameter[m[K]
[4.633s]  2282 | u_result RPlidarDriverTCP::connect(const char * ipStr, _u32 port, [01;35m[K_u32 flag[m[K)
[4.633s]       |                                                                   [01;35m[K~~~~~^~~~[m[K
[4.659s] [ 61%] [32mBuilding CXX object CMakeFiles/rplidarNode.dir/sdk/src/arch/linux/timer.cpp.o[0m
[4.826s] [ 66%] [32mBuilding CXX object CMakeFiles/rplidarNode.dir/sdk/src/hal/thread.cpp.o[0m
[5.408s] In file included from [01m[K/home/mazen/course_ws/src/rplidar_ros2/./sdk/include/rplidar.h:39[m[K,
[5.408s]                  from [01m[K/home/mazen/course_ws/src/rplidar_ros2/./sdk/src/sdkcommon.h:48[m[K,
[5.408s]                  from [01m[K/home/mazen/course_ws/src/rplidar_ros2/sdk/src/arch/linux/net_socket.cpp:10[m[K:
[5.409s] [01m[K/home/mazen/course_ws/src/rplidar_ros2/./sdk/include/rplidar_protocol.h:59:14:[m[K [01;35m[Kwarning: [m[KISO C++ forbids zero-size array ‘[01m[Kdata[m[K’ [[01;35m[K-Wpedantic[m[K]
[5.409s]    59 |     _u8 data[[01;35m[K0[m[K];
[5.409s]       |              [01;35m[K^[m[K
[5.409s] In file included from [01m[K/home/mazen/course_ws/src/rplidar_ros2/./sdk/include/rplidar.h:40[m[K,
[5.409s]                  from [01m[K/home/mazen/course_ws/src/rplidar_ros2/./sdk/src/sdkcommon.h:48[m[K,
[5.409s]                  from [01m[K/home/mazen/course_ws/src/rplidar_ros2/sdk/src/arch/linux/net_socket.cpp:10[m[K:
[5.409s] [01m[K/home/mazen/course_ws/src/rplidar_ros2/./sdk/include/rplidar_cmd.h:260:18:[m[K [01;35m[Kwarning: [m[KISO C++ forbids zero-size array ‘[01m[Kpayload[m[K’ [[01;35m[K-Wpedantic[m[K]
[5.410s]   260 |     _u8  payload[[01;35m[K0[m[K];
[5.410s]       |                  [01;35m[K^[m[K
[5.421s] [01m[K/home/mazen/course_ws/src/rplidar_ros2/sdk/src/arch/linux/net_socket.cpp:[m[K In member function ‘[01m[Kvirtual u_result rp::net::SocketAddress::getAddressAsString(char*, size_t) const[m[K’:
[5.421s] [01m[K/home/mazen/course_ws/src/rplidar_ros2/sdk/src/arch/linux/net_socket.cpp:170:17:[m[K [01;35m[Kwarning: [m[Kordered comparison of pointer with integer zero [[01;35m[K-Wextra[m[K]
[5.421s]   170 |     return ans<=[01;35m[K0[m[K?RESULT_OPERATION_FAIL:RESULT_OK;
[5.422s]       |                 [01;35m[K^[m[K
[5.430s] [01m[K/home/mazen/course_ws/src/rplidar_ros2/sdk/src/arch/linux/net_socket.cpp:[m[K In member function ‘[01m[Kvirtual u_result rp::arch::net::StreamSocketImpl::send(const void*, size_t)[m[K’:
[5.430s] [01m[K/home/mazen/course_ws/src/rplidar_ros2/sdk/src/arch/linux/net_socket.cpp:438:17:[m[K [01;35m[Kwarning: [m[Kcomparison of integer expressions of different signedness: ‘[01m[Ksize_t[m[K’ {aka ‘[01m[Klong unsigned int[m[K’} and ‘[01m[Kint[m[K’ [[01;35m[K-Wsign-compare[m[K]
[5.430s]   438 |         if ([01;35m[Kans == (int)len[m[K) {
[5.430s]       |             [01;35m[K~~~~^~~~~~~~~~~[m[K
[5.435s] In file included from [01m[K/home/mazen/course_ws/src/rplidar_ros2/./sdk/src/arch/linux/arch_linux.h:42[m[K,
[5.435s]                  from [01m[K/home/mazen/course_ws/src/rplidar_ros2/./sdk/src/sdkcommon.h:40[m[K,
[5.436s]                  from [01m[K/home/mazen/course_ws/src/rplidar_ros2/sdk/src/arch/linux/net_socket.cpp:10[m[K:
[5.436s] [01m[K/home/mazen/course_ws/src/rplidar_ros2/sdk/src/arch/linux/net_socket.cpp:[m[K In member function ‘[01m[Kvirtual u_result rp::arch::net::DGramSocketImpl::sendTo(const rp::net::SocketAddress&, const void*, size_t)[m[K’:
[5.436s] [01m[K/home/mazen/course_ws/src/rplidar_ros2/sdk/src/arch/linux/net_socket.cpp:726:24:[m[K [01;35m[Kwarning: [m[Kcomparison of integer expressions of different signedness: ‘[01m[Ksize_t[m[K’ {aka ‘[01m[Klong unsigned int[m[K’} and ‘[01m[Kint[m[K’ [[01;35m[K-Wsign-compare[m[K]
[5.437s]   726 |             assert([01;35m[Kans == (int)len[m[K);
[5.438s]       |                    [01;35m[K~~~~^~~~~~~~~~~[m[K
[5.585s] [ 72%] [32mBuilding CXX object CMakeFiles/rplidarNode.dir/sdk/src/rplidar_driver.cpp.o[0m
[5.627s] [01m[K/home/mazen/course_ws/src/rplidar_ros2/sdk/src/arch/linux/net_serial.cpp:[m[K In member function ‘[01m[Kbool rp::arch::net::raw_serial::open(const char*, uint32_t, uint32_t)[m[K’:
[5.627s] [01m[K/home/mazen/course_ws/src/rplidar_ros2/sdk/src/arch/linux/net_serial.cpp:97:74:[m[K [01;35m[Kwarning: [m[Kunused parameter ‘[01m[Kflags[m[K’ [[01;35m[K-Wunused-parameter[m[K]
[5.628s]    97 | bool raw_serial::open(const char * portname, uint32_t baudrate, [01;35m[Kuint32_t flags[m[K)
[5.628s]       |                                                                 [01;35m[K~~~~~~~~~^~~~~[m[K
[5.629s] [01m[K/home/mazen/course_ws/src/rplidar_ros2/sdk/src/arch/linux/net_serial.cpp:[m[K In member function ‘[01m[Kvirtual void rp::arch::net::raw_serial::flush(_u32)[m[K’:
[5.629s] [01m[K/home/mazen/course_ws/src/rplidar_ros2/sdk/src/arch/linux/net_serial.cpp:281:30:[m[K [01;35m[Kwarning: [m[Kunused parameter ‘[01m[Kflags[m[K’ [[01;35m[K-Wunused-parameter[m[K]
[5.630s]   281 | void raw_serial::flush( [01;35m[K_u32 flags[m[K)
[5.630s]       |                         [01;35m[K~~~~~^~~~~[m[K
[5.630s] [01m[K/home/mazen/course_ws/src/rplidar_ros2/sdk/src/arch/linux/net_serial.cpp:[m[K In member function ‘[01m[Kvirtual int rp::arch::net::raw_serial::waitforsent(_u32, size_t*)[m[K’:
[5.631s] [01m[K/home/mazen/course_ws/src/rplidar_ros2/sdk/src/arch/linux/net_serial.cpp:286:34:[m[K [01;35m[Kwarning: [m[Kunused parameter ‘[01m[Ktimeout[m[K’ [[01;35m[K-Wunused-parameter[m[K]
[5.631s]   286 | int raw_serial::waitforsent([01;35m[K_u32 timeout[m[K, size_t * returned_size)
[5.631s]       |                             [01;35m[K~~~~~^~~~~~~[m[K
[5.631s] [01m[K/home/mazen/course_ws/src/rplidar_ros2/sdk/src/arch/linux/net_serial.cpp:[m[K In member function ‘[01m[Kvirtual int rp::arch::net::raw_serial::waitforrecv(_u32, size_t*)[m[K’:
[5.631s] [01m[K/home/mazen/course_ws/src/rplidar_ros2/sdk/src/arch/linux/net_serial.cpp:292:34:[m[K [01;35m[Kwarning: [m[Kunused parameter ‘[01m[Ktimeout[m[K’ [[01;35m[K-Wunused-parameter[m[K]
[5.632s]   292 | int raw_serial::waitforrecv([01;35m[K_u32 timeout[m[K, size_t * returned_size)
[5.632s]       |                             [01;35m[K~~~~~^~~~~~~[m[K
[5.919s] In file included from [01m[K/home/mazen/course_ws/src/rplidar_ros2/./sdk/include/rplidar.h:39[m[K,
[5.919s]                  from [01m[K/home/mazen/course_ws/src/rplidar_ros2/./sdk/src/sdkcommon.h:48[m[K,
[5.919s]                  from [01m[K/home/mazen/course_ws/src/rplidar_ros2/sdk/src/hal/thread.cpp:35[m[K:
[5.919s] [01m[K/home/mazen/course_ws/src/rplidar_ros2/./sdk/include/rplidar_protocol.h:59:14:[m[K [01;35m[Kwarning: [m[KISO C++ forbids zero-size array ‘[01m[Kdata[m[K’ [[01;35m[K-Wpedantic[m[K]
[5.919s]    59 |     _u8 data[[01;35m[K0[m[K];
[5.920s]       |              [01;35m[K^[m[K
[5.920s] In file included from [01m[K/home/mazen/course_ws/src/rplidar_ros2/./sdk/include/rplidar.h:40[m[K,
[5.920s]                  from [01m[K/home/mazen/course_ws/src/rplidar_ros2/./sdk/src/sdkcommon.h:48[m[K,
[5.920s]                  from [01m[K/home/mazen/course_ws/src/rplidar_ros2/sdk/src/hal/thread.cpp:35[m[K:
[5.920s] [01m[K/home/mazen/course_ws/src/rplidar_ros2/./sdk/include/rplidar_cmd.h:260:18:[m[K [01;35m[Kwarning: [m[KISO C++ forbids zero-size array ‘[01m[Kpayload[m[K’ [[01;35m[K-Wpedantic[m[K]
[5.920s]   260 |     _u8  payload[[01;35m[K0[m[K];
[5.920s]       |                  [01;35m[K^[m[K
[5.923s] In file included from [01m[K/home/mazen/course_ws/src/rplidar_ros2/sdk/src/hal/thread.cpp:43[m[K:
[5.923s] [01m[K/home/mazen/course_ws/src/rplidar_ros2/./sdk/src/arch/linux/thread.hpp:[m[K In static member function ‘[01m[Kstatic rp::hal::Thread rp::hal::Thread::create(thread_proc_t, void*)[m[K’:
[5.923s] [01m[K/home/mazen/course_ws/src/rplidar_ros2/./sdk/src/arch/linux/thread.hpp:48:77:[m[K [01;35m[Kwarning: [m[Kcast between incompatible function types from ‘[01m[Kthread_proc_t[m[K’ {aka ‘[01m[Klong unsigned int (*)(void*)[m[K’} to ‘[01m[Kvoid* (*)(void*)[m[K’ [[01;35m[K-Wcast-function-type[m[K]
[5.923s]    48 |     pthread_create((pthread_t *)&newborn._handle, NULL, (void * (*)(void *))[01;35m[Kproc[m[K, data);
[5.923s]       |                                                                             [01;35m[K^~~~[m[K
[5.923s] [01m[K/home/mazen/course_ws/src/rplidar_ros2/./sdk/src/arch/linux/thread.hpp:[m[K In member function ‘[01m[Ku_result rp::hal::Thread::join(long unsigned int)[m[K’:
[5.924s] [01m[K/home/mazen/course_ws/src/rplidar_ros2/./sdk/src/arch/linux/thread.hpp:129:37:[m[K [01;35m[Kwarning: [m[Kunused parameter ‘[01m[Ktimeout[m[K’ [[01;35m[K-Wunused-parameter[m[K]
[5.924s]   129 | u_result Thread::join([01;35m[Kunsigned long timeout[m[K)
[5.924s]       |                       [01;35m[K~~~~~~~~~~~~~~^~~~~~~[m[K
[6.251s] In file included from [01m[K/home/mazen/course_ws/src/rplidar_ros2/./sdk/include/rplidar.h:39[m[K,
[6.252s]                  from [01m[K/home/mazen/course_ws/src/rplidar_ros2/sdk/src/sdkcommon.h:48[m[K,
[6.252s]                  from [01m[K/home/mazen/course_ws/src/rplidar_ros2/sdk/src/rplidar_driver.cpp:35[m[K:
[6.252s] [01m[K/home/mazen/course_ws/src/rplidar_ros2/./sdk/include/rplidar_protocol.h:59:14:[m[K [01;35m[Kwarning: [m[KISO C++ forbids zero-size array ‘[01m[Kdata[m[K’ [[01;35m[K-Wpedantic[m[K]
[6.252s]    59 |     _u8 data[[01;35m[K0[m[K];
[6.253s]       |              [01;35m[K^[m[K
[6.253s] In file included from [01m[K/home/mazen/course_ws/src/rplidar_ros2/./sdk/include/rplidar.h:40[m[K,
[6.253s]                  from [01m[K/home/mazen/course_ws/src/rplidar_ros2/sdk/src/sdkcommon.h:48[m[K,
[6.253s]                  from [01m[K/home/mazen/course_ws/src/rplidar_ros2/sdk/src/rplidar_driver.cpp:35[m[K:
[6.253s] [01m[K/home/mazen/course_ws/src/rplidar_ros2/./sdk/include/rplidar_cmd.h:260:18:[m[K [01;35m[Kwarning: [m[KISO C++ forbids zero-size array ‘[01m[Kpayload[m[K’ [[01;35m[K-Wpedantic[m[K]
[6.254s]   260 |     _u8  payload[[01;35m[K0[m[K];
[6.254s]       |                  [01;35m[K^[m[K
[6.384s] [01m[K/home/mazen/course_ws/src/rplidar_ros2/sdk/src/rplidar_driver.cpp:[m[K In member function ‘[01m[Kvirtual u_result rp::standalone::rplidar::RPlidarDriverImplCommon::reset(_u32)[m[K’:
[6.384s] [01m[K/home/mazen/course_ws/src/rplidar_ros2/sdk/src/rplidar_driver.cpp:121:46:[m[K [01;35m[Kwarning: [m[Kunused parameter ‘[01m[Ktimeout[m[K’ [[01;35m[K-Wunused-parameter[m[K]
[6.384s]   121 | u_result RPlidarDriverImplCommon::reset([01;35m[K_u32 timeout[m[K)
[6.384s]       |                                         [01;35m[K~~~~~^~~~~~~[m[K
[6.385s] [01m[K/home/mazen/course_ws/src/rplidar_ros2/sdk/src/rplidar_driver.cpp:[m[K In member function ‘[01m[Kvirtual u_result rp::standalone::rplidar::RPlidarDriverImplCommon::checkIfTofLidar(bool&, _u32)[m[K’:
[6.385s] [01m[K/home/mazen/course_ws/src/rplidar_ros2/sdk/src/rplidar_driver.cpp:274:75:[m[K [01;35m[Kwarning: [m[Kunused parameter ‘[01m[Ktimeout[m[K’ [[01;35m[K-Wunused-parameter[m[K]
[6.385s]   274 | u_result RPlidarDriverImplCommon::checkIfTofLidar(bool & isTofLidar, [01;35m[K_u32 timeout[m[K)
[6.385s]       |                                                                      [01;35m[K~~~~~^~~~~~~[m[K
[6.391s] [01m[K/home/mazen/course_ws/src/rplidar_ros2/sdk/src/rplidar_driver.cpp:[m[K In member function ‘[01m[Kvirtual void rp::standalone::rplidar::RPlidarDriverImplCommon::_dense_capsuleToNormal(const rplidar_response_capsule_measurement_nodes_t&, rplidar_response_measurement_node_hq_t*, size_t&)[m[K’:
[6.391s] [01m[K/home/mazen/course_ws/src/rplidar_ros2/sdk/src/rplidar_driver.cpp:872:108:[m[K [01;35m[Kwarning: [m[Ktype qualifiers ignored on cast result type [[01;35m[K-Wignored-qualifiers[m[K]
[6.391s]   872 |             const int dist = static_cast<const int>(_cached_previous_dense_capsuledata.cabins[pos].distance[01;35m[K)[m[K;
[6.391s]       |                                                                                                            [01;35m[K^[m[K
[6.392s] [01m[K/home/mazen/course_ws/src/rplidar_ros2/sdk/src/rplidar_driver.cpp:[m[K In function ‘[01m[K_u32 rp::standalone::rplidar::_crc32cal(_u32, void*, _u16)[m[K’:
[6.392s] [01m[K/home/mazen/course_ws/src/rplidar_ros2/sdk/src/rplidar_driver.cpp:996:23:[m[K [01;35m[Kwarning: [m[Ksuggest parentheses around ‘[01m[K-[m[K’ in operand of ‘[01m[K&[m[K’ [[01;35m[K-Wparentheses[m[K]
[6.392s]   996 |     _u8 leftBytes = [01;35m[K4 - len[m[K & 0x3;
[6.392s]       |                     [01;35m[K~~^~~~~[m[K
[6.394s] [01m[K/home/mazen/course_ws/src/rplidar_ros2/sdk/src/rplidar_driver.cpp:[m[K In member function ‘[01m[Kvirtual void rp::standalone::rplidar::RPlidarDriverImplCommon::_ultraCapsuleToNormal(const rplidar_response_ultra_capsule_measurement_nodes_t&, rplidar_response_measurement_node_hq_t*, size_t&)[m[K’:
[6.394s] [01m[K/home/mazen/course_ws/src/rplidar_ros2/sdk/src/rplidar_driver.cpp:1207:32:[m[K [01;35m[Kwarning: [m[Kcomparison of integer expressions of different signedness: ‘[01m[Kint[m[K’ and ‘[01m[Kunsigned int[m[K’ [[01;35m[K-Wsign-compare[m[K]
[6.394s]  1207 |             if (([01;35m[Kdist_predict1 == 0xFFFFFE00[m[K) || (dist_predict1 == 0x1FF)) {
[6.394s]       |                  [01;35m[K~~~~~~~~~~~~~~^~~~~~~~~~~~~[m[K
[6.394s] [01m[K/home/mazen/course_ws/src/rplidar_ros2/sdk/src/rplidar_driver.cpp:1215:32:[m[K [01;35m[Kwarning: [m[Kcomparison of integer expressions of different signedness: ‘[01m[Kint[m[K’ and ‘[01m[Kunsigned int[m[K’ [[01;35m[K-Wsign-compare[m[K]
[6.394s]  1215 |             if (([01;35m[Kdist_predict2 == 0xFFFFFE00[m[K) || (dist_predict2 == 0x1FF)) {
[6.394s]       |                  [01;35m[K~~~~~~~~~~~~~~^~~~~~~~~~~~~[m[K
[6.399s] [01m[K/home/mazen/course_ws/src/rplidar_ros2/sdk/src/rplidar_driver.cpp:[m[K In member function ‘[01m[Kvirtual u_result rp::standalone::rplidar::RPlidarDriverImplCommon::getAllSupportedScanModes(std::vector<rp::standalone::rplidar::RplidarScanMode>&, _u32)[m[K’:
[6.400s] [01m[K/home/mazen/course_ws/src/rplidar_ros2/sdk/src/rplidar_driver.cpp:1453:105:[m[K [01;35m[Kwarning: [m[Kunused parameter ‘[01m[KtimeoutInMs[m[K’ [[01;35m[K-Wunused-parameter[m[K]
[6.400s]  1453 | u_result RPlidarDriverImplCommon::getAllSupportedScanModes(std::vector<RplidarScanMode>& outModes, [01;35m[K_u32 timeoutInMs[m[K)
[6.400s]       |                                                                                                    [01;35m[K~~~~~^~~~~~~~~~~[m[K
[6.404s] [01m[K/home/mazen/course_ws/src/rplidar_ros2/sdk/src/rplidar_driver.cpp:[m[K In member function ‘[01m[Kvirtual u_result rp::standalone::rplidar::RPlidarDriverImplCommon::startScan(bool, bool, _u32, rp::standalone::rplidar::RplidarScanMode*)[m[K’:
[6.405s] [01m[K/home/mazen/course_ws/src/rplidar_ros2/sdk/src/rplidar_driver.cpp:1550:83:[m[K [01;35m[Kwarning: [m[Kunused parameter ‘[01m[Koptions[m[K’ [[01;35m[K-Wunused-parameter[m[K]
[6.407s]  1550 | u_result RPlidarDriverImplCommon::startScan(bool force, bool useTypicalScan, [01;35m[K_u32 options[m[K, RplidarScanMode* outUsedScanMode)
[6.408s]       |                                                                              [01;35m[K~~~~~^~~~~~~[m[K
[6.414s] [01m[K/home/mazen/course_ws/src/rplidar_ros2/sdk/src/rplidar_driver.cpp:[m[K In member function ‘[01m[Kvirtual u_result rp::standalone::rplidar::RPlidarDriverImplCommon::stop(_u32)[m[K’:
[6.415s] [01m[K/home/mazen/course_ws/src/rplidar_ros2/sdk/src/rplidar_driver.cpp:1774:45:[m[K [01;35m[Kwarning: [m[Kunused parameter ‘[01m[Ktimeout[m[K’ [[01;35m[K-Wunused-parameter[m[K]
[6.415s]  1774 | u_result RPlidarDriverImplCommon::stop([01;35m[K_u32 timeout[m[K)
[6.416s]       |                                        [01;35m[K~~~~~^~~~~~~[m[K
[6.426s] [01m[K/home/mazen/course_ws/src/rplidar_ros2/sdk/src/rplidar_driver.cpp:[m[K In member function ‘[01m[Kvirtual u_result rp::standalone::rplidar::RPlidarDriverImplCommon::setLidarSpinSpeed(_u16, _u32)[m[K’:
[6.426s] [01m[K/home/mazen/course_ws/src/rplidar_ros2/sdk/src/rplidar_driver.cpp:2162:68:[m[K [01;35m[Kwarning: [m[Kunused parameter ‘[01m[Ktimeout[m[K’ [[01;35m[K-Wunused-parameter[m[K]
[6.426s]  2162 | u_result RPlidarDriverImplCommon::setLidarSpinSpeed(_u16 rpm, [01;35m[K_u32 timeout[m[K)
[6.427s]       |                                                               [01;35m[K~~~~~^~~~~~~[m[K
[6.428s] [01m[K/home/mazen/course_ws/src/rplidar_ros2/sdk/src/rplidar_driver.cpp:[m[K In member function ‘[01m[Kvirtual u_result rp::standalone::rplidar::RPlidarDriverSerial::connect(const char*, _u32, _u32)[m[K’:
[6.429s] [01m[K/home/mazen/course_ws/src/rplidar_ros2/sdk/src/rplidar_driver.cpp:2240:83:[m[K [01;35m[Kwarning: [m[Kunused parameter ‘[01m[Kflag[m[K’ [[01;35m[K-Wunused-parameter[m[K]
[6.429s]  2240 | u_result RPlidarDriverSerial::connect(const char * port_path, _u32 baudrate, [01;35m[K_u32 flag[m[K)
[6.429s]       |                                                                              [01;35m[K~~~~~^~~~[m[K
[6.430s] [01m[K/home/mazen/course_ws/src/rplidar_ros2/sdk/src/rplidar_driver.cpp:[m[K In member function ‘[01m[Kvirtual u_result rp::standalone::rplidar::RPlidarDriverTCP::connect(const char*, _u32, _u32)[m[K’:
[6.430s] [01m[K/home/mazen/course_ws/src/rplidar_ros2/sdk/src/rplidar_driver.cpp:2282:72:[m[K [01;35m[Kwarning: [m[Kunused parameter ‘[01m[Kflag[m[K’ [[01;35m[K-Wunused-parameter[m[K]
[6.430s]  2282 | u_result RPlidarDriverTCP::connect(const char * ipStr, _u32 port, [01;35m[K_u32 flag[m[K)
[6.431s]       |                                                                   [01;35m[K~~~~~^~~~[m[K
[6.863s] In file included from [01m[K/home/mazen/course_ws/src/rplidar_ros2/./sdk/include/rplidar.h:39[m[K,
[6.863s]                  from [01m[K/home/mazen/course_ws/src/rplidar_ros2/src/node.cpp:45[m[K:
[6.863s] [01m[K/home/mazen/course_ws/src/rplidar_ros2/./sdk/include/rplidar_protocol.h:59:14:[m[K [01;35m[Kwarning: [m[KISO C++ forbids zero-size array ‘[01m[Kdata[m[K’ [[01;35m[K-Wpedantic[m[K]
[6.863s]    59 |     _u8 data[[01;35m[K0[m[K];
[6.863s]       |              [01;35m[K^[m[K
[6.865s] In file included from [01m[K/home/mazen/course_ws/src/rplidar_ros2/./sdk/include/rplidar.h:40[m[K,
[6.866s]                  from [01m[K/home/mazen/course_ws/src/rplidar_ros2/src/node.cpp:45[m[K:
[6.867s] [01m[K/home/mazen/course_ws/src/rplidar_ros2/./sdk/include/rplidar_cmd.h:260:18:[m[K [01;35m[Kwarning: [m[KISO C++ forbids zero-size array ‘[01m[Kpayload[m[K’ [[01;35m[K-Wpedantic[m[K]
[6.868s]   260 |     _u8  payload[[01;35m[K0[m[K];
[6.869s]       |                  [01;35m[K^[m[K
[6.927s] [01m[K/home/mazen/course_ws/src/rplidar_ros2/src/node.cpp:[m[K In function ‘[01m[Kbool stop_motor(std::shared_ptr<std_srvs::srv::Empty_Request_<std::allocator<void> > >, std::shared_ptr<std_srvs::srv::Empty_Response_<std::allocator<void> > >)[m[K’:
[6.927s] [01m[K/home/mazen/course_ws/src/rplidar_ros2/src/node.cpp:166:70:[m[K [01;35m[Kwarning: [m[Kunused parameter ‘[01m[Kreq[m[K’ [[01;35m[K-Wunused-parameter[m[K]
[6.928s]   166 | bool stop_motor([01;35m[Kconst std::shared_ptr<std_srvs::srv::Empty::Request> req[m[K,
[6.928s]       |                 [01;35m[K~~~~~~~~~~~~~~~~~~~~~~~~~~~~~~~~~~~~~~~~~~~~~~~~~~~~~^~~[m[K
[6.928s] [01m[K/home/mazen/course_ws/src/rplidar_ros2/src/node.cpp:167:65:[m[K [01;35m[Kwarning: [m[Kunused parameter ‘[01m[Kres[m[K’ [[01;35m[K-Wunused-parameter[m[K]
[6.928s]   167 |                 [01;35m[Kstd::shared_ptr<std_srvs::srv::Empty::Response> res[m[K)
[6.928s]       |                 [01;35m[K~~~~~~~~~~~~~~~~~~~~~~~~~~~~~~~~~~~~~~~~~~~~~~~~^~~[m[K
[6.928s] [01m[K/home/mazen/course_ws/src/rplidar_ros2/src/node.cpp:[m[K In function ‘[01m[Kbool start_motor(std::shared_ptr<std_srvs::srv::Empty_Request_<std::allocator<void> > >, std::shared_ptr<std_srvs::srv::Empty_Response_<std::allocator<void> > >)[m[K’:
[6.928s] [01m[K/home/mazen/course_ws/src/rplidar_ros2/src/node.cpp:178:71:[m[K [01;35m[Kwarning: [m[Kunused parameter ‘[01m[Kreq[m[K’ [[01;35m[K-Wunused-parameter[m[K]
[6.929s]   178 | bool start_motor([01;35m[Kconst std::shared_ptr<std_srvs::srv::Empty::Request> req[m[K,
[6.929s]       |                  [01;35m[K~~~~~~~~~~~~~~~~~~~~~~~~~~~~~~~~~~~~~~~~~~~~~~~~~~~~~^~~[m[K
[6.929s] [01m[K/home/mazen/course_ws/src/rplidar_ros2/src/node.cpp:179:66:[m[K [01;35m[Kwarning: [m[Kunused parameter ‘[01m[Kres[m[K’ [[01;35m[K-Wunused-parameter[m[K]
[6.929s]   179 |                  [01;35m[Kstd::shared_ptr<std_srvs::srv::Empty::Response> res[m[K)
[6.929s]       |                  [01;35m[K~~~~~~~~~~~~~~~~~~~~~~~~~~~~~~~~~~~~~~~~~~~~~~~~^~~[m[K
[6.964s] [01m[K/home/mazen/course_ws/src/rplidar_ros2/src/node.cpp:[m[K In function ‘[01m[Kint main(int, char**)[m[K’:
[6.964s] [01m[K/home/mazen/course_ws/src/rplidar_ros2/src/node.cpp:356:60:[m[K [01;35m[Kwarning: [m[KISO C++ forbids variable length array ‘[01m[Kangle_compensate_nodes[m[K’ [[01;35m[K-Wvla[m[K]
[6.964s]   356 |                     rplidar_response_measurement_node_hq_t [01;35m[Kangle_compensate_nodes[m[K[angle_compensate_nodes_count];
[6.964s]       |                                                            [01;35m[K^~~~~~~~~~~~~~~~~~~~~~[m[K
[6.965s] [01m[K/home/mazen/course_ws/src/rplidar_ros2/src/node.cpp:360:30:[m[K [01;35m[Kwarning: [m[Kcomparison of integer expressions of different signedness: ‘[01m[Kint[m[K’ and ‘[01m[Ksize_t[m[K’ {aka ‘[01m[Klong unsigned int[m[K’} [[01;35m[K-Wsign-compare[m[K]
[6.965s]   360 |                     for( ; [01;35m[Ki < count[m[K; i++ ) {
[6.965s]       |                            [01;35m[K~~^~~~~~~[m[K
[7.003s] In file included from [01m[K/home/mazen/course_ws/src/rplidar_ros2/./sdk/include/rplidar.h:39[m[K,
[7.004s]                  from [01m[K/home/mazen/course_ws/src/rplidar_ros2/include/rplidar_node.hpp:41[m[K,
[7.004s]                  from [01m[K/home/mazen/course_ws/src/rplidar_ros2/src/rplidar_node.cpp:36[m[K:
[7.004s] [01m[K/home/mazen/course_ws/src/rplidar_ros2/./sdk/include/rplidar_protocol.h:59:14:[m[K [01;35m[Kwarning: [m[KISO C++ forbids zero-size array ‘[01m[Kdata[m[K’ [[01;35m[K-Wpedantic[m[K]
[7.004s]    59 |     _u8 data[[01;35m[K0[m[K];
[7.004s]       |              [01;35m[K^[m[K
[7.004s] In file included from [01m[K/home/mazen/course_ws/src/rplidar_ros2/./sdk/include/rplidar.h:40[m[K,
[7.004s]                  from [01m[K/home/mazen/course_ws/src/rplidar_ros2/include/rplidar_node.hpp:41[m[K,
[7.004s]                  from [01m[K/home/mazen/course_ws/src/rplidar_ros2/src/rplidar_node.cpp:36[m[K:
[7.004s] [01m[K/home/mazen/course_ws/src/rplidar_ros2/./sdk/include/rplidar_cmd.h:260:18:[m[K [01;35m[Kwarning: [m[KISO C++ forbids zero-size array ‘[01m[Kpayload[m[K’ [[01;35m[K-Wpedantic[m[K]
[7.005s]   260 |     _u8  payload[[01;35m[K0[m[K];
[7.005s]       |                  [01;35m[K^[m[K
[7.116s] [01m[K/home/mazen/course_ws/src/rplidar_ros2/src/rplidar_node.cpp:[m[K In member function ‘[01m[Kvoid rplidar_ros::rplidar_node::stop_motor({anonymous}::EmptyRequest, {anonymous}::EmptyResponse)[m[K’:
[7.116s] [01m[K/home/mazen/course_ws/src/rplidar_ros2/src/rplidar_node.cpp:245:50:[m[K [01;35m[Kwarning: [m[Kunused parameter ‘[01m[Kreq[m[K’ [[01;35m[K-Wunused-parameter[m[K]
[7.116s]   245 | void rplidar_node::stop_motor([01;35m[Kconst EmptyRequest req[m[K, EmptyResponse res)
[7.116s]       |                               [01;35m[K~~~~~~~~~~~~~~~~~~~^~~[m[K
[7.116s] [01m[K/home/mazen/course_ws/src/rplidar_ros2/src/rplidar_node.cpp:245:69:[m[K [01;35m[Kwarning: [m[Kunused parameter ‘[01m[Kres[m[K’ [[01;35m[K-Wunused-parameter[m[K]
[7.116s]   245 | void rplidar_node::stop_motor(const EmptyRequest req, [01;35m[KEmptyResponse res[m[K)
[7.117s]       |                                                       [01;35m[K~~~~~~~~~~~~~~^~~[m[K
[7.117s] [01m[K/home/mazen/course_ws/src/rplidar_ros2/src/rplidar_node.cpp:[m[K In member function ‘[01m[Kvoid rplidar_ros::rplidar_node::start_motor({anonymous}::EmptyRequest, {anonymous}::EmptyResponse)[m[K’:
[7.117s] [01m[K/home/mazen/course_ws/src/rplidar_ros2/src/rplidar_node.cpp:256:51:[m[K [01;35m[Kwarning: [m[Kunused parameter ‘[01m[Kreq[m[K’ [[01;35m[K-Wunused-parameter[m[K]
[7.117s]   256 | void rplidar_node::start_motor([01;35m[Kconst EmptyRequest req[m[K, EmptyResponse res)
[7.117s]       |                                [01;35m[K~~~~~~~~~~~~~~~~~~~^~~[m[K
[7.117s] [01m[K/home/mazen/course_ws/src/rplidar_ros2/src/rplidar_node.cpp:256:70:[m[K [01;35m[Kwarning: [m[Kunused parameter ‘[01m[Kres[m[K’ [[01;35m[K-Wunused-parameter[m[K]
[7.117s]   256 | void rplidar_node::start_motor(const EmptyRequest req, [01;35m[KEmptyResponse res[m[K)
[7.117s]       |                                                        [01;35m[K~~~~~~~~~~~~~~^~~[m[K
[7.126s] [01m[K/home/mazen/course_ws/src/rplidar_ros2/src/rplidar_node.cpp:[m[K In member function ‘[01m[Kvoid rplidar_ros::rplidar_node::publish_loop()[m[K’:
[7.126s] [01m[K/home/mazen/course_ws/src/rplidar_ros2/src/rplidar_node.cpp:343:46:[m[K [01;35m[Kwarning: [m[KISO C++ forbids variable length array ‘[01m[Kangle_compensate_nodes[m[K’ [[01;35m[K-Wvla[m[K]
[7.126s]   343 |       rplidar_response_measurement_node_hq_t [01;35m[Kangle_compensate_nodes[m[K[angle_compensate_nodes_count];
[7.127s]       |                                              [01;35m[K^~~~~~~~~~~~~~~~~~~~~~[m[K
[7.127s] [01m[K/home/mazen/course_ws/src/rplidar_ros2/src/rplidar_node.cpp:353:25:[m[K [01;35m[Kwarning: [m[Kcomparison of integer expressions of different signedness: ‘[01m[Ksize_t[m[K’ {aka ‘[01m[Klong unsigned int[m[K’} and ‘[01m[Kint[m[K’ [[01;35m[K-Wsign-compare[m[K]
[7.127s]   353 |           for (j = 0; [01;35m[Kj < m_angle_compensate_multiple[m[K; j++) {
[7.127s]       |                       [01;35m[K~~^~~~~~~~~~~~~~~~~~~~~~~~~~~~~[m[K
[7.128s] [01m[K/home/mazen/course_ws/src/rplidar_ros2/src/rplidar_node.cpp:374:44:[m[K [01;35m[Kwarning: [m[Kcomparison of integer expressions of different signedness: ‘[01m[Ksize_t[m[K’ {aka ‘[01m[Klong unsigned int[m[K’} and ‘[01m[Kint[m[K’ [[01;35m[K-Wsign-compare[m[K]
[7.128s]   374 |       for (size_t x = start_node, y = 0; [01;35m[Kx < end_node[m[K; ++x, ++y) {
[7.128s]       |                                          [01;35m[K~~^~~~~~~~~~[m[K
[7.128s] [01m[K/home/mazen/course_ws/src/rplidar_ros2/src/rplidar_node.cpp:381:11:[m[K [01;35m[Kwarning: [m[Kunused variable ‘[01m[Kangle_min[m[K’ [[01;35m[K-Wunused-variable[m[K]
[7.128s]   381 |     float [01;35m[Kangle_min[m[K = deg_2_rad(0.0f);
[7.128s]       |           [01;35m[K^~~~~~~~~[m[K
[7.129s] [01m[K/home/mazen/course_ws/src/rplidar_ros2/src/rplidar_node.cpp:382:11:[m[K [01;35m[Kwarning: [m[Kunused variable ‘[01m[Kangle_max[m[K’ [[01;35m[K-Wunused-variable[m[K]
[7.129s]   382 |     float [01;35m[Kangle_max[m[K = deg_2_rad(359.0f);
[7.129s]       |           [01;35m[K^~~~~~~~~[m[K
[9.281s] [ 77%] [32m[1mLinking CXX executable rplidarNode[0m
[10.080s] [ 83%] [32m[1mLinking CXX shared library librplidar_composition_node.so[0m
[10.471s] [ 83%] Built target rplidar_composition_node
[10.502s] [35m[1mScanning dependencies of target rplidar_composition[0m
[10.917s] [ 83%] Built target rplidarNode
[10.948s] [ 88%] [32mBuilding CXX object CMakeFiles/rplidar_composition.dir/src/standalone_rplidar.cpp.o[0m
[11.044s] In file included from [01m[K/home/mazen/course_ws/src/rplidar_ros2/src/standalone_rplidar.cpp:16[m[K:
[11.044s] [01m[K/home/mazen/course_ws/src/rplidar_ros2/include/rplidar_node.hpp:50:[m[K [01;35m[Kwarning: [m[K"M_PI" redefined
[11.044s]    50 | #define M_PI 3.1415926535897932384626433832795
[11.044s]       | 
[11.044s] In file included from [01m[K/usr/include/c++/9/cmath:45[m[K,
[11.044s]                  from [01m[K/opt/ros/foxy/include/libstatistics_collector/moving_average_statistics/types.hpp:18[m[K,
[11.044s]                  from [01m[K/opt/ros/foxy/include/libstatistics_collector/collector/generate_statistics_message.hpp:24[m[K,
[11.044s]                  from [01m[K/opt/ros/foxy/include/rclcpp/topic_statistics/subscription_topic_statistics.hpp:23[m[K,
[11.044s]                  from [01m[K/opt/ros/foxy/include/rclcpp/subscription.hpp:50[m[K,
[11.044s]                  from [01m[K/opt/ros/foxy/include/rclcpp/any_executable.hpp:25[m[K,
[11.044s]                  from [01m[K/opt/ros/foxy/include/rclcpp/memory_strategy.hpp:24[m[K,
[11.044s]                  from [01m[K/opt/ros/foxy/include/rclcpp/memory_strategies.hpp:18[m[K,
[11.044s]                  from [01m[K/opt/ros/foxy/include/rclcpp/executor_options.hpp:20[m[K,
[11.044s]                  from [01m[K/opt/ros/foxy/include/rclcpp/executor.hpp:33[m[K,
[11.044s]                  from [01m[K/opt/ros/foxy/include/rclcpp/executors/multi_threaded_executor.hpp:26[m[K,
[11.044s]                  from [01m[K/opt/ros/foxy/include/rclcpp/executors.hpp:21[m[K,
[11.044s]                  from [01m[K/opt/ros/foxy/include/rclcpp/rclcpp.hpp:146[m[K,
[11.045s]                  from [01m[K/home/mazen/course_ws/src/rplidar_ros2/include/rplidar_node.hpp:34[m[K,
[11.045s]                  from [01m[K/home/mazen/course_ws/src/rplidar_ros2/src/standalone_rplidar.cpp:16[m[K:
[11.045s] [01m[K/usr/include/math.h:1070:[m[K [01;36m[Knote: [m[Kthis is the location of the previous definition
[11.045s]  1070 | # define M_PI  3.14159265358979323846 /* pi */
[11.045s]       | 
[11.182s] [ 94%] [32m[1mLinking CXX executable rplidarNodeClient[0m
[11.670s] [ 94%] Built target rplidarNodeClient
[12.187s] In file included from [01m[K/home/mazen/course_ws/src/rplidar_ros2/./sdk/include/rplidar.h:39[m[K,
[12.187s]                  from [01m[K/home/mazen/course_ws/src/rplidar_ros2/include/rplidar_node.hpp:41[m[K,
[12.187s]                  from [01m[K/home/mazen/course_ws/src/rplidar_ros2/src/standalone_rplidar.cpp:16[m[K:
[12.187s] [01m[K/home/mazen/course_ws/src/rplidar_ros2/./sdk/include/rplidar_protocol.h:59:14:[m[K [01;35m[Kwarning: [m[KISO C++ forbids zero-size array ‘[01m[Kdata[m[K’ [[01;35m[K-Wpedantic[m[K]
[12.187s]    59 |     _u8 data[[01;35m[K0[m[K];
[12.187s]       |              [01;35m[K^[m[K
[12.187s] In file included from [01m[K/home/mazen/course_ws/src/rplidar_ros2/./sdk/include/rplidar.h:40[m[K,
[12.187s]                  from [01m[K/home/mazen/course_ws/src/rplidar_ros2/include/rplidar_node.hpp:41[m[K,
[12.188s]                  from [01m[K/home/mazen/course_ws/src/rplidar_ros2/src/standalone_rplidar.cpp:16[m[K:
[12.188s] [01m[K/home/mazen/course_ws/src/rplidar_ros2/./sdk/include/rplidar_cmd.h:260:18:[m[K [01;35m[Kwarning: [m[KISO C++ forbids zero-size array ‘[01m[Kpayload[m[K’ [[01;35m[K-Wpedantic[m[K]
[12.188s]   260 |     _u8  payload[[01;35m[K0[m[K];
[12.188s]       |                  [01;35m[K^[m[K
[12.525s] In file included from [01m[K/home/mazen/course_ws/src/rplidar_ros2/src/standalone_rplidar.cpp:16[m[K:
[12.525s] [01m[K/home/mazen/course_ws/src/rplidar_ros2/include/rplidar_node.hpp:76:14:[m[K [01;35m[Kwarning: [m[K‘[01m[Kfloat rplidar_ros::getAngle(const rplidar_response_measurement_node_hq_t&)[m[K’ defined but not used [[01;35m[K-Wunused-function[m[K]
[12.525s]    76 | static float [01;35m[KgetAngle[m[K(const rplidar_response_measurement_node_hq_t& node)
[12.525s]       |              [01;35m[K^~~~~~~~[m[K
[12.824s] [100%] [32m[1mLinking CXX executable rplidar_composition[0m
[13.161s] [100%] Built target rplidar_composition
[13.202s] Invoked command in '/home/mazen/course_ws/src/build/rplidar_ros' returned '0': CMAKE_PREFIX_PATH=${CMAKE_PREFIX_PATH}:/opt/ros/foxy /usr/bin/cmake --build /home/mazen/course_ws/src/build/rplidar_ros -- -j8 -l8
[13.248s] Invoking command in '/home/mazen/course_ws/src/build/rplidar_ros': CMAKE_PREFIX_PATH=${CMAKE_PREFIX_PATH}:/opt/ros/foxy /usr/bin/cmake --install /home/mazen/course_ws/src/build/rplidar_ros
[13.261s] -- Install configuration: ""
[13.262s] -- Execute custom install script
[13.262s] -- Symlinking: /home/mazen/course_ws/src/install/rplidar_ros/lib/rplidar_ros/rplidarNode
[13.274s] -- Symlinking: /home/mazen/course_ws/src/install/rplidar_ros/lib/rplidar_ros/rplidarNodeClient
[13.286s] -- Symlinking: /home/mazen/course_ws/src/install/rplidar_ros/lib/rplidar_ros/rplidar_composition
[13.298s] -- Symlinking: /home/mazen/course_ws/src/install/rplidar_ros/share/rplidar_ros/launch/rplidar.launch.py
[13.310s] -- Symlinking: /home/mazen/course_ws/src/install/rplidar_ros/share/rplidar_ros/launch/rplidar_a3.launch.py
[13.322s] -- Symlinking: /home/mazen/course_ws/src/install/rplidar_ros/share/rplidar_ros/launch/rplidar_s1.launch.py
[13.334s] -- Symlinking: /home/mazen/course_ws/src/install/rplidar_ros/share/rplidar_ros/launch/rplidar_s1_tcp.launch.py
[13.345s] -- Symlinking: /home/mazen/course_ws/src/install/rplidar_ros/share/rplidar_ros/launch/test_rplidar.launch.py
[13.354s] -- Symlinking: /home/mazen/course_ws/src/install/rplidar_ros/share/rplidar_ros/launch/test_rplidar_a3.launch.py
[13.362s] -- Symlinking: /home/mazen/course_ws/src/install/rplidar_ros/share/rplidar_ros/launch/view_rplidar.launch.py
[13.371s] -- Symlinking: /home/mazen/course_ws/src/install/rplidar_ros/share/rplidar_ros/launch/view_rplidar_a3.launch.py
[13.380s] -- Symlinking: /home/mazen/course_ws/src/install/rplidar_ros/share/rplidar_ros/launch/view_rplidar_s1.launch.py
[13.389s] -- Symlinking: /home/mazen/course_ws/src/install/rplidar_ros/share/rplidar_ros/launch/view_rplidar_s1_tcp.launch.py
[13.398s] -- Symlinking: /home/mazen/course_ws/src/install/rplidar_ros/share/rplidar_ros/rviz/rplidar.rviz
[13.407s] -- Symlinking: /home/mazen/course_ws/src/install/rplidar_ros/lib/librplidar_composition_node.so
[13.415s] -- Symlinking: /home/mazen/course_ws/src/install/rplidar_ros/include/rplidar_node.hpp
[13.424s] -- Symlinking: /home/mazen/course_ws/src/install/rplidar_ros/include/visibility.h
[13.433s] -- Up-to-date symlink: /home/mazen/course_ws/src/install/rplidar_ros/lib/rplidar_ros/rplidarNode
[13.433s] -- Up-to-date symlink: /home/mazen/course_ws/src/install/rplidar_ros/lib/rplidar_ros/rplidarNodeClient
[13.433s] -- Up-to-date symlink: /home/mazen/course_ws/src/install/rplidar_ros/lib/rplidar_ros/rplidar_composition
[13.433s] -- Symlinking: /home/mazen/course_ws/src/install/rplidar_ros/share/ament_index/resource_index/package_run_dependencies/rplidar_ros
[13.442s] -- Symlinking: /home/mazen/course_ws/src/install/rplidar_ros/share/ament_index/resource_index/parent_prefix_path/rplidar_ros
[13.450s] -- Symlinking: /home/mazen/course_ws/src/install/rplidar_ros/share/rplidar_ros/environment/ament_prefix_path.sh
[13.458s] -- Symlinking: /home/mazen/course_ws/src/install/rplidar_ros/share/rplidar_ros/environment/ament_prefix_path.dsv
[13.465s] -- Symlinking: /home/mazen/course_ws/src/install/rplidar_ros/share/rplidar_ros/environment/path.sh
[13.473s] -- Symlinking: /home/mazen/course_ws/src/install/rplidar_ros/share/rplidar_ros/environment/path.dsv
[13.481s] -- Symlinking: /home/mazen/course_ws/src/install/rplidar_ros/share/rplidar_ros/local_setup.bash
[13.489s] -- Symlinking: /home/mazen/course_ws/src/install/rplidar_ros/share/rplidar_ros/local_setup.sh
[13.497s] -- Symlinking: /home/mazen/course_ws/src/install/rplidar_ros/share/rplidar_ros/local_setup.zsh
[13.505s] -- Symlinking: /home/mazen/course_ws/src/install/rplidar_ros/share/rplidar_ros/local_setup.dsv
[13.513s] -- Symlinking: /home/mazen/course_ws/src/install/rplidar_ros/share/rplidar_ros/package.dsv
[13.521s] -- Symlinking: /home/mazen/course_ws/src/install/rplidar_ros/share/ament_index/resource_index/packages/rplidar_ros
[13.529s] -- Symlinking: /home/mazen/course_ws/src/install/rplidar_ros/share/rplidar_ros/cmake/ament_cmake_export_dependencies-extras.cmake
[13.543s] -- Symlinking: /home/mazen/course_ws/src/install/rplidar_ros/share/rplidar_ros/cmake/ament_cmake_export_include_directories-extras.cmake
[13.552s] -- Symlinking: /home/mazen/course_ws/src/install/rplidar_ros/share/rplidar_ros/cmake/rplidar_rosConfig.cmake
[13.560s] -- Symlinking: /home/mazen/course_ws/src/install/rplidar_ros/share/rplidar_ros/cmake/rplidar_rosConfig-version.cmake
[13.568s] -- Symlinking: /home/mazen/course_ws/src/install/rplidar_ros/share/rplidar_ros/package.xml
[13.579s] Invoked command in '/home/mazen/course_ws/src/build/rplidar_ros' returned '0': CMAKE_PREFIX_PATH=${CMAKE_PREFIX_PATH}:/opt/ros/foxy /usr/bin/cmake --install /home/mazen/course_ws/src/build/rplidar_ros
